<?xml version="1.0" encoding="UTF-8"?>
<testsuite xmlns:xsi="http://www.w3.org/2001/XMLSchema-instance" xsi:noNamespaceSchemaLocation="https://maven.apache.org/surefire/maven-surefire-plugin/xsd/surefire-test-report-3.0.xsd" version="3.0" name="ClubCard.backend.t1debut_project.T1debutProjectApplicationTests" time="9.023" tests="1" errors="0" skipped="0" failures="0">
  <properties>
[...]
</properties>
  <testcase name="contextLoads" classname="ClubCard.backend.t1debut_project.T1debutProjectApplicationTests" time="0.714">
    <system-out><![CDATA[23:52:06.619 [main] INFO org.springframework.test.context.support.AnnotationConfigContextLoaderUtils -- Could not detect default configuration classes for test class [ClubCard.backend.t1debut_project.T1debutProjectApplicationTests]: T1debutProjectApplicationTests does not declare any static, non-private, non-final, nested classes annotated with @Configuration.
23:52:06.734 [main] INFO org.springframework.boot.test.context.SpringBootTestContextBootstrapper -- Found @SpringBootConfiguration ClubCard.backend.t1debut_project.T1debutProjectApplication for test class ClubCard.backend.t1debut_project.T1debutProjectApplicationTests
23:52:06.976 [main] INFO org.springframework.boot.devtools.restart.RestartApplicationListener -- Restart disabled due to context in which it is running

  .   ____          _            __ _ _
 /\\ / ___'_ __ _ _(_)_ __  __ _ \ \ \ \
( ( )\___ | '_ | '_| | '_ \/ _` | \ \ \ \
 \\/  ___)| |_)| | | | | || (_| |  ) ) ) )
  '  |____| .__|_| |_|_| |_\__, | / / / /
 =========|_|==============|___/=/_/_/_/

 :: Spring Boot ::                (v3.3.5)

2024-10-30T23:52:07.397+03:00  INFO 3048 --- [t1debut_project] [           main] C.b.t.T1debutProjectApplicationTests     : Starting T1debutProjectApplicationTests using Java 17.0.9 with PID 3048 (started by Admin in D:\Новая папка (6)\t1debut_project)
2024-10-30T23:52:07.399+03:00  INFO 3048 --- [t1debut_project] [           main] C.b.t.T1debutProjectApplicationTests     : No active profile set, falling back to 1 default profile: "default"
2024-10-30T23:52:07.401+03:00 DEBUG 3048 --- [t1debut_project] [           main] o.s.boot.SpringApplication               : Loading source class ClubCard.backend.t1debut_project.T1debutProjectApplication
2024-10-30T23:52:07.515+03:00 DEBUG 3048 --- [t1debut_project] [           main] o.s.w.c.s.GenericWebApplicationContext   : Refreshing org.springframework.web.context.support.GenericWebApplicationContext@315ba14a
2024-10-30T23:52:07.549+03:00 DEBUG 3048 --- [t1debut_project] [           main] o.s.b.f.s.DefaultListableBeanFactory     : Creating shared instance of singleton bean 'org.springframework.context.annotation.internalConfigurationAnnotationProcessor'
2024-10-30T23:52:07.574+03:00 DEBUG 3048 --- [t1debut_project] [           main] o.s.b.f.s.DefaultListableBeanFactory     : Creating shared instance of singleton bean 'org.springframework.boot.autoconfigure.internalCachingMetadataReaderFactory'
2024-10-30T23:52:07.670+03:00 DEBUG 3048 --- [t1debut_project] [           main] o.s.c.a.ClassPathBeanDefinitionScanner   : Identified candidate component class: file [D:\Новая папка (6)\t1debut_project\target\classes\ClubCard\backend\t1debut_project\controllers\AdminController.class]
2024-10-30T23:52:07.689+03:00 DEBUG 3048 --- [t1debut_project] [           main] o.s.c.a.ClassPathBeanDefinitionScanner   : Identified candidate component class: file [D:\Новая папка (6)\t1debut_project\target\classes\ClubCard\backend\t1debut_project\controllers\AuthenticationController.class]
2024-10-30T23:52:07.691+03:00 DEBUG 3048 --- [t1debut_project] [           main] o.s.c.a.ClassPathBeanDefinitionScanner   : Identified candidate component class: file [D:\Новая папка (6)\t1debut_project\target\classes\ClubCard\backend\t1debut_project\controllers\ProfileController.class]
2024-10-30T23:52:07.707+03:00 DEBUG 3048 --- [t1debut_project] [           main] o.s.c.a.ClassPathBeanDefinitionScanner   : Identified candidate component class: file [D:\Новая папка (6)\t1debut_project\target\classes\ClubCard\backend\t1debut_project\controllers\SetupController.class]
2024-10-30T23:52:07.724+03:00 DEBUG 3048 --- [t1debut_project] [           main] o.s.c.a.ClassPathBeanDefinitionScanner   : Identified candidate component class: file [D:\Новая папка (6)\t1debut_project\target\classes\ClubCard\backend\t1debut_project\controllers\UserController.class]
2024-10-30T23:52:07.740+03:00 DEBUG 3048 --- [t1debut_project] [           main] o.s.c.a.ClassPathBeanDefinitionScanner   : Identified candidate component class: file [D:\Новая папка (6)\t1debut_project\target\classes\ClubCard\backend\t1debut_project\controllers\VirtualCardController.class]
2024-10-30T23:52:07.838+03:00 DEBUG 3048 --- [t1debut_project] [           main] o.s.c.a.ClassPathBeanDefinitionScanner   : Identified candidate component class: file [D:\Новая папка (6)\t1debut_project\target\classes\ClubCard\backend\t1debut_project\security\JwtAuthenticationFilter.class]
2024-10-30T23:52:07.852+03:00 DEBUG 3048 --- [t1debut_project] [           main] o.s.c.a.ClassPathBeanDefinitionScanner   : Identified candidate component class: file [D:\Новая папка (6)\t1debut_project\target\classes\ClubCard\backend\t1debut_project\security\JwtTokenProvider.class]
2024-10-30T23:52:07.867+03:00 DEBUG 3048 --- [t1debut_project] [           main] o.s.c.a.ClassPathBeanDefinitionScanner   : Identified candidate component class: file [D:\Новая папка (6)\t1debut_project\target\classes\ClubCard\backend\t1debut_project\security\SecurityConfig.class]
2024-10-30T23:52:07.890+03:00 DEBUG 3048 --- [t1debut_project] [           main] o.s.c.a.ClassPathBeanDefinitionScanner   : Identified candidate component class: file [D:\Новая папка (6)\t1debut_project\target\classes\ClubCard\backend\t1debut_project\utils\UserDetailsServiceImpl.class]
2024-10-30T23:52:07.901+03:00 DEBUG 3048 --- [t1debut_project] [           main] o.s.c.a.ClassPathBeanDefinitionScanner   : Identified candidate component class: file [D:\Новая папка (6)\t1debut_project\target\classes\ClubCard\backend\t1debut_project\utils\UserService.class]
2024-10-30T23:52:07.912+03:00 DEBUG 3048 --- [t1debut_project] [           main] o.s.c.a.ClassPathBeanDefinitionScanner   : Identified candidate component class: file [D:\Новая папка (6)\t1debut_project\target\classes\ClubCard\backend\t1debut_project\utils\VirtualCardService.class]
2024-10-30T23:52:08.840+03:00  INFO 3048 --- [t1debut_project] [           main] .s.d.r.c.RepositoryConfigurationDelegate : Bootstrapping Spring Data JPA repositories in DEFAULT mode.
2024-10-30T23:52:08.850+03:00 DEBUG 3048 --- [t1debut_project] [           main] o.s.b.f.s.DefaultListableBeanFactory     : Creating shared instance of singleton bean 'org.springframework.boot.autoconfigure.AutoConfigurationPackages'
2024-10-30T23:52:08.861+03:00 DEBUG 3048 --- [t1debut_project] [           main] o.s.b.a.AutoConfigurationPackages        : @EnableAutoConfiguration was declared on a class in the package 'ClubCard.backend.t1debut_project'. Automatic @Repository and @Entity scanning is enabled.
2024-10-30T23:52:08.862+03:00 DEBUG 3048 --- [t1debut_project] [           main] .s.d.r.c.RepositoryConfigurationDelegate : Scanning for JPA repositories in packages ClubCard.backend.t1debut_project.
2024-10-30T23:52:08.878+03:00 DEBUG 3048 --- [t1debut_project] [           main] o.s.d.r.c.RepositoryComponentProvider    : Identified candidate component class: file [D:\Новая папка (6)\t1debut_project\target\classes\ClubCard\backend\t1debut_project\utils\AdminAuditLogRepository.class]
2024-10-30T23:52:08.878+03:00 DEBUG 3048 --- [t1debut_project] [           main] o.s.d.r.c.RepositoryComponentProvider    : Identified candidate component class: file [D:\Новая папка (6)\t1debut_project\target\classes\ClubCard\backend\t1debut_project\utils\BlacklistTokenRepository.class]
2024-10-30T23:52:08.879+03:00 DEBUG 3048 --- [t1debut_project] [           main] o.s.d.r.c.RepositoryComponentProvider    : Identified candidate component class: file [D:\Новая папка (6)\t1debut_project\target\classes\ClubCard\backend\t1debut_project\utils\UserRepository.class]
2024-10-30T23:52:08.908+03:00 DEBUG 3048 --- [t1debut_project] [           main] ssPathScanningCandidateComponentProvider : Identified candidate component class: file [D:\Новая папка (6)\t1debut_project\target\classes\ClubCard\backend\t1debut_project\utils\UserDetailsServiceImpl.class]
2024-10-30T23:52:08.922+03:00  INFO 3048 --- [t1debut_project] [           main] .s.d.r.c.RepositoryConfigurationDelegate : Finished Spring Data repository scanning in 57 ms. Found 3 JPA repository interfaces.
2024-10-30T23:52:09.077+03:00 DEBUG 3048 --- [t1debut_project] [           main] o.s.b.f.s.DefaultListableBeanFactory     : Creating shared instance of singleton bean 'springSecurityHandlerMappingIntrospectorBeanDefinitionRegistryPostProcessor'
2024-10-30T23:52:09.215+03:00 DEBUG 3048 --- [t1debut_project] [           main] o.s.b.f.s.DefaultListableBeanFactory     : Creating shared instance of singleton bean 'propertySourcesPlaceholderConfigurer'
2024-10-30T23:52:09.220+03:00 DEBUG 3048 --- [t1debut_project] [           main] o.s.b.f.s.DefaultListableBeanFactory     : Creating shared instance of singleton bean 'org.springframework.boot.test.mock.mockito.MockitoPostProcessor'
2024-10-30T23:52:09.222+03:00 DEBUG 3048 --- [t1debut_project] [           main] o.s.b.f.s.DefaultListableBeanFactory     : Creating shared instance of singleton bean 'emBeanDefinitionRegistrarPostProcessor'
2024-10-30T23:52:09.223+03:00 DEBUG 3048 --- [t1debut_project] [           main] o.s.b.f.s.DefaultListableBeanFactory     : Creating shared instance of singleton bean 'org.springframework.boot.sql.init.dependency.DatabaseInitializationDependencyConfigurer$DependsOnDatabaseInitializationPostProcessor'
2024-10-30T23:52:09.320+03:00 DEBUG 3048 --- [t1debut_project] [           main] o.s.b.f.s.DefaultListableBeanFactory     : Creating shared instance of singleton bean 'org.springframework.context.event.internalEventListenerProcessor'
2024-10-30T23:52:09.323+03:00 DEBUG 3048 --- [t1debut_project] [           main] o.s.b.f.s.DefaultListableBeanFactory     : Creating shared instance of singleton bean 'conversionServicePostProcessor'
2024-10-30T23:52:09.332+03:00 DEBUG 3048 --- [t1debut_project] [           main] o.s.b.f.s.DefaultListableBeanFactory     : Creating shared instance of singleton bean 'preserveErrorControllerTargetClassPostProcessor'
2024-10-30T23:52:09.333+03:00 DEBUG 3048 --- [t1debut_project] [           main] o.s.b.f.s.DefaultListableBeanFactory     : Creating shared instance of singleton bean 'org.springframework.context.event.internalEventListenerFactory'
2024-10-30T23:52:09.333+03:00 DEBUG 3048 --- [t1debut_project] [           main] o.s.b.f.s.DefaultListableBeanFactory     : Creating shared instance of singleton bean 'org.springframework.transaction.config.internalTransactionalEventListenerFactory'
2024-10-30T23:52:09.338+03:00 DEBUG 3048 --- [t1debut_project] [           main] o.s.b.f.s.DefaultListableBeanFactory     : Creating shared instance of singleton bean 'org.springframework.boot.test.mock.mockito.MockitoPostProcessor$SpyPostProcessor'
2024-10-30T23:52:09.339+03:00 DEBUG 3048 --- [t1debut_project] [           main] o.s.b.f.s.DefaultListableBeanFactory     : Creating shared instance of singleton bean 'org.springframework.context.annotation.internalAutowiredAnnotationProcessor'
2024-10-30T23:52:09.342+03:00 DEBUG 3048 --- [t1debut_project] [           main] o.s.b.f.s.DefaultListableBeanFactory     : Creating shared instance of singleton bean 'org.springframework.context.annotation.internalCommonAnnotationProcessor'
2024-10-30T23:52:09.347+03:00 DEBUG 3048 --- [t1debut_project] [           main] o.s.b.f.s.DefaultListableBeanFactory     : Creating shared instance of singleton bean 'org.springframework.context.annotation.internalPersistenceAnnotationProcessor'
2024-10-30T23:52:09.348+03:00 DEBUG 3048 --- [t1debut_project] [           main] o.s.b.f.s.DefaultListableBeanFactory     : Creating shared instance of singleton bean 'org.springframework.boot.context.properties.ConfigurationPropertiesBindingPostProcessor'
2024-10-30T23:52:09.349+03:00 DEBUG 3048 --- [t1debut_project] [           main] o.s.b.f.s.DefaultListableBeanFactory     : Creating shared instance of singleton bean 'org.springframework.boot.context.internalConfigurationPropertiesBinder'
2024-10-30T23:52:09.351+03:00 DEBUG 3048 --- [t1debut_project] [           main] o.s.b.f.s.DefaultListableBeanFactory     : Creating shared instance of singleton bean 'jdbcConnectionDetailsHikariBeanPostProcessor'
2024-10-30T23:52:09.354+03:00 DEBUG 3048 --- [t1debut_project] [           main] o.s.b.f.s.DefaultListableBeanFactory     : Creating shared instance of singleton bean 'org.springframework.aop.config.internalAutoProxyCreator'
2024-10-30T23:52:09.372+03:00 DEBUG 3048 --- [t1debut_project] [           main] o.s.b.f.s.DefaultListableBeanFactory     : Creating shared instance of singleton bean 'methodValidationPostProcessor'
2024-10-30T23:52:09.387+03:00 DEBUG 3048 --- [t1debut_project] [           main] o.s.b.f.s.DefaultListableBeanFactory     : Autowiring by type from bean name 'methodValidationPostProcessor' via factory method to bean named 'environment'
2024-10-30T23:52:09.389+03:00 DEBUG 3048 --- [t1debut_project] [           main] o.s.b.f.s.DefaultListableBeanFactory     : Creating shared instance of singleton bean 'org.springframework.boot.context.properties.EnableConfigurationPropertiesRegistrar.methodValidationExcludeFilter'
2024-10-30T23:52:09.404+03:00 DEBUG 3048 --- [t1debut_project] [           main] o.s.b.f.s.DefaultListableBeanFactory     : Creating shared instance of singleton bean 'persistenceExceptionTranslationPostProcessor'
2024-10-30T23:52:09.406+03:00 DEBUG 3048 --- [t1debut_project] [           main] o.s.b.f.s.DefaultListableBeanFactory     : Autowiring by type from bean name 'persistenceExceptionTranslationPostProcessor' via factory method to bean named 'environment'
2024-10-30T23:52:09.408+03:00 DEBUG 3048 --- [t1debut_project] [           main] o.s.b.f.s.DefaultListableBeanFactory     : Creating shared instance of singleton bean 'org.springframework.kafka.config.internalKafkaListenerAnnotationProcessor'
2024-10-30T23:52:09.417+03:00 DEBUG 3048 --- [t1debut_project] [           main] o.s.b.f.s.DefaultListableBeanFactory     : Creating shared instance of singleton bean 'webServerFactoryCustomizerBeanPostProcessor'
2024-10-30T23:52:09.418+03:00 DEBUG 3048 --- [t1debut_project] [           main] o.s.b.f.s.DefaultListableBeanFactory     : Creating shared instance of singleton bean 'errorPageRegistrarBeanPostProcessor'
2024-10-30T23:52:09.419+03:00 DEBUG 3048 --- [t1debut_project] [           main] o.s.b.f.s.DefaultListableBeanFactory     : Creating shared instance of singleton bean 'projectingArgumentResolverBeanPostProcessor'
2024-10-30T23:52:09.421+03:00 DEBUG 3048 --- [t1debut_project] [           main] o.s.b.f.s.DefaultListableBeanFactory     : Creating shared instance of singleton bean 'preFilterAuthorizationAdvisor'
2024-10-30T23:52:09.422+03:00 DEBUG 3048 --- [t1debut_project] [           main] o.s.b.f.s.DefaultListableBeanFactory     : Creating shared instance of singleton bean 'preFilterAuthorizationMethodInterceptor'
2024-10-30T23:52:09.442+03:00 DEBUG 3048 --- [t1debut_project] [           main] o.s.b.f.s.DefaultListableBeanFactory     : Creating shared instance of singleton bean 'preAuthorizeAuthorizationAdvisor'
2024-10-30T23:52:09.442+03:00 DEBUG 3048 --- [t1debut_project] [           main] o.s.b.f.s.DefaultListableBeanFactory     : Creating shared instance of singleton bean 'preAuthorizeAuthorizationMethodInterceptor'
2024-10-30T23:52:09.444+03:00 DEBUG 3048 --- [t1debut_project] [           main] o.s.b.f.s.DefaultListableBeanFactory     : Creating shared instance of singleton bean 'postFilterAuthorizationAdvisor'
2024-10-30T23:52:09.444+03:00 DEBUG 3048 --- [t1debut_project] [           main] o.s.b.f.s.DefaultListableBeanFactory     : Creating shared instance of singleton bean 'postFilterAuthorizationMethodInterceptor'
2024-10-30T23:52:09.445+03:00 DEBUG 3048 --- [t1debut_project] [           main] o.s.b.f.s.DefaultListableBeanFactory     : Creating shared instance of singleton bean 'postAuthorizeAuthorizationAdvisor'
2024-10-30T23:52:09.446+03:00 DEBUG 3048 --- [t1debut_project] [           main] o.s.b.f.s.DefaultListableBeanFactory     : Creating shared instance of singleton bean 'postAuthorizeAuthorizationMethodInterceptor'
2024-10-30T23:52:09.447+03:00 DEBUG 3048 --- [t1debut_project] [           main] o.s.b.f.s.DefaultListableBeanFactory     : Creating shared instance of singleton bean 'authorizeReturnObjectAdvisor'
2024-10-30T23:52:09.447+03:00 DEBUG 3048 --- [t1debut_project] [           main] o.s.b.f.s.DefaultListableBeanFactory     : Creating shared instance of singleton bean 'authorizeReturnObjectMethodInterceptor'
2024-10-30T23:52:09.448+03:00 DEBUG 3048 --- [t1debut_project] [           main] o.s.b.f.s.DefaultListableBeanFactory     : Creating shared instance of singleton bean 'authorizationProxyFactory'
2024-10-30T23:52:09.448+03:00 DEBUG 3048 --- [t1debut_project] [           main] o.s.b.f.s.DefaultListableBeanFactory     : Creating shared instance of singleton bean 'org.springframework.transaction.config.internalTransactionAdvisor'
2024-10-30T23:52:09.449+03:00 DEBUG 3048 --- [t1debut_project] [           main] o.s.b.f.s.DefaultListableBeanFactory     : Creating shared instance of singleton bean 'org.springframework.transaction.annotation.ProxyTransactionManagementConfiguration'
2024-10-30T23:52:09.463+03:00 DEBUG 3048 --- [t1debut_project] [           main] o.s.b.f.s.DefaultListableBeanFactory     : Creating shared instance of singleton bean 'transactionAttributeSource'
2024-10-30T23:52:09.466+03:00 DEBUG 3048 --- [t1debut_project] [           main] o.s.b.f.s.DefaultListableBeanFactory     : Creating shared instance of singleton bean 'transactionInterceptor'
2024-10-30T23:52:09.467+03:00 DEBUG 3048 --- [t1debut_project] [           main] o.s.b.f.s.DefaultListableBeanFactory     : Autowiring by type from bean name 'transactionInterceptor' via factory method to bean named 'transactionAttributeSource'
2024-10-30T23:52:09.472+03:00 DEBUG 3048 --- [t1debut_project] [           main] o.s.b.f.s.DefaultListableBeanFactory     : Autowiring by type from bean name 'org.springframework.transaction.config.internalTransactionAdvisor' via factory method to bean named 'transactionAttributeSource'
2024-10-30T23:52:09.472+03:00 DEBUG 3048 --- [t1debut_project] [           main] o.s.b.f.s.DefaultListableBeanFactory     : Autowiring by type from bean name 'org.springframework.transaction.config.internalTransactionAdvisor' via factory method to bean named 'transactionInterceptor'
2024-10-30T23:52:09.486+03:00 DEBUG 3048 --- [t1debut_project] [           main] o.s.b.f.s.DefaultListableBeanFactory     : Autowiring by type from bean name 'authorizeReturnObjectMethodInterceptor' via factory method to bean named 'authorizationProxyFactory'
2024-10-30T23:52:09.515+03:00 DEBUG 3048 --- [t1debut_project] [           main] o.s.u.c.s.UiApplicationContextUtils      : Unable to locate ThemeSource with name 'themeSource': using default [org.springframework.ui.context.support.ResourceBundleThemeSource@7b351446]
2024-10-30T23:52:09.517+03:00 DEBUG 3048 --- [t1debut_project] [           main] o.s.b.f.s.DefaultListableBeanFactory     : Creating shared instance of singleton bean 'dataSourceScriptDatabaseInitializer'
2024-10-30T23:52:09.517+03:00 DEBUG 3048 --- [t1debut_project] [           main] o.s.b.f.s.DefaultListableBeanFactory     : Creating shared instance of singleton bean 'org.springframework.boot.autoconfigure.sql.init.DataSourceInitializationConfiguration'
2024-10-30T23:52:09.520+03:00 DEBUG 3048 --- [t1debut_project] [           main] o.s.b.f.s.DefaultListableBeanFactory     : Creating shared instance of singleton bean 'dataSource'
2024-10-30T23:52:09.521+03:00 DEBUG 3048 --- [t1debut_project] [           main] o.s.b.f.s.DefaultListableBeanFactory     : Creating shared instance of singleton bean 'org.springframework.boot.autoconfigure.jdbc.DataSourceConfiguration$Hikari'
2024-10-30T23:52:09.523+03:00 DEBUG 3048 --- [t1debut_project] [           main] o.s.b.f.s.DefaultListableBeanFactory     : Creating shared instance of singleton bean 'spring.datasource-org.springframework.boot.autoconfigure.jdbc.DataSourceProperties'
2024-10-30T23:52:09.526+03:00 DEBUG 3048 --- [t1debut_project] [           main] o.s.b.f.s.DefaultListableBeanFactory     : Creating shared instance of singleton bean 'org.springframework.boot.context.properties.BoundConfigurationProperties'
2024-10-30T23:52:09.547+03:00 DEBUG 3048 --- [t1debut_project] [           main] o.s.b.f.s.DefaultListableBeanFactory     : Creating shared instance of singleton bean 'jdbcConnectionDetails'
2024-10-30T23:52:09.548+03:00 DEBUG 3048 --- [t1debut_project] [           main] o.s.b.f.s.DefaultListableBeanFactory     : Creating shared instance of singleton bean 'org.springframework.boot.autoconfigure.jdbc.DataSourceAutoConfiguration$PooledDataSourceConfiguration'
2024-10-30T23:52:09.550+03:00 DEBUG 3048 --- [t1debut_project] [           main] o.s.b.f.s.DefaultListableBeanFactory     : Autowiring by type from bean name 'jdbcConnectionDetails' via factory method to bean named 'spring.datasource-org.springframework.boot.autoconfigure.jdbc.DataSourceProperties'
2024-10-30T23:52:09.552+03:00 DEBUG 3048 --- [t1debut_project] [           main] o.s.b.f.s.DefaultListableBeanFactory     : Autowiring by type from bean name 'dataSource' via factory method to bean named 'spring.datasource-org.springframework.boot.autoconfigure.jdbc.DataSourceProperties'
2024-10-30T23:52:09.552+03:00 DEBUG 3048 --- [t1debut_project] [           main] o.s.b.f.s.DefaultListableBeanFactory     : Autowiring by type from bean name 'dataSource' via factory method to bean named 'jdbcConnectionDetails'
2024-10-30T23:52:09.584+03:00 DEBUG 3048 --- [t1debut_project] [           main] o.s.b.f.s.DefaultListableBeanFactory     : Creating shared instance of singleton bean 'spring.sql.init-org.springframework.boot.autoconfigure.sql.init.SqlInitializationProperties'
2024-10-30T23:52:09.588+03:00 DEBUG 3048 --- [t1debut_project] [           main] o.s.b.f.s.DefaultListableBeanFactory     : Autowiring by type from bean name 'dataSourceScriptDatabaseInitializer' via factory method to bean named 'dataSource'
2024-10-30T23:52:09.588+03:00 DEBUG 3048 --- [t1debut_project] [           main] o.s.b.f.s.DefaultListableBeanFactory     : Autowiring by type from bean name 'dataSourceScriptDatabaseInitializer' via factory method to bean named 'spring.sql.init-org.springframework.boot.autoconfigure.sql.init.SqlInitializationProperties'
2024-10-30T23:52:09.596+03:00 DEBUG 3048 --- [t1debut_project] [           main] o.s.b.f.s.DefaultListableBeanFactory     : Creating shared instance of singleton bean 'entityManagerFactory'
2024-10-30T23:52:09.597+03:00 DEBUG 3048 --- [t1debut_project] [           main] o.s.b.f.s.DefaultListableBeanFactory     : Creating shared instance of singleton bean 'org.springframework.boot.autoconfigure.orm.jpa.HibernateJpaConfiguration'
2024-10-30T23:52:09.600+03:00 DEBUG 3048 --- [t1debut_project] [           main] o.s.b.f.s.DefaultListableBeanFactory     : Creating shared instance of singleton bean 'spring.jpa-org.springframework.boot.autoconfigure.orm.jpa.JpaProperties'
2024-10-30T23:52:09.608+03:00 DEBUG 3048 --- [t1debut_project] [           main] o.s.b.f.s.DefaultListableBeanFactory     : Creating shared instance of singleton bean 'spring.jpa.hibernate-org.springframework.boot.autoconfigure.orm.jpa.HibernateProperties'
2024-10-30T23:52:09.613+03:00 DEBUG 3048 --- [t1debut_project] [           main] o.s.b.f.s.DefaultListableBeanFactory     : Autowiring by type from bean name 'org.springframework.boot.autoconfigure.orm.jpa.HibernateJpaConfiguration' via constructor to bean named 'dataSource'
2024-10-30T23:52:09.613+03:00 DEBUG 3048 --- [t1debut_project] [           main] o.s.b.f.s.DefaultListableBeanFactory     : Autowiring by type from bean name 'org.springframework.boot.autoconfigure.orm.jpa.HibernateJpaConfiguration' via constructor to bean named 'spring.jpa-org.springframework.boot.autoconfigure.orm.jpa.JpaProperties'
2024-10-30T23:52:09.613+03:00 DEBUG 3048 --- [t1debut_project] [           main] o.s.b.f.s.DefaultListableBeanFactory     : Autowiring by type from bean name 'org.springframework.boot.autoconfigure.orm.jpa.HibernateJpaConfiguration' via constructor to bean named 'org.springframework.beans.factory.support.DefaultListableBeanFactory@466d49f0'
2024-10-30T23:52:09.613+03:00 DEBUG 3048 --- [t1debut_project] [           main] o.s.b.f.s.DefaultListableBeanFactory     : Autowiring by type from bean name 'org.springframework.boot.autoconfigure.orm.jpa.HibernateJpaConfiguration' via constructor to bean named 'spring.jpa.hibernate-org.springframework.boot.autoconfigure.orm.jpa.HibernateProperties'
2024-10-30T23:52:09.615+03:00 DEBUG 3048 --- [t1debut_project] [           main] o.s.b.f.s.DefaultListableBeanFactory     : Creating shared instance of singleton bean 'hikariPoolDataSourceMetadataProvider'
2024-10-30T23:52:09.616+03:00 DEBUG 3048 --- [t1debut_project] [           main] o.s.b.f.s.DefaultListableBeanFactory     : Creating shared instance of singleton bean 'org.springframework.boot.autoconfigure.jdbc.metadata.DataSourcePoolMetadataProvidersConfiguration$HikariPoolDataSourceMetadataProviderConfiguration'
2024-10-30T23:52:09.625+03:00 DEBUG 3048 --- [t1debut_project] [           main] o.s.b.f.s.DefaultListableBeanFactory     : Creating shared instance of singleton bean 'entityManagerFactoryBuilder'
2024-10-30T23:52:09.626+03:00 DEBUG 3048 --- [t1debut_project] [           main] o.s.b.f.s.DefaultListableBeanFactory     : Creating shared instance of singleton bean 'jpaVendorAdapter'
2024-10-30T23:52:09.651+03:00 DEBUG 3048 --- [t1debut_project] [           main] o.s.b.f.s.DefaultListableBeanFactory     : Autowiring by type from bean name 'entityManagerFactoryBuilder' via factory method to bean named 'jpaVendorAdapter'
2024-10-30T23:52:09.656+03:00 DEBUG 3048 --- [t1debut_project] [           main] o.s.b.f.s.DefaultListableBeanFactory     : Creating shared instance of singleton bean 'persistenceManagedTypes'
2024-10-30T23:52:09.658+03:00 DEBUG 3048 --- [t1debut_project] [           main] o.s.b.f.s.DefaultListableBeanFactory     : Autowiring by type from bean name 'persistenceManagedTypes' via factory method to bean named 'org.springframework.beans.factory.support.DefaultListableBeanFactory@466d49f0'
2024-10-30T23:52:09.659+03:00 DEBUG 3048 --- [t1debut_project] [           main] o.s.b.f.s.DefaultListableBeanFactory     : Autowiring by type from bean name 'persistenceManagedTypes' via factory method to bean named 'org.springframework.web.context.support.GenericWebApplicationContext@315ba14a'
2024-10-30T23:52:09.670+03:00 DEBUG 3048 --- [t1debut_project] [           main] o.s.b.f.s.DefaultListableBeanFactory     : Autowiring by type from bean name 'entityManagerFactory' via factory method to bean named 'entityManagerFactoryBuilder'
2024-10-30T23:52:09.670+03:00 DEBUG 3048 --- [t1debut_project] [           main] o.s.b.f.s.DefaultListableBeanFactory     : Autowiring by type from bean name 'entityManagerFactory' via factory method to bean named 'persistenceManagedTypes'
2024-10-30T23:52:09.695+03:00 DEBUG 3048 --- [t1debut_project] [           main] j.LocalContainerEntityManagerFactoryBean : Building JPA container EntityManagerFactory for persistence unit 'default'
2024-10-30T23:52:10.308+03:00  INFO 3048 --- [t1debut_project] [           main] o.s.o.j.p.SpringPersistenceUnitInfo      : No LoadTimeWeaver setup: ignoring JPA class transformer
2024-10-30T23:52:10.355+03:00  INFO 3048 --- [t1debut_project] [           main] com.zaxxer.hikari.HikariDataSource       : HikariPool-1 - Starting...
2024-10-30T23:52:10.568+03:00  INFO 3048 --- [t1debut_project] [           main] com.zaxxer.hikari.pool.HikariPool        : HikariPool-1 - Added connection org.postgresql.jdbc.PgConnection@135064ea
2024-10-30T23:52:10.571+03:00  INFO 3048 --- [t1debut_project] [           main] com.zaxxer.hikari.HikariDataSource       : HikariPool-1 - Start completed.
2024-10-30T23:52:11.625+03:00  INFO 3048 --- [t1debut_project] [           main] j.LocalContainerEntityManagerFactoryBean : Initialized JPA EntityManagerFactory for persistence unit 'default'
2024-10-30T23:52:11.633+03:00 DEBUG 3048 --- [t1debut_project] [           main] o.s.b.f.s.DefaultListableBeanFactory     : Creating shared instance of singleton bean 't1debutProjectApplication'
2024-10-30T23:52:11.635+03:00 DEBUG 3048 --- [t1debut_project] [           main] o.s.b.f.s.DefaultListableBeanFactory     : Creating shared instance of singleton bean 'adminController'
2024-10-30T23:52:11.641+03:00 DEBUG 3048 --- [t1debut_project] [           main] o.s.b.f.s.DefaultListableBeanFactory     : Creating shared instance of singleton bean 'userService'
2024-10-30T23:52:11.644+03:00 DEBUG 3048 --- [t1debut_project] [           main] o.s.b.f.s.DefaultListableBeanFactory     : Creating shared instance of singleton bean 'userRepository'
2024-10-30T23:52:11.651+03:00 DEBUG 3048 --- [t1debut_project] [           main] o.s.b.f.s.DefaultListableBeanFactory     : Creating shared instance of singleton bean 'jpa.named-queries#2'
2024-10-30T23:52:11.655+03:00 DEBUG 3048 --- [t1debut_project] [           main] o.s.b.f.s.DefaultListableBeanFactory     : Creating shared instance of singleton bean 'jpa.UserRepository.fragments#0'
2024-10-30T23:52:11.662+03:00 DEBUG 3048 --- [t1debut_project] [           main] o.s.b.f.s.DefaultListableBeanFactory     : Creating shared instance of singleton bean 'jpaSharedEM_entityManagerFactory'
2024-10-30T23:52:11.701+03:00 DEBUG 3048 --- [t1debut_project] [           main] o.s.b.f.s.DefaultListableBeanFactory     : Creating shared instance of singleton bean 'jpaMappingContext'
2024-10-30T23:52:11.702+03:00 DEBUG 3048 --- [t1debut_project] [           main] .c.JpaMetamodelMappingContextFactoryBean : Initializing JpaMetamodelMappingContext…
2024-10-30T23:52:11.717+03:00 DEBUG 3048 --- [t1debut_project] [           main] .c.JpaMetamodelMappingContextFactoryBean : Finished initializing JpaMetamodelMappingContext
2024-10-30T23:52:11.756+03:00 DEBUG 3048 --- [t1debut_project] [           main] tor$SharedEntityManagerInvocationHandler : Creating new EntityManager for shared EntityManager invocation
2024-10-30T23:52:11.823+03:00 DEBUG 3048 --- [t1debut_project] [           main] tor$SharedEntityManagerInvocationHandler : Creating new EntityManager for shared EntityManager invocation
2024-10-30T23:52:11.920+03:00 DEBUG 3048 --- [t1debut_project] [           main] o.s.d.r.c.s.RepositoryFactorySupport     : Initializing repository instance for ClubCard.backend.t1debut_project.utils.UserRepository…
2024-10-30T23:52:11.944+03:00 DEBUG 3048 --- [t1debut_project] [           main] tor$SharedEntityManagerInvocationHandler : Creating new EntityManager for shared EntityManager invocation
2024-10-30T23:52:12.010+03:00 DEBUG 3048 --- [t1debut_project] [           main] o.s.d.jpa.repository.query.NamedQuery    : Looking up named query User.findByEmail
2024-10-30T23:52:12.013+03:00 DEBUG 3048 --- [t1debut_project] [           main] o.s.d.jpa.repository.query.NamedQuery    : Did not find named query User.findByEmail
2024-10-30T23:52:12.016+03:00 DEBUG 3048 --- [t1debut_project] [           main] tor$SharedEntityManagerInvocationHandler : Creating new EntityManager for shared EntityManager invocation
2024-10-30T23:52:12.075+03:00 DEBUG 3048 --- [t1debut_project] [           main] o.s.d.r.c.s.RepositoryFactorySupport     : Finished creation of repository instance for ClubCard.backend.t1debut_project.utils.UserRepository.
2024-10-30T23:52:12.084+03:00 DEBUG 3048 --- [t1debut_project] [           main] o.s.b.f.s.DefaultListableBeanFactory     : Creating shared instance of singleton bean 'jwtTokenProvider'
2024-10-30T23:52:12.088+03:00 DEBUG 3048 --- [t1debut_project] [           main] o.s.c.e.PropertySourcesPropertyResolver  : Found key 'security.jwt.token.secret-key' in PropertySource 'environmentProperties' with value of type String
2024-10-30T23:52:12.089+03:00 DEBUG 3048 --- [t1debut_project] [           main] o.s.c.e.PropertySourcesPropertyResolver  : Found key 'security.jwt.token.expire-length' in PropertySource 'environmentProperties' with value of type String
2024-10-30T23:52:12.095+03:00 DEBUG 3048 --- [t1debut_project] [           main] o.s.b.f.s.DefaultListableBeanFactory     : Autowiring by type from bean name 'userService' via constructor to bean named 'userRepository'
2024-10-30T23:52:12.095+03:00 DEBUG 3048 --- [t1debut_project] [           main] o.s.b.f.s.DefaultListableBeanFactory     : Autowiring by type from bean name 'userService' via constructor to bean named 'jwtTokenProvider'
2024-10-30T23:52:12.116+03:00 DEBUG 3048 --- [t1debut_project] [           main] o.s.b.f.s.DefaultListableBeanFactory     : Autowiring by type from bean name 'adminController' via constructor to bean named 'userService'
2024-10-30T23:52:12.131+03:00 DEBUG 3048 --- [t1debut_project] [           main] o.s.b.f.s.DefaultListableBeanFactory     : Creating shared instance of singleton bean 'authenticationController'
2024-10-30T23:52:12.133+03:00 DEBUG 3048 --- [t1debut_project] [           main] o.s.b.f.s.DefaultListableBeanFactory     : Creating shared instance of singleton bean 'blacklistTokenRepository'
2024-10-30T23:52:12.136+03:00 DEBUG 3048 --- [t1debut_project] [           main] o.s.b.f.s.DefaultListableBeanFactory     : Creating shared instance of singleton bean 'jpa.named-queries#0'
2024-10-30T23:52:12.140+03:00 DEBUG 3048 --- [t1debut_project] [           main] o.s.b.f.s.DefaultListableBeanFactory     : Creating shared instance of singleton bean 'jpa.BlacklistTokenRepository.fragments#0'
2024-10-30T23:52:12.144+03:00 DEBUG 3048 --- [t1debut_project] [           main] tor$SharedEntityManagerInvocationHandler : Creating new EntityManager for shared EntityManager invocation
2024-10-30T23:52:12.151+03:00 DEBUG 3048 --- [t1debut_project] [           main] o.s.d.r.c.s.RepositoryFactorySupport     : Initializing repository instance for ClubCard.backend.t1debut_project.utils.BlacklistTokenRepository…
2024-10-30T23:52:12.152+03:00 DEBUG 3048 --- [t1debut_project] [           main] tor$SharedEntityManagerInvocationHandler : Creating new EntityManager for shared EntityManager invocation
2024-10-30T23:52:12.165+03:00 DEBUG 3048 --- [t1debut_project] [           main] o.s.d.jpa.repository.query.NamedQuery    : Looking up named query BlacklistToken.findByToken
2024-10-30T23:52:12.166+03:00 DEBUG 3048 --- [t1debut_project] [           main] o.s.d.jpa.repository.query.NamedQuery    : Did not find named query BlacklistToken.findByToken
2024-10-30T23:52:12.166+03:00 DEBUG 3048 --- [t1debut_project] [           main] tor$SharedEntityManagerInvocationHandler : Creating new EntityManager for shared EntityManager invocation
2024-10-30T23:52:12.172+03:00 DEBUG 3048 --- [t1debut_project] [           main] o.s.d.r.c.s.RepositoryFactorySupport     : Finished creation of repository instance for ClubCard.backend.t1debut_project.utils.BlacklistTokenRepository.
2024-10-30T23:52:12.182+03:00 DEBUG 3048 --- [t1debut_project] [           main] o.s.b.f.s.DefaultListableBeanFactory     : Creating shared instance of singleton bean 'passwordEncoder'
2024-10-30T23:52:12.183+03:00 DEBUG 3048 --- [t1debut_project] [           main] o.s.b.f.s.DefaultListableBeanFactory     : Creating shared instance of singleton bean 'securityConfig'
2024-10-30T23:52:12.184+03:00 DEBUG 3048 --- [t1debut_project] [           main] o.s.b.f.s.DefaultListableBeanFactory     : Creating shared instance of singleton bean 'jwtAuthenticationFilter'
2024-10-30T23:52:12.187+03:00 DEBUG 3048 --- [t1debut_project] [           main] o.s.b.f.s.DefaultListableBeanFactory     : Creating shared instance of singleton bean 'userDetailsServiceImpl'
2024-10-30T23:52:12.188+03:00 DEBUG 3048 --- [t1debut_project] [           main] o.s.b.f.s.DefaultListableBeanFactory     : Autowiring by type from bean name 'userDetailsServiceImpl' via constructor to bean named 'userRepository'
2024-10-30T23:52:12.190+03:00 DEBUG 3048 --- [t1debut_project] [           main] o.s.b.f.s.DefaultListableBeanFactory     : Autowiring by type from bean name 'jwtAuthenticationFilter' via constructor to bean named 'jwtTokenProvider'
2024-10-30T23:52:12.191+03:00 DEBUG 3048 --- [t1debut_project] [           main] o.s.b.f.s.DefaultListableBeanFactory     : Autowiring by type from bean name 'jwtAuthenticationFilter' via constructor to bean named 'userDetailsServiceImpl'
2024-10-30T23:52:12.191+03:00 DEBUG 3048 --- [t1debut_project] [           main] o.s.b.f.s.DefaultListableBeanFactory     : Autowiring by type from bean name 'jwtAuthenticationFilter' via constructor to bean named 'blacklistTokenRepository'
2024-10-30T23:52:12.194+03:00 DEBUG 3048 --- [t1debut_project] [           main] o.s.b.f.s.DefaultListableBeanFactory     : Autowiring by type from bean name 'securityConfig' via constructor to bean named 'jwtAuthenticationFilter'
2024-10-30T23:52:12.202+03:00 DEBUG 3048 --- [t1debut_project] [           main] o.s.b.f.s.DefaultListableBeanFactory     : Autowiring by type from bean name 'authenticationController' via constructor to bean named 'userService'
2024-10-30T23:52:12.202+03:00 DEBUG 3048 --- [t1debut_project] [           main] o.s.b.f.s.DefaultListableBeanFactory     : Autowiring by type from bean name 'authenticationController' via constructor to bean named 'jwtTokenProvider'
2024-10-30T23:52:12.202+03:00 DEBUG 3048 --- [t1debut_project] [           main] o.s.b.f.s.DefaultListableBeanFactory     : Autowiring by type from bean name 'authenticationController' via constructor to bean named 'blacklistTokenRepository'
2024-10-30T23:52:12.203+03:00 DEBUG 3048 --- [t1debut_project] [           main] o.s.b.f.s.DefaultListableBeanFactory     : Autowiring by type from bean name 'authenticationController' via constructor to bean named 'passwordEncoder'
2024-10-30T23:52:12.205+03:00 DEBUG 3048 --- [t1debut_project] [           main] o.s.b.f.s.DefaultListableBeanFactory     : Creating shared instance of singleton bean 'profileController'
2024-10-30T23:52:12.207+03:00 DEBUG 3048 --- [t1debut_project] [           main] o.s.b.f.s.DefaultListableBeanFactory     : Creating shared instance of singleton bean 'virtualCardService'
2024-10-30T23:52:12.210+03:00 DEBUG 3048 --- [t1debut_project] [           main] o.s.b.f.s.DefaultListableBeanFactory     : Autowiring by type from bean name 'virtualCardService' via constructor to bean named 'userRepository'
2024-10-30T23:52:12.211+03:00 DEBUG 3048 --- [t1debut_project] [           main] o.s.b.f.s.DefaultListableBeanFactory     : Autowiring by type from bean name 'profileController' via constructor to bean named 'virtualCardService'
2024-10-30T23:52:12.212+03:00 DEBUG 3048 --- [t1debut_project] [           main] o.s.b.f.s.DefaultListableBeanFactory     : Autowiring by type from bean name 'profileController' via constructor to bean named 'jwtTokenProvider'
2024-10-30T23:52:12.212+03:00 DEBUG 3048 --- [t1debut_project] [           main] o.s.b.f.s.DefaultListableBeanFactory     : Autowiring by type from bean name 'profileController' via constructor to bean named 'userService'
2024-10-30T23:52:12.212+03:00 DEBUG 3048 --- [t1debut_project] [           main] o.s.b.f.s.DefaultListableBeanFactory     : Creating shared instance of singleton bean 'setupController'
2024-10-30T23:52:12.213+03:00 DEBUG 3048 --- [t1debut_project] [           main] o.s.b.f.s.DefaultListableBeanFactory     : Autowiring by type from bean name 'setupController' via constructor to bean named 'userRepository'
2024-10-30T23:52:12.213+03:00 DEBUG 3048 --- [t1debut_project] [           main] o.s.b.f.s.DefaultListableBeanFactory     : Autowiring by type from bean name 'setupController' via constructor to bean named 'passwordEncoder'
2024-10-30T23:52:12.214+03:00 DEBUG 3048 --- [t1debut_project] [           main] o.s.b.f.s.DefaultListableBeanFactory     : Creating shared instance of singleton bean 'userController'
2024-10-30T23:52:12.215+03:00 DEBUG 3048 --- [t1debut_project] [           main] o.s.b.f.s.DefaultListableBeanFactory     : Autowiring by type from bean name 'userController' via constructor to bean named 'userService'
2024-10-30T23:52:12.216+03:00 DEBUG 3048 --- [t1debut_project] [           main] o.s.b.f.s.DefaultListableBeanFactory     : Creating shared instance of singleton bean 'virtualCardController'
2024-10-30T23:52:12.217+03:00 DEBUG 3048 --- [t1debut_project] [           main] o.s.b.f.s.DefaultListableBeanFactory     : Autowiring by type from bean name 'virtualCardController' via constructor to bean named 'virtualCardService'
2024-10-30T23:52:12.219+03:00 DEBUG 3048 --- [t1debut_project] [           main] o.s.b.f.s.DefaultListableBeanFactory     : Creating shared instance of singleton bean 'org.springframework.security.config.annotation.configuration.ObjectPostProcessorConfiguration'
2024-10-30T23:52:12.220+03:00 DEBUG 3048 --- [t1debut_project] [           main] o.s.b.f.s.DefaultListableBeanFactory     : Creating shared instance of singleton bean 'objectPostProcessor'
2024-10-30T23:52:12.222+03:00 DEBUG 3048 --- [t1debut_project] [           main] o.s.b.f.s.DefaultListableBeanFactory     : Autowiring by type from bean name 'objectPostProcessor' via factory method to bean named 'org.springframework.beans.factory.support.DefaultListableBeanFactory@466d49f0'
2024-10-30T23:52:12.224+03:00 DEBUG 3048 --- [t1debut_project] [           main] o.s.b.f.s.DefaultListableBeanFactory     : Creating shared instance of singleton bean 'org.springframework.security.config.annotation.authentication.configuration.AuthenticationConfiguration'
2024-10-30T23:52:12.228+03:00 DEBUG 3048 --- [t1debut_project] [           main] o.s.b.f.s.DefaultListableBeanFactory     : Creating shared instance of singleton bean 'enableGlobalAuthenticationAutowiredConfigurer'
2024-10-30T23:52:12.229+03:00 DEBUG 3048 --- [t1debut_project] [           main] o.s.b.f.s.DefaultListableBeanFactory     : Autowiring by type from bean name 'enableGlobalAuthenticationAutowiredConfigurer' via factory method to bean named 'org.springframework.web.context.support.GenericWebApplicationContext@315ba14a'
2024-10-30T23:52:12.232+03:00 DEBUG 3048 --- [t1debut_project] [           main] o.s.b.f.s.DefaultListableBeanFactory     : Creating shared instance of singleton bean 'initializeUserDetailsBeanManagerConfigurer'
2024-10-30T23:52:12.232+03:00 DEBUG 3048 --- [t1debut_project] [           main] o.s.b.f.s.DefaultListableBeanFactory     : Autowiring by type from bean name 'initializeUserDetailsBeanManagerConfigurer' via factory method to bean named 'org.springframework.web.context.support.GenericWebApplicationContext@315ba14a'
2024-10-30T23:52:12.234+03:00 DEBUG 3048 --- [t1debut_project] [           main] o.s.b.f.s.DefaultListableBeanFactory     : Creating shared instance of singleton bean 'initializeAuthenticationProviderBeanManagerConfigurer'
2024-10-30T23:52:12.235+03:00 DEBUG 3048 --- [t1debut_project] [           main] o.s.b.f.s.DefaultListableBeanFactory     : Autowiring by type from bean name 'initializeAuthenticationProviderBeanManagerConfigurer' via factory method to bean named 'org.springframework.web.context.support.GenericWebApplicationContext@315ba14a'
2024-10-30T23:52:12.239+03:00 DEBUG 3048 --- [t1debut_project] [           main] o.s.b.f.s.DefaultListableBeanFactory     : Creating shared instance of singleton bean 'authenticationManagerBuilder'
2024-10-30T23:52:12.241+03:00 DEBUG 3048 --- [t1debut_project] [           main] o.s.b.f.s.DefaultListableBeanFactory     : Autowiring by type from bean name 'authenticationManagerBuilder' via factory method to bean named 'objectPostProcessor'
2024-10-30T23:52:12.241+03:00 DEBUG 3048 --- [t1debut_project] [           main] o.s.b.f.s.DefaultListableBeanFactory     : Autowiring by type from bean name 'authenticationManagerBuilder' via factory method to bean named 'org.springframework.web.context.support.GenericWebApplicationContext@315ba14a'
2024-10-30T23:52:12.243+03:00 DEBUG 3048 --- [t1debut_project] [           main] o.s.b.f.s.DefaultListableBeanFactory     : Creating shared instance of singleton bean 'authenticationEventPublisher'
2024-10-30T23:52:12.243+03:00 DEBUG 3048 --- [t1debut_project] [           main] o.s.b.f.s.DefaultListableBeanFactory     : Creating shared instance of singleton bean 'org.springframework.boot.autoconfigure.security.servlet.SecurityAutoConfiguration'
2024-10-30T23:52:12.245+03:00 DEBUG 3048 --- [t1debut_project] [           main] o.s.b.f.s.DefaultListableBeanFactory     : Autowiring by type from bean name 'authenticationEventPublisher' via factory method to bean named 'org.springframework.web.context.support.GenericWebApplicationContext@315ba14a'
2024-10-30T23:52:12.262+03:00 DEBUG 3048 --- [t1debut_project] [           main] o.s.b.f.s.DefaultListableBeanFactory     : Creating shared instance of singleton bean 'org.springframework.security.config.annotation.web.configuration.WebSecurityConfiguration'
2024-10-30T23:52:12.266+03:00 DEBUG 3048 --- [t1debut_project] [           main] o.s.b.f.s.DefaultListableBeanFactory     : Creating shared instance of singleton bean 'org.springframework.security.config.annotation.web.configuration.HttpSecurityConfiguration'
2024-10-30T23:52:12.276+03:00 DEBUG 3048 --- [t1debut_project] [           main] o.s.b.f.s.DefaultListableBeanFactory     : Creating shared instance of singleton bean 'mvcContentNegotiationManager'
2024-10-30T23:52:12.277+03:00 DEBUG 3048 --- [t1debut_project] [           main] o.s.b.f.s.DefaultListableBeanFactory     : Creating shared instance of singleton bean 'org.springframework.boot.autoconfigure.web.servlet.WebMvcAutoConfiguration$EnableWebMvcConfiguration'
2024-10-30T23:52:12.278+03:00 DEBUG 3048 --- [t1debut_project] [           main] o.s.b.f.s.DefaultListableBeanFactory     : Creating shared instance of singleton bean 'spring.mvc-org.springframework.boot.autoconfigure.web.servlet.WebMvcProperties'
2024-10-30T23:52:12.287+03:00 DEBUG 3048 --- [t1debut_project] [           main] o.s.b.f.s.DefaultListableBeanFactory     : Creating shared instance of singleton bean 'spring.web-org.springframework.boot.autoconfigure.web.WebProperties'
2024-10-30T23:52:12.293+03:00 DEBUG 3048 --- [t1debut_project] [           main] o.s.b.f.s.DefaultListableBeanFactory     : Autowiring by type from bean name 'org.springframework.boot.autoconfigure.web.servlet.WebMvcAutoConfiguration$EnableWebMvcConfiguration' via constructor to bean named 'spring.mvc-org.springframework.boot.autoconfigure.web.servlet.WebMvcProperties'
2024-10-30T23:52:12.294+03:00 DEBUG 3048 --- [t1debut_project] [           main] o.s.b.f.s.DefaultListableBeanFactory     : Autowiring by type from bean name 'org.springframework.boot.autoconfigure.web.servlet.WebMvcAutoConfiguration$EnableWebMvcConfiguration' via constructor to bean named 'spring.web-org.springframework.boot.autoconfigure.web.WebProperties'
2024-10-30T23:52:12.294+03:00 DEBUG 3048 --- [t1debut_project] [           main] o.s.b.f.s.DefaultListableBeanFactory     : Autowiring by type from bean name 'org.springframework.boot.autoconfigure.web.servlet.WebMvcAutoConfiguration$EnableWebMvcConfiguration' via constructor to bean named 'org.springframework.beans.factory.support.DefaultListableBeanFactory@466d49f0'
2024-10-30T23:52:12.300+03:00 DEBUG 3048 --- [t1debut_project] [           main] o.s.b.f.s.DefaultListableBeanFactory     : Creating shared instance of singleton bean 'org.springframework.security.config.annotation.web.configuration.WebMvcSecurityConfiguration'
2024-10-30T23:52:12.302+03:00 DEBUG 3048 --- [t1debut_project] [           main] o.s.b.f.s.DefaultListableBeanFactory     : Creating shared instance of singleton bean 'org.springframework.boot.autoconfigure.web.servlet.WebMvcAutoConfiguration$WebMvcAutoConfigurationAdapter'
2024-10-30T23:52:12.303+03:00 DEBUG 3048 --- [t1debut_project] [           main] o.s.b.f.s.DefaultListableBeanFactory     : Autowiring by type from bean name 'org.springframework.boot.autoconfigure.web.servlet.WebMvcAutoConfiguration$WebMvcAutoConfigurationAdapter' via constructor to bean named 'spring.web-org.springframework.boot.autoconfigure.web.WebProperties'
2024-10-30T23:52:12.304+03:00 DEBUG 3048 --- [t1debut_project] [           main] o.s.b.f.s.DefaultListableBeanFactory     : Autowiring by type from bean name 'org.springframework.boot.autoconfigure.web.servlet.WebMvcAutoConfiguration$WebMvcAutoConfigurationAdapter' via constructor to bean named 'spring.mvc-org.springframework.boot.autoconfigure.web.servlet.WebMvcProperties'
2024-10-30T23:52:12.304+03:00 DEBUG 3048 --- [t1debut_project] [           main] o.s.b.f.s.DefaultListableBeanFactory     : Autowiring by type from bean name 'org.springframework.boot.autoconfigure.web.servlet.WebMvcAutoConfiguration$WebMvcAutoConfigurationAdapter' via constructor to bean named 'org.springframework.beans.factory.support.DefaultListableBeanFactory@466d49f0'
2024-10-30T23:52:12.305+03:00 DEBUG 3048 --- [t1debut_project] [           main] o.s.b.f.s.DefaultListableBeanFactory     : Creating shared instance of singleton bean 'resourceHandlerRegistrationCustomizer'
2024-10-30T23:52:12.305+03:00 DEBUG 3048 --- [t1debut_project] [           main] o.s.b.f.s.DefaultListableBeanFactory     : Creating shared instance of singleton bean 'org.springframework.boot.autoconfigure.web.servlet.WebMvcAutoConfiguration$ResourceChainCustomizerConfiguration'
2024-10-30T23:52:12.306+03:00 DEBUG 3048 --- [t1debut_project] [           main] o.s.b.f.s.DefaultListableBeanFactory     : Autowiring by type from bean name 'resourceHandlerRegistrationCustomizer' via factory method to bean named 'spring.web-org.springframework.boot.autoconfigure.web.WebProperties'
2024-10-30T23:52:12.312+03:00 DEBUG 3048 --- [t1debut_project] [           main] o.s.b.f.s.DefaultListableBeanFactory     : Creating shared instance of singleton bean 'swaggerWebMvcConfigurer'
2024-10-30T23:52:12.312+03:00 DEBUG 3048 --- [t1debut_project] [           main] o.s.b.f.s.DefaultListableBeanFactory     : Creating shared instance of singleton bean 'org.springdoc.webmvc.ui.SwaggerConfig'
2024-10-30T23:52:12.317+03:00 DEBUG 3048 --- [t1debut_project] [           main] o.s.b.f.s.DefaultListableBeanFactory     : Creating shared instance of singleton bean 'org.springdoc.core.properties.SwaggerUiConfigParameters'
2024-10-30T23:52:12.319+03:00 DEBUG 3048 --- [t1debut_project] [           main] o.s.b.f.s.DefaultListableBeanFactory     : Creating shared instance of singleton bean 'org.springdoc.core.properties.SwaggerUiConfigProperties'
2024-10-30T23:52:12.336+03:00 DEBUG 3048 --- [t1debut_project] [           main] o.s.b.f.s.DefaultListableBeanFactory     : Autowiring by type from bean name 'org.springdoc.core.properties.SwaggerUiConfigParameters' via constructor to bean named 'org.springdoc.core.properties.SwaggerUiConfigProperties'
2024-10-30T23:52:12.350+03:00 DEBUG 3048 --- [t1debut_project] [           main] o.s.b.f.s.DefaultListableBeanFactory     : Creating shared instance of singleton bean 'indexPageTransformer'
2024-10-30T23:52:12.352+03:00 DEBUG 3048 --- [t1debut_project] [           main] o.s.b.f.s.DefaultListableBeanFactory     : Creating shared instance of singleton bean 'org.springdoc.core.properties.SwaggerUiOAuthProperties'
2024-10-30T23:52:12.360+03:00 DEBUG 3048 --- [t1debut_project] [           main] o.s.b.f.s.DefaultListableBeanFactory     : Creating shared instance of singleton bean 'swaggerWelcome'
2024-10-30T23:52:12.362+03:00 DEBUG 3048 --- [t1debut_project] [           main] o.s.b.f.s.DefaultListableBeanFactory     : Creating shared instance of singleton bean 'org.springdoc.core.properties.SpringDocConfigProperties'
2024-10-30T23:52:12.392+03:00 DEBUG 3048 --- [t1debut_project] [           main] o.s.b.f.s.DefaultListableBeanFactory     : Creating shared instance of singleton bean 'springWebProvider'
2024-10-30T23:52:12.392+03:00 DEBUG 3048 --- [t1debut_project] [           main] o.s.b.f.s.DefaultListableBeanFactory     : Creating shared instance of singleton bean 'org.springdoc.webmvc.core.configuration.SpringDocWebMvcConfiguration'
2024-10-30T23:52:12.413+03:00 DEBUG 3048 --- [t1debut_project] [           main] o.s.b.f.s.DefaultListableBeanFactory     : Autowiring by type from bean name 'swaggerWelcome' via factory method to bean named 'org.springdoc.core.properties.SwaggerUiConfigProperties'
2024-10-30T23:52:12.413+03:00 DEBUG 3048 --- [t1debut_project] [           main] o.s.b.f.s.DefaultListableBeanFactory     : Autowiring by type from bean name 'swaggerWelcome' via factory method to bean named 'org.springdoc.core.properties.SpringDocConfigProperties'
2024-10-30T23:52:12.413+03:00 DEBUG 3048 --- [t1debut_project] [           main] o.s.b.f.s.DefaultListableBeanFactory     : Autowiring by type from bean name 'swaggerWelcome' via factory method to bean named 'org.springdoc.core.properties.SwaggerUiConfigParameters'
2024-10-30T23:52:12.413+03:00 DEBUG 3048 --- [t1debut_project] [           main] o.s.b.f.s.DefaultListableBeanFactory     : Autowiring by type from bean name 'swaggerWelcome' via factory method to bean named 'springWebProvider'
2024-10-30T23:52:12.477+03:00 DEBUG 3048 --- [t1debut_project] [           main] o.s.b.f.s.DefaultListableBeanFactory     : Creating shared instance of singleton bean 'objectMapperProvider'
2024-10-30T23:52:12.480+03:00 DEBUG 3048 --- [t1debut_project] [           main] o.s.b.f.s.DefaultListableBeanFactory     : Creating shared instance of singleton bean 'org.springdoc.core.configuration.SpringDocConfiguration'
2024-10-30T23:52:12.488+03:00 DEBUG 3048 --- [t1debut_project] [           main] o.s.b.f.s.DefaultListableBeanFactory     : Autowiring by type from bean name 'objectMapperProvider' via factory method to bean named 'org.springdoc.core.properties.SpringDocConfigProperties'
2024-10-30T23:52:12.544+03:00 DEBUG 3048 --- [t1debut_project] [           main] o.s.b.f.s.DefaultListableBeanFactory     : Autowiring by type from bean name 'indexPageTransformer' via factory method to bean named 'org.springdoc.core.properties.SwaggerUiConfigProperties'
2024-10-30T23:52:12.545+03:00 DEBUG 3048 --- [t1debut_project] [           main] o.s.b.f.s.DefaultListableBeanFactory     : Autowiring by type from bean name 'indexPageTransformer' via factory method to bean named 'org.springdoc.core.properties.SwaggerUiOAuthProperties'
2024-10-30T23:52:12.545+03:00 DEBUG 3048 --- [t1debut_project] [           main] o.s.b.f.s.DefaultListableBeanFactory     : Autowiring by type from bean name 'indexPageTransformer' via factory method to bean named 'org.springdoc.core.properties.SwaggerUiConfigParameters'
2024-10-30T23:52:12.545+03:00 DEBUG 3048 --- [t1debut_project] [           main] o.s.b.f.s.DefaultListableBeanFactory     : Autowiring by type from bean name 'indexPageTransformer' via factory method to bean named 'swaggerWelcome'
2024-10-30T23:52:12.545+03:00 DEBUG 3048 --- [t1debut_project] [           main] o.s.b.f.s.DefaultListableBeanFactory     : Autowiring by type from bean name 'indexPageTransformer' via factory method to bean named 'objectMapperProvider'
2024-10-30T23:52:12.549+03:00 DEBUG 3048 --- [t1debut_project] [           main] o.s.b.f.s.DefaultListableBeanFactory     : Autowiring by type from bean name 'swaggerWebMvcConfigurer' via factory method to bean named 'org.springdoc.core.properties.SwaggerUiConfigParameters'
2024-10-30T23:52:12.549+03:00 DEBUG 3048 --- [t1debut_project] [           main] o.s.b.f.s.DefaultListableBeanFactory     : Autowiring by type from bean name 'swaggerWebMvcConfigurer' via factory method to bean named 'indexPageTransformer'
2024-10-30T23:52:12.551+03:00 DEBUG 3048 --- [t1debut_project] [           main] o.s.b.f.s.DefaultListableBeanFactory     : Creating shared instance of singleton bean 'openEntityManagerInViewInterceptorConfigurer'
2024-10-30T23:52:12.551+03:00 DEBUG 3048 --- [t1debut_project] [           main] o.s.b.f.s.DefaultListableBeanFactory     : Creating shared instance of singleton bean 'org.springframework.boot.autoconfigure.orm.jpa.JpaBaseConfiguration$JpaWebConfiguration'
2024-10-30T23:52:12.552+03:00 DEBUG 3048 --- [t1debut_project] [           main] o.s.b.f.s.DefaultListableBeanFactory     : Autowiring by type from bean name 'org.springframework.boot.autoconfigure.orm.jpa.JpaBaseConfiguration$JpaWebConfiguration' via constructor to bean named 'spring.jpa-org.springframework.boot.autoconfigure.orm.jpa.JpaProperties'
2024-10-30T23:52:12.554+03:00 DEBUG 3048 --- [t1debut_project] [           main] o.s.b.f.s.DefaultListableBeanFactory     : Creating shared instance of singleton bean 'openEntityManagerInViewInterceptor'
2024-10-30T23:52:12.555+03:00  WARN 3048 --- [t1debut_project] [           main] JpaBaseConfiguration$JpaWebConfiguration : spring.jpa.open-in-view is enabled by default. Therefore, database queries may be performed during view rendering. Explicitly configure spring.jpa.open-in-view to disable this warning
2024-10-30T23:52:12.560+03:00 DEBUG 3048 --- [t1debut_project] [           main] o.s.b.f.s.DefaultListableBeanFactory     : Autowiring by type from bean name 'openEntityManagerInViewInterceptorConfigurer' via factory method to bean named 'openEntityManagerInViewInterceptor'
2024-10-30T23:52:12.562+03:00 DEBUG 3048 --- [t1debut_project] [           main] o.s.b.f.s.DefaultListableBeanFactory     : Creating shared instance of singleton bean 'org.springframework.data.web.config.SpringDataWebConfiguration'
2024-10-30T23:52:12.563+03:00 DEBUG 3048 --- [t1debut_project] [           main] o.s.b.f.s.DefaultListableBeanFactory     : Autowiring by type from bean name 'org.springframework.data.web.config.SpringDataWebConfiguration' via constructor to bean named 'org.springframework.web.context.support.GenericWebApplicationContext@315ba14a'
2024-10-30T23:52:12.592+03:00  INFO 3048 --- [t1debut_project] [           main] r$InitializeUserDetailsManagerConfigurer : Global AuthenticationManager configured with UserDetailsService bean with name userDetailsServiceImpl
2024-10-30T23:52:12.662+03:00 DEBUG 3048 --- [t1debut_project] [           main] o.s.b.f.s.DefaultListableBeanFactory     : Creating shared instance of singleton bean 'mvcHandlerMappingIntrospectorRequestTransformer'
2024-10-30T23:52:12.663+03:00 DEBUG 3048 --- [t1debut_project] [           main] o.s.b.f.s.DefaultListableBeanFactory     : Creating shared instance of singleton bean 'mvcHandlerMappingIntrospector'
2024-10-30T23:52:12.669+03:00 DEBUG 3048 --- [t1debut_project] [           main] o.s.b.f.s.DefaultListableBeanFactory     : Creating shared instance of singleton bean 'welcomePageHandlerMapping'
2024-10-30T23:52:12.670+03:00 DEBUG 3048 --- [t1debut_project] [           main] o.s.b.f.s.DefaultListableBeanFactory     : Creating shared instance of singleton bean 'mvcConversionService'
2024-10-30T23:52:12.700+03:00 DEBUG 3048 --- [t1debut_project] [           main] o.s.b.f.s.DefaultListableBeanFactory     : Creating shared instance of singleton bean 'mvcResourceUrlProvider'
2024-10-30T23:52:12.705+03:00 DEBUG 3048 --- [t1debut_project] [           main] o.s.b.f.s.DefaultListableBeanFactory     : Autowiring by type from bean name 'welcomePageHandlerMapping' via factory method to bean named 'org.springframework.web.context.support.GenericWebApplicationContext@315ba14a'
2024-10-30T23:52:12.705+03:00 DEBUG 3048 --- [t1debut_project] [           main] o.s.b.f.s.DefaultListableBeanFactory     : Autowiring by type from bean name 'welcomePageHandlerMapping' via factory method to bean named 'mvcConversionService'
2024-10-30T23:52:12.705+03:00 DEBUG 3048 --- [t1debut_project] [           main] o.s.b.f.s.DefaultListableBeanFactory     : Autowiring by type from bean name 'welcomePageHandlerMapping' via factory method to bean named 'mvcResourceUrlProvider'
2024-10-30T23:52:12.715+03:00  INFO 3048 --- [t1debut_project] [           main] o.s.b.a.w.s.WelcomePageHandlerMapping    : Adding welcome page: class path resource [static/index.html]
2024-10-30T23:52:12.731+03:00 DEBUG 3048 --- [t1debut_project] [           main] o.s.b.f.s.DefaultListableBeanFactory     : Creating shared instance of singleton bean 'welcomePageNotAcceptableHandlerMapping'
2024-10-30T23:52:12.733+03:00 DEBUG 3048 --- [t1debut_project] [           main] o.s.b.f.s.DefaultListableBeanFactory     : Autowiring by type from bean name 'welcomePageNotAcceptableHandlerMapping' via factory method to bean named 'org.springframework.web.context.support.GenericWebApplicationContext@315ba14a'
2024-10-30T23:52:12.733+03:00 DEBUG 3048 --- [t1debut_project] [           main] o.s.b.f.s.DefaultListableBeanFactory     : Autowiring by type from bean name 'welcomePageNotAcceptableHandlerMapping' via factory method to bean named 'mvcConversionService'
2024-10-30T23:52:12.733+03:00 DEBUG 3048 --- [t1debut_project] [           main] o.s.b.f.s.DefaultListableBeanFactory     : Autowiring by type from bean name 'welcomePageNotAcceptableHandlerMapping' via factory method to bean named 'mvcResourceUrlProvider'
2024-10-30T23:52:12.740+03:00 DEBUG 3048 --- [t1debut_project] [           main] o.s.b.f.s.DefaultListableBeanFactory     : Creating shared instance of singleton bean 'requestMappingHandlerMapping'
2024-10-30T23:52:12.745+03:00 DEBUG 3048 --- [t1debut_project] [           main] o.s.b.f.s.DefaultListableBeanFactory     : Autowiring by type from bean name 'requestMappingHandlerMapping' via factory method to bean named 'mvcContentNegotiationManager'
2024-10-30T23:52:12.746+03:00 DEBUG 3048 --- [t1debut_project] [           main] o.s.b.f.s.DefaultListableBeanFactory     : Autowiring by type from bean name 'requestMappingHandlerMapping' via factory method to bean named 'mvcConversionService'
2024-10-30T23:52:12.746+03:00 DEBUG 3048 --- [t1debut_project] [           main] o.s.b.f.s.DefaultListableBeanFactory     : Autowiring by type from bean name 'requestMappingHandlerMapping' via factory method to bean named 'mvcResourceUrlProvider'
2024-10-30T23:52:12.865+03:00 DEBUG 3048 --- [t1debut_project] [           main] s.w.s.m.m.a.RequestMappingHandlerMapping : 22 mappings in 'requestMappingHandlerMapping'
2024-10-30T23:52:12.877+03:00 DEBUG 3048 --- [t1debut_project] [           main] o.s.b.f.s.DefaultListableBeanFactory     : Creating shared instance of singleton bean 'viewControllerHandlerMapping'
2024-10-30T23:52:12.878+03:00 DEBUG 3048 --- [t1debut_project] [           main] o.s.b.f.s.DefaultListableBeanFactory     : Autowiring by type from bean name 'viewControllerHandlerMapping' via factory method to bean named 'mvcConversionService'
2024-10-30T23:52:12.878+03:00 DEBUG 3048 --- [t1debut_project] [           main] o.s.b.f.s.DefaultListableBeanFactory     : Autowiring by type from bean name 'viewControllerHandlerMapping' via factory method to bean named 'mvcResourceUrlProvider'
2024-10-30T23:52:12.879+03:00 DEBUG 3048 --- [t1debut_project] [           main] o.s.b.f.s.DefaultListableBeanFactory     : Creating shared instance of singleton bean 'beanNameHandlerMapping'
2024-10-30T23:52:12.880+03:00 DEBUG 3048 --- [t1debut_project] [           main] o.s.b.f.s.DefaultListableBeanFactory     : Autowiring by type from bean name 'beanNameHandlerMapping' via factory method to bean named 'mvcConversionService'
2024-10-30T23:52:12.881+03:00 DEBUG 3048 --- [t1debut_project] [           main] o.s.b.f.s.DefaultListableBeanFactory     : Autowiring by type from bean name 'beanNameHandlerMapping' via factory method to bean named 'mvcResourceUrlProvider'
2024-10-30T23:52:12.891+03:00 DEBUG 3048 --- [t1debut_project] [           main] o.s.b.f.s.DefaultListableBeanFactory     : Creating shared instance of singleton bean 'routerFunctionMapping'
2024-10-30T23:52:12.893+03:00 DEBUG 3048 --- [t1debut_project] [           main] o.s.b.f.s.DefaultListableBeanFactory     : Autowiring by type from bean name 'routerFunctionMapping' via factory method to bean named 'mvcConversionService'
2024-10-30T23:52:12.893+03:00 DEBUG 3048 --- [t1debut_project] [           main] o.s.b.f.s.DefaultListableBeanFactory     : Autowiring by type from bean name 'routerFunctionMapping' via factory method to bean named 'mvcResourceUrlProvider'
2024-10-30T23:52:12.896+03:00 DEBUG 3048 --- [t1debut_project] [           main] o.s.b.f.s.DefaultListableBeanFactory     : Creating shared instance of singleton bean 'messageConverters'
2024-10-30T23:52:12.896+03:00 DEBUG 3048 --- [t1debut_project] [           main] o.s.b.f.s.DefaultListableBeanFactory     : Creating shared instance of singleton bean 'org.springframework.boot.autoconfigure.http.HttpMessageConvertersAutoConfiguration'
2024-10-30T23:52:12.901+03:00 DEBUG 3048 --- [t1debut_project] [           main] o.s.b.f.s.DefaultListableBeanFactory     : Creating shared instance of singleton bean 'stringHttpMessageConverter'
2024-10-30T23:52:12.901+03:00 DEBUG 3048 --- [t1debut_project] [           main] o.s.b.f.s.DefaultListableBeanFactory     : Creating shared instance of singleton bean 'org.springframework.boot.autoconfigure.http.HttpMessageConvertersAutoConfiguration$StringHttpMessageConverterConfiguration'
2024-10-30T23:52:12.903+03:00 DEBUG 3048 --- [t1debut_project] [           main] o.s.b.f.s.DefaultListableBeanFactory     : Autowiring by type from bean name 'stringHttpMessageConverter' via factory method to bean named 'environment'
2024-10-30T23:52:12.912+03:00 DEBUG 3048 --- [t1debut_project] [           main] o.s.b.f.s.DefaultListableBeanFactory     : Creating shared instance of singleton bean 'mappingJackson2HttpMessageConverter'
2024-10-30T23:52:12.912+03:00 DEBUG 3048 --- [t1debut_project] [           main] o.s.b.f.s.DefaultListableBeanFactory     : Creating shared instance of singleton bean 'org.springframework.boot.autoconfigure.http.JacksonHttpMessageConvertersConfiguration$MappingJackson2HttpMessageConverterConfiguration'
2024-10-30T23:52:12.914+03:00 DEBUG 3048 --- [t1debut_project] [           main] o.s.b.f.s.DefaultListableBeanFactory     : Creating shared instance of singleton bean 'jacksonObjectMapper'
2024-10-30T23:52:12.915+03:00 DEBUG 3048 --- [t1debut_project] [           main] o.s.b.f.s.DefaultListableBeanFactory     : Creating shared instance of singleton bean 'org.springframework.boot.autoconfigure.jackson.JacksonAutoConfiguration$JacksonObjectMapperConfiguration'
2024-10-30T23:52:12.916+03:00 DEBUG 3048 --- [t1debut_project] [           main] o.s.b.f.s.DefaultListableBeanFactory     : Creating shared instance of singleton bean 'org.springframework.boot.autoconfigure.jackson.JacksonAutoConfiguration$JacksonObjectMapperBuilderConfiguration'
2024-10-30T23:52:12.919+03:00 DEBUG 3048 --- [t1debut_project] [           main] o.s.b.f.s.DefaultListableBeanFactory     : Creating shared instance of singleton bean 'standardJacksonObjectMapperBuilderCustomizer'
2024-10-30T23:52:12.920+03:00 DEBUG 3048 --- [t1debut_project] [           main] o.s.b.f.s.DefaultListableBeanFactory     : Creating shared instance of singleton bean 'org.springframework.boot.autoconfigure.jackson.JacksonAutoConfiguration$Jackson2ObjectMapperBuilderCustomizerConfiguration'
2024-10-30T23:52:12.928+03:00 DEBUG 3048 --- [t1debut_project] [           main] o.s.b.f.s.DefaultListableBeanFactory     : Creating shared instance of singleton bean 'spring.jackson-org.springframework.boot.autoconfigure.jackson.JacksonProperties'
2024-10-30T23:52:12.934+03:00 DEBUG 3048 --- [t1debut_project] [           main] o.s.b.f.s.DefaultListableBeanFactory     : Autowiring by type from bean name 'standardJacksonObjectMapperBuilderCustomizer' via factory method to bean named 'spring.jackson-org.springframework.boot.autoconfigure.jackson.JacksonProperties'
2024-10-30T23:52:12.936+03:00 DEBUG 3048 --- [t1debut_project] [           main] o.s.b.f.s.DefaultListableBeanFactory     : Creating shared instance of singleton bean 'parameterNamesModule'
2024-10-30T23:52:12.936+03:00 DEBUG 3048 --- [t1debut_project] [           main] o.s.b.f.s.DefaultListableBeanFactory     : Creating shared instance of singleton bean 'org.springframework.boot.autoconfigure.jackson.JacksonAutoConfiguration$ParameterNamesModuleConfiguration'
2024-10-30T23:52:12.942+03:00 DEBUG 3048 --- [t1debut_project] [           main] o.s.b.f.s.DefaultListableBeanFactory     : Creating shared instance of singleton bean 'jsonMixinModule'
2024-10-30T23:52:12.943+03:00 DEBUG 3048 --- [t1debut_project] [           main] o.s.b.f.s.DefaultListableBeanFactory     : Creating shared instance of singleton bean 'org.springframework.boot.autoconfigure.jackson.JacksonAutoConfiguration$JacksonMixinConfiguration'
2024-10-30T23:52:12.944+03:00 DEBUG 3048 --- [t1debut_project] [           main] o.s.b.f.s.DefaultListableBeanFactory     : Creating shared instance of singleton bean 'jsonMixinModuleEntries'
2024-10-30T23:52:12.945+03:00 DEBUG 3048 --- [t1debut_project] [           main] o.s.b.f.s.DefaultListableBeanFactory     : Autowiring by type from bean name 'jsonMixinModuleEntries' via factory method to bean named 'org.springframework.web.context.support.GenericWebApplicationContext@315ba14a'
2024-10-30T23:52:12.989+03:00 DEBUG 3048 --- [t1debut_project] [           main] o.s.b.f.s.DefaultListableBeanFactory     : Autowiring by type from bean name 'jsonMixinModule' via factory method to bean named 'org.springframework.web.context.support.GenericWebApplicationContext@315ba14a'
2024-10-30T23:52:12.989+03:00 DEBUG 3048 --- [t1debut_project] [           main] o.s.b.f.s.DefaultListableBeanFactory     : Autowiring by type from bean name 'jsonMixinModule' via factory method to bean named 'jsonMixinModuleEntries'
2024-10-30T23:52:12.994+03:00 DEBUG 3048 --- [t1debut_project] [           main] o.s.b.f.s.DefaultListableBeanFactory     : Creating shared instance of singleton bean 'jsonComponentModule'
2024-10-30T23:52:12.995+03:00 DEBUG 3048 --- [t1debut_project] [           main] o.s.b.f.s.DefaultListableBeanFactory     : Creating shared instance of singleton bean 'org.springframework.boot.autoconfigure.jackson.JacksonAutoConfiguration'
2024-10-30T23:52:13.007+03:00 DEBUG 3048 --- [t1debut_project] [           main] o.s.b.f.s.DefaultListableBeanFactory     : Creating shared instance of singleton bean 'jacksonGeoModule'
2024-10-30T23:52:13.008+03:00 DEBUG 3048 --- [t1debut_project] [           main] o.s.b.f.s.DefaultListableBeanFactory     : Creating shared instance of singleton bean 'org.springframework.data.web.config.SpringDataJacksonConfiguration'
2024-10-30T23:52:13.015+03:00 DEBUG 3048 --- [t1debut_project] [           main] o.s.b.f.s.DefaultListableBeanFactory     : Creating shared instance of singleton bean 'pageModule'
2024-10-30T23:52:13.023+03:00 DEBUG 3048 --- [t1debut_project] [           main] o.s.b.f.s.DefaultListableBeanFactory     : Autowiring by type from bean name 'jacksonObjectMapperBuilder' via factory method to bean named 'org.springframework.web.context.support.GenericWebApplicationContext@315ba14a'
2024-10-30T23:52:13.023+03:00 DEBUG 3048 --- [t1debut_project] [           main] o.s.b.f.s.DefaultListableBeanFactory     : Autowiring by type from bean name 'jacksonObjectMapperBuilder' via factory method to bean named 'standardJacksonObjectMapperBuilderCustomizer'
2024-10-30T23:52:13.031+03:00 DEBUG 3048 --- [t1debut_project] [           main] o.s.b.f.s.DefaultListableBeanFactory     : Autowiring by type from bean name 'jacksonObjectMapper' via factory method to bean named 'jacksonObjectMapperBuilder'
2024-10-30T23:52:13.078+03:00 DEBUG 3048 --- [t1debut_project] [           main] o.s.b.f.s.DefaultListableBeanFactory     : Autowiring by type from bean name 'mappingJackson2HttpMessageConverter' via factory method to bean named 'jacksonObjectMapper'
2024-10-30T23:52:13.154+03:00 DEBUG 3048 --- [t1debut_project] [           main] o.s.b.f.s.DefaultListableBeanFactory     : Creating shared instance of singleton bean 'resourceHandlerMapping'
2024-10-30T23:52:13.156+03:00 DEBUG 3048 --- [t1debut_project] [           main] o.s.b.f.s.DefaultListableBeanFactory     : Autowiring by type from bean name 'resourceHandlerMapping' via factory method to bean named 'mvcContentNegotiationManager'
2024-10-30T23:52:13.157+03:00 DEBUG 3048 --- [t1debut_project] [           main] o.s.b.f.s.DefaultListableBeanFactory     : Autowiring by type from bean name 'resourceHandlerMapping' via factory method to bean named 'mvcConversionService'
2024-10-30T23:52:13.157+03:00 DEBUG 3048 --- [t1debut_project] [           main] o.s.b.f.s.DefaultListableBeanFactory     : Autowiring by type from bean name 'resourceHandlerMapping' via factory method to bean named 'mvcResourceUrlProvider'
2024-10-30T23:52:13.906+03:00 DEBUG 3048 --- [t1debut_project] [           main] o.s.w.s.handler.SimpleUrlHandlerMapping  : Patterns [/webjars/**, /**, /swagger-ui*/*swagger-initializer.js, /swagger-ui*/**] in 'resourceHandlerMapping'
2024-10-30T23:52:13.910+03:00 DEBUG 3048 --- [t1debut_project] [           main] o.s.b.f.s.DefaultListableBeanFactory     : Creating shared instance of singleton bean 'defaultServletHandlerMapping'
2024-10-30T23:52:13.921+03:00 DEBUG 3048 --- [t1debut_project] [           main] o.s.b.f.s.DefaultListableBeanFactory     : Creating shared instance of singleton bean 'filterChain'
2024-10-30T23:52:13.922+03:00 DEBUG 3048 --- [t1debut_project] [           main] o.s.b.f.s.DefaultListableBeanFactory     : Autowiring by type from bean name 'filterChain' via factory method to bean named 'org.springframework.security.config.annotation.web.configuration.HttpSecurityConfiguration.httpSecurity'
2024-10-30T23:52:13.978+03:00 DEBUG 3048 --- [t1debut_project] [           main] o.s.s.web.DefaultSecurityFilterChain     : Will secure any request with filters: DisableEncodeUrlFilter, WebAsyncManagerIntegrationFilter, SecurityContextHolderFilter, HeaderWriterFilter, LogoutFilter, JwtAuthenticationFilter, RequestCacheAwareFilter, SecurityContextHolderAwareRequestFilter, AnonymousAuthenticationFilter, SessionManagementFilter, ExceptionTranslationFilter, AuthorizationFilter
2024-10-30T23:52:13.981+03:00 DEBUG 3048 --- [t1debut_project] [           main] o.s.b.f.s.DefaultListableBeanFactory     : Creating shared instance of singleton bean 'delegatingApplicationListener'
2024-10-30T23:52:13.982+03:00 DEBUG 3048 --- [t1debut_project] [           main] o.s.b.f.s.DefaultListableBeanFactory     : Creating shared instance of singleton bean 'springSecurityFilterChain'
2024-10-30T23:52:13.997+03:00 DEBUG 3048 --- [t1debut_project] [           main] o.s.b.f.s.DefaultListableBeanFactory     : Creating shared instance of singleton bean 'webSecurityExpressionHandler'
2024-10-30T23:52:13.998+03:00 DEBUG 3048 --- [t1debut_project] [           main] o.s.b.f.s.DefaultListableBeanFactory     : Creating shared instance of singleton bean 'privilegeEvaluator'
2024-10-30T23:52:13.999+03:00 DEBUG 3048 --- [t1debut_project] [           main] o.s.b.f.s.DefaultListableBeanFactory     : Creating shared instance of singleton bean 'requestDataValueProcessor'
2024-10-30T23:52:14.000+03:00 DEBUG 3048 --- [t1debut_project] [           main] o.s.b.f.s.DefaultListableBeanFactory     : Creating shared instance of singleton bean '_prePostMethodSecurityConfiguration'
2024-10-30T23:52:14.003+03:00 DEBUG 3048 --- [t1debut_project] [           main] o.s.b.f.s.DefaultListableBeanFactory     : Creating shared instance of singleton bean 'org.springframework.security.config.annotation.method.configuration.AuthorizationProxyConfiguration'
2024-10-30T23:52:14.004+03:00 DEBUG 3048 --- [t1debut_project] [           main] o.s.b.f.s.DefaultListableBeanFactory     : Creating shared instance of singleton bean 'authenticationManager'
2024-10-30T23:52:14.004+03:00 DEBUG 3048 --- [t1debut_project] [           main] o.s.b.f.s.DefaultListableBeanFactory     : Autowiring by type from bean name 'authenticationManager' via factory method to bean named 'org.springframework.security.config.annotation.authentication.configuration.AuthenticationConfiguration'
2024-10-30T23:52:14.005+03:00 DEBUG 3048 --- [t1debut_project] [           main] o.s.b.f.s.DefaultListableBeanFactory     : Creating shared instance of singleton bean 'org.springframework.boot.autoconfigure.context.PropertyPlaceholderAutoConfiguration'
2024-10-30T23:52:14.006+03:00 DEBUG 3048 --- [t1debut_project] [           main] o.s.b.f.s.DefaultListableBeanFactory     : Creating shared instance of singleton bean 'org.springframework.boot.autoconfigure.ssl.SslAutoConfiguration'
2024-10-30T23:52:14.007+03:00 DEBUG 3048 --- [t1debut_project] [           main] o.s.b.f.s.DefaultListableBeanFactory     : Creating shared instance of singleton bean 'spring.ssl-org.springframework.boot.autoconfigure.ssl.SslProperties'
2024-10-30T23:52:14.009+03:00 DEBUG 3048 --- [t1debut_project] [           main] o.s.b.f.s.DefaultListableBeanFactory     : Autowiring by type from bean name 'org.springframework.boot.autoconfigure.ssl.SslAutoConfiguration' via constructor to bean named 'org.springframework.web.context.support.GenericWebApplicationContext@315ba14a'
2024-10-30T23:52:14.010+03:00 DEBUG 3048 --- [t1debut_project] [           main] o.s.b.f.s.DefaultListableBeanFactory     : Autowiring by type from bean name 'org.springframework.boot.autoconfigure.ssl.SslAutoConfiguration' via constructor to bean named 'spring.ssl-org.springframework.boot.autoconfigure.ssl.SslProperties'
2024-10-30T23:52:14.011+03:00 DEBUG 3048 --- [t1debut_project] [           main] o.s.b.f.s.DefaultListableBeanFactory     : Creating shared instance of singleton bean 'fileWatcher'
2024-10-30T23:52:14.013+03:00 DEBUG 3048 --- [t1debut_project] [           main] o.s.b.f.s.DefaultListableBeanFactory     : Creating shared instance of singleton bean 'sslPropertiesSslBundleRegistrar'
2024-10-30T23:52:14.014+03:00 DEBUG 3048 --- [t1debut_project] [           main] o.s.b.f.s.DefaultListableBeanFactory     : Autowiring by type from bean name 'sslPropertiesSslBundleRegistrar' via factory method to bean named 'fileWatcher'
2024-10-30T23:52:14.017+03:00 DEBUG 3048 --- [t1debut_project] [           main] o.s.b.f.s.DefaultListableBeanFactory     : Creating shared instance of singleton bean 'sslBundleRegistry'
2024-10-30T23:52:14.022+03:00 DEBUG 3048 --- [t1debut_project] [           main] o.s.b.f.s.DefaultListableBeanFactory     : Creating shared instance of singleton bean 'org.springframework.boot.autoconfigure.websocket.servlet.WebSocketServletAutoConfiguration$TomcatWebSocketConfiguration'
2024-10-30T23:52:14.022+03:00 DEBUG 3048 --- [t1debut_project] [           main] o.s.b.f.s.DefaultListableBeanFactory     : Creating shared instance of singleton bean 'websocketServletWebServerCustomizer'
2024-10-30T23:52:14.025+03:00 DEBUG 3048 --- [t1debut_project] [           main] o.s.b.f.s.DefaultListableBeanFactory     : Creating shared instance of singleton bean 'org.springframework.boot.autoconfigure.websocket.servlet.WebSocketServletAutoConfiguration'
[...]
      Matched:
         - @ConditionalOnClass found required class 'org.springframework.boot.context.properties.bind.BindResult' (OnClassCondition)

   SpringDocConfiguration#springdocBeanFactoryPostProcessor2:
      Did not match:
         - @ConditionalOnMissingClass found unwanted class 'org.springframework.boot.context.properties.bind.BindResult' (OnClassCondition)

   SpringDocConfiguration.SpringDocActuatorConfiguration:
      Did not match:
         - @ConditionalOnClass did not find required class 'org.springframework.boot.actuate.autoconfigure.endpoint.web.WebEndpointProperties' (OnClassCondition)

   SpringDocConfiguration.SpringDocRepositoryRestConfiguration:
      Did not match:
         - @ConditionalOnClass did not find required class 'org.springframework.data.rest.core.config.RepositoryRestConfiguration' (OnClassCondition)

   SpringDocConfiguration.SpringDocWebFluxSupportConfiguration:
      Did not match:
         - @ConditionalOnClass did not find required class 'reactor.core.publisher.Flux' (OnClassCondition)

   SpringDocDataRestConfiguration:
      Did not match:
         - @ConditionalOnClass did not find required class 'org.springframework.data.rest.core.config.RepositoryRestConfiguration' (OnClassCondition)

   SpringDocFunctionCatalogConfiguration:
      Did not match:
         - @ConditionalOnClass did not find required class 'org.springframework.cloud.function.web.function.FunctionEndpointInitializer' (OnClassCondition)

   SpringDocGroovyConfiguration:
      Did not match:
         - @ConditionalOnClass did not find required class 'groovy.lang.MetaClass' (OnClassCondition)

   SpringDocHateoasConfiguration:
      Did not match:
         - @ConditionalOnClass did not find required class 'org.springframework.hateoas.server.LinkRelationProvider' (OnClassCondition)

   SpringDocJacksonKotlinModuleConfiguration:
      Did not match:
         - @ConditionalOnClass did not find required class 'com.fasterxml.jackson.module.kotlin.KotlinModule' (OnClassCondition)

   SpringDocJavadocConfiguration:
      Did not match:
         - @ConditionalOnClass did not find required class 'com.github.therapi.runtimejavadoc.CommentFormatter' (OnClassCondition)

   SpringDocKotlinConfiguration:
      Did not match:
         - @ConditionalOnClass did not find required class 'kotlin.coroutines.Continuation' (OnClassCondition)

   SpringDocKotlinxConfiguration:
      Did not match:
         - @ConditionalOnClass did not find required class 'kotlinx.coroutines.flow.Flow' (OnClassCondition)

   SpringDocNativeConfiguration:
      Did not match:
         - @ConditionalOnExpression (#{${springdoc.api-docs.enabled:true} and ${springdoc.enable-native-support:false}}) resulted in false (OnExpressionCondition)
      Matched:
         - @ConditionalOnWebApplication (required) found 'session' scope (OnWebApplicationCondition)

   SpringDocSecurityConfiguration.SpringDocSecurityOAuth2Configuration:
      Did not match:
         - @ConditionalOnClass did not find required class 'org.springframework.security.oauth2.server.authorization.OAuth2AuthorizationService' (OnClassCondition)

   SpringDocSecurityConfiguration.SpringSecurityLoginEndpointConfiguration#springSecurityLoginEndpointCustomiser:
      Did not match:
         - @ConditionalOnProperty (springdoc.show-login-endpoint) did not find property 'springdoc.show-login-endpoint' (OnPropertyCondition)

   SpringDocSortConfiguration#delegatingMethodParameterCustomizer:
      Did not match:
         - @ConditionalOnMissingBean (types: org.springdoc.core.customizers.DelegatingMethodParameterCustomizer; SearchStrategy: all) found beans of type 'org.springdoc.core.customizers.DelegatingMethodParameterCustomizer' delegatingMethodParameterCustomizer (OnBeanCondition)

   SpringDocWebMvcConfiguration.SpringDocWebMvcActuatorConfiguration:
      Did not match:
         - @ConditionalOnClass did not find required class 'org.springframework.boot.actuate.endpoint.web.servlet.WebMvcEndpointHandlerMapping' (OnClassCondition)

   SwaggerConfig#springWebProvider:
      Did not match:
         - @ConditionalOnMissingBean (types: org.springdoc.core.providers.SpringWebProvider; SearchStrategy: all) found beans of type 'org.springdoc.core.providers.SpringWebProvider' springWebProvider (OnBeanCondition)

   SwaggerConfig#swaggerUiConfigParameters:
      Did not match:
         - @ConditionalOnMissingBean (types: org.springdoc.core.properties.SwaggerUiConfigParameters; SearchStrategy: all) found beans of type 'org.springdoc.core.properties.SwaggerUiConfigParameters' org.springdoc.core.properties.SwaggerUiConfigParameters (OnBeanCondition)

   SwaggerConfig#swaggerUiHome:
      Did not match:
         - @ConditionalOnProperty (springdoc.swagger-ui.use-root-path=true) did not find property 'springdoc.swagger-ui.use-root-path' (OnPropertyCondition)

   SwaggerConfig.SwaggerActuatorWelcomeConfiguration:
      Did not match:
         - @ConditionalOnClass did not find required class 'org.springframework.boot.actuate.endpoint.web.servlet.WebMvcEndpointHandlerMapping' (OnClassCondition)

   TaskExecutorConfigurations.SimpleAsyncTaskExecutorBuilderConfiguration#simpleAsyncTaskExecutorBuilderVirtualThreads:
      Did not match:
         - @ConditionalOnMissingBean (types: org.springframework.boot.task.SimpleAsyncTaskExecutorBuilder; SearchStrategy: all) found beans of type 'org.springframework.boot.task.SimpleAsyncTaskExecutorBuilder' simpleAsyncTaskExecutorBuilder (OnBeanCondition)

   TaskExecutorConfigurations.TaskExecutorConfiguration#applicationTaskExecutorVirtualThreads:
      Did not match:
         - @ConditionalOnThreading did not find VIRTUAL (OnThreadingCondition)

   TaskSchedulingAutoConfiguration#scheduledBeanLazyInitializationExcludeFilter:
      Did not match:
         - @ConditionalOnBean (names: org.springframework.context.annotation.internalScheduledAnnotationProcessor; SearchStrategy: all) did not find any beans named org.springframework.context.annotation.internalScheduledAnnotationProcessor (OnBeanCondition)

   TaskSchedulingConfigurations.SimpleAsyncTaskSchedulerBuilderConfiguration#simpleAsyncTaskSchedulerBuilderVirtualThreads:
      Did not match:
         - @ConditionalOnMissingBean (types: org.springframework.boot.task.SimpleAsyncTaskSchedulerBuilder; SearchStrategy: all) found beans of type 'org.springframework.boot.task.SimpleAsyncTaskSchedulerBuilder' simpleAsyncTaskSchedulerBuilder (OnBeanCondition)

   TaskSchedulingConfigurations.TaskSchedulerConfiguration:
      Did not match:
         - @ConditionalOnBean (names: org.springframework.context.annotation.internalScheduledAnnotationProcessor; SearchStrategy: all) did not find any beans named org.springframework.context.annotation.internalScheduledAnnotationProcessor (OnBeanCondition)

   ThymeleafAutoConfiguration:
      Did not match:
         - @ConditionalOnClass did not find required class 'org.thymeleaf.spring6.SpringTemplateEngine' (OnClassCondition)

   TransactionAutoConfiguration#transactionalOperator:
      Did not match:
         - @ConditionalOnSingleCandidate (types: org.springframework.transaction.ReactiveTransactionManager; SearchStrategy: all) did not find any beans (OnBeanCondition)

   TransactionAutoConfiguration.AspectJTransactionManagementConfiguration:
      Did not match:
         - @ConditionalOnBean (types: org.springframework.transaction.aspectj.AbstractTransactionAspect; SearchStrategy: all) did not find any beans of type org.springframework.transaction.aspectj.AbstractTransactionAspect (OnBeanCondition)

   TransactionAutoConfiguration.EnableTransactionManagementConfiguration.JdkDynamicAutoProxyConfiguration:
      Did not match:
         - @ConditionalOnProperty (spring.aop.proxy-target-class=false) did not find property 'proxy-target-class' (OnPropertyCondition)

   UserDetailsServiceAutoConfiguration:
      Did not match:
         - @ConditionalOnMissingBean (types: org.springframework.security.authentication.AuthenticationManager,org.springframework.security.authentication.AuthenticationProvider,org.springframework.security.core.userdetails.UserDetailsService,org.springframework.security.authentication.AuthenticationManagerResolver,org.springframework.security.oauth2.jwt.JwtDecoder; SearchStrategy: all) found beans of type 'org.springframework.security.authentication.AuthenticationManager' authenticationManager and found beans of type 'org.springframework.security.core.userdetails.UserDetailsService' userDetailsServiceImpl (OnBeanCondition)
      Matched:
         - @ConditionalOnClass found required class 'org.springframework.security.authentication.AuthenticationManager' (OnClassCondition)
         - AnyNestedCondition 1 matched 2 did not; NestedCondition on UserDetailsServiceAutoConfiguration.MissingAlternativeOrUserPropertiesConfigured.PasswordConfigured @ConditionalOnProperty (spring.security.user.password) did not find property 'password'; NestedCondition on UserDetailsServiceAutoConfiguration.MissingAlternativeOrUserPropertiesConfigured.NameConfigured @ConditionalOnProperty (spring.security.user.name) did not find property 'name'; NestedCondition on UserDetailsServiceAutoConfiguration.MissingAlternativeOrUserPropertiesConfigured.MissingAlternative @ConditionalOnMissingClass did not find unwanted classes 'org.springframework.security.oauth2.client.registration.ClientRegistrationRepository', 'org.springframework.security.oauth2.server.resource.introspection.OpaqueTokenIntrospector', 'org.springframework.security.saml2.provider.service.registration.RelyingPartyRegistrationRepository' (UserDetailsServiceAutoConfiguration.MissingAlternativeOrUserPropertiesConfigured)

   WebClientAutoConfiguration:
      Did not match:
         - @ConditionalOnClass did not find required class 'org.springframework.web.reactive.function.client.WebClient' (OnClassCondition)

   WebFluxAutoConfiguration:
      Did not match:
         - @ConditionalOnClass did not find required class 'org.springframework.web.reactive.config.WebFluxConfigurer' (OnClassCondition)

   WebMvcAutoConfiguration#hiddenHttpMethodFilter:
      Did not match:
         - @ConditionalOnProperty (spring.mvc.hiddenmethod.filter.enabled) did not find property 'enabled' (OnPropertyCondition)

   WebMvcAutoConfiguration.ProblemDetailsErrorHandlingConfiguration:
      Did not match:
         - @ConditionalOnProperty (spring.mvc.problemdetails.enabled=true) did not find property 'enabled' (OnPropertyCondition)

   WebMvcAutoConfiguration.WebMvcAutoConfigurationAdapter#beanNameViewResolver:
      Did not match:
         - @ConditionalOnMissingBean (types: org.springframework.web.servlet.view.BeanNameViewResolver; SearchStrategy: all) found beans of type 'org.springframework.web.servlet.view.BeanNameViewResolver' beanNameViewResolver (OnBeanCondition)

   WebServiceTemplateAutoConfiguration:
      Did not match:
         - @ConditionalOnClass did not find required class 'org.springframework.oxm.Marshaller' (OnClassCondition)

   WebServicesAutoConfiguration:
      Did not match:
         - @ConditionalOnClass did not find required class 'org.springframework.ws.transport.http.MessageDispatcherServlet' (OnClassCondition)

   WebSessionIdResolverAutoConfiguration:
      Did not match:
         - @ConditionalOnClass did not find required class 'reactor.core.publisher.Mono' (OnClassCondition)

   WebSocketMessagingAutoConfiguration:
      Did not match:
         - @ConditionalOnClass did not find required class 'org.springframework.web.socket.config.annotation.WebSocketMessageBrokerConfigurer' (OnClassCondition)

   WebSocketReactiveAutoConfiguration:
      Did not match:
         - @ConditionalOnWebApplication did not find reactive web application classes (OnWebApplicationCondition)

   WebSocketServletAutoConfiguration.JettyWebSocketConfiguration:
      Did not match:
         - @ConditionalOnClass did not find required class 'org.eclipse.jetty.ee10.websocket.jakarta.server.config.JakartaWebSocketServletContainerInitializer' (OnClassCondition)

   WebSocketServletAutoConfiguration.UndertowWebSocketConfiguration:
      Did not match:
         - @ConditionalOnClass did not find required class 'io.undertow.websockets.jsr.Bootstrap' (OnClassCondition)

   XADataSourceAutoConfiguration:
      Did not match:
         - @ConditionalOnBean (types: org.springframework.boot.jdbc.XADataSourceWrapper; SearchStrategy: all) did not find any beans of type org.springframework.boot.jdbc.XADataSourceWrapper (OnBeanCondition)
      Matched:
         - @ConditionalOnClass found required classes 'javax.sql.DataSource', 'jakarta.transaction.TransactionManager', 'org.springframework.jdbc.datasource.embedded.EmbeddedDatabaseType' (OnClassCondition)


Exclusions:
-----------

    None


Unconditional classes:
----------------------

    org.springframework.boot.autoconfigure.context.ConfigurationPropertiesAutoConfiguration

    org.springframework.boot.autoconfigure.ssl.SslAutoConfiguration

    org.springframework.boot.autoconfigure.context.PropertyPlaceholderAutoConfiguration

    org.springframework.boot.autoconfigure.context.LifecycleAutoConfiguration

    org.springframework.boot.autoconfigure.availability.ApplicationAvailabilityAutoConfiguration

    org.springframework.boot.autoconfigure.info.ProjectInfoAutoConfiguration



2024-10-30T23:52:14.703+03:00  INFO 3048 --- [t1debut_project] [           main] C.b.t.T1debutProjectApplicationTests     : Started T1debutProjectApplicationTests in 7.747 seconds (process running for 9.083)
2024-10-30T23:52:14.705+03:00 DEBUG 3048 --- [t1debut_project] [           main] o.s.b.a.ApplicationAvailabilityBean      : Application availability state LivenessState changed to CORRECT
2024-10-30T23:52:14.709+03:00 DEBUG 3048 --- [t1debut_project] [           main] o.s.boot.devtools.restart.Restarter      : Creating new Restarter for thread Thread[main,5,main]
2024-10-30T23:52:14.709+03:00 DEBUG 3048 --- [t1debut_project] [           main] o.s.b.a.ApplicationAvailabilityBean      : Application availability state ReadinessState changed to ACCEPTING_TRAFFIC
2024-10-30T23:52:14.714+03:00 DEBUG 3048 --- [t1debut_project] [           main] org.springframework.test.context.cache   : Spring test ApplicationContext cache statistics: [DefaultContextCache@34e700f4 size = 1, maxSize = 32, parentContextCount = 0, hitCount = 0, missCount = 1, failureCount = 0]
2024-10-30T23:52:14.716+03:00 DEBUG 3048 --- [t1debut_project] [           main] o.s.t.c.w.ServletTestExecutionListener   : Setting up MockHttpServletRequest, MockHttpServletResponse, ServletWebRequest, and RequestContextHolder for test class ClubCard.backend.t1debut_project.T1debutProjectApplicationTests
2024-10-30T23:52:14.737+03:00 DEBUG 3048 --- [t1debut_project] [           main] DependencyInjectionTestExecutionListener : Performing dependency injection for test class ClubCard.backend.t1debut_project.T1debutProjectApplicationTests
2024-10-30T23:52:14.738+03:00 DEBUG 3048 --- [t1debut_project] [           main] org.springframework.test.context.cache   : Spring test ApplicationContext cache statistics: [DefaultContextCache@34e700f4 size = 1, maxSize = 32, parentContextCount = 0, hitCount = 1, missCount = 1, failureCount = 0]
2024-10-30T23:52:14.740+03:00 DEBUG 3048 --- [t1debut_project] [           main] org.springframework.test.context.cache   : Spring test ApplicationContext cache statistics: [DefaultContextCache@34e700f4 size = 1, maxSize = 32, parentContextCount = 0, hitCount = 2, missCount = 1, failureCount = 0]
2024-10-30T23:52:14.751+03:00 DEBUG 3048 --- [t1debut_project] [           main] sContextBeforeModesTestExecutionListener : Before test method: class [T1debutProjectApplicationTests], method [contextLoads], class annotated with @DirtiesContext [false] with mode [null], method annotated with @DirtiesContext [false] with mode [null]
2024-10-30T23:52:14.756+03:00 DEBUG 3048 --- [t1debut_project] [           main] org.springframework.test.context.cache   : Spring test ApplicationContext cache statistics: [DefaultContextCache@34e700f4 size = 1, maxSize = 32, parentContextCount = 0, hitCount = 3, missCount = 1, failureCount = 0]
2024-10-30T23:52:14.758+03:00 DEBUG 3048 --- [t1debut_project] [           main] org.springframework.test.context.cache   : Spring test ApplicationContext cache statistics: [DefaultContextCache@34e700f4 size = 1, maxSize = 32, parentContextCount = 0, hitCount = 4, missCount = 1, failureCount = 0]
2024-10-30T23:52:15.432+03:00 DEBUG 3048 --- [t1debut_project] [           main] org.springframework.test.context.cache   : Spring test ApplicationContext cache statistics: [DefaultContextCache@34e700f4 size = 1, maxSize = 32, parentContextCount = 0, hitCount = 5, missCount = 1, failureCount = 0]
2024-10-30T23:52:15.440+03:00 DEBUG 3048 --- [t1debut_project] [           main] org.springframework.test.context.cache   : Spring test ApplicationContext cache statistics: [DefaultContextCache@34e700f4 size = 1, maxSize = 32, parentContextCount = 0, hitCount = 6, missCount = 1, failureCount = 0]
2024-10-30T23:52:15.442+03:00 DEBUG 3048 --- [t1debut_project] [           main] org.springframework.test.context.cache   : Spring test ApplicationContext cache statistics: [DefaultContextCache@34e700f4 size = 1, maxSize = 32, parentContextCount = 0, hitCount = 7, missCount = 1, failureCount = 0]
2024-10-30T23:52:15.442+03:00 DEBUG 3048 --- [t1debut_project] [           main] org.springframework.test.context.cache   : Spring test ApplicationContext cache statistics: [DefaultContextCache@34e700f4 size = 1, maxSize = 32, parentContextCount = 0, hitCount = 8, missCount = 1, failureCount = 0]
2024-10-30T23:52:15.443+03:00 DEBUG 3048 --- [t1debut_project] [           main] org.springframework.test.context.cache   : Spring test ApplicationContext cache statistics: [DefaultContextCache@34e700f4 size = 1, maxSize = 32, parentContextCount = 0, hitCount = 9, missCount = 1, failureCount = 0]
2024-10-30T23:52:15.445+03:00 DEBUG 3048 --- [t1debut_project] [           main] org.springframework.test.context.cache   : Spring test ApplicationContext cache statistics: [DefaultContextCache@34e700f4 size = 1, maxSize = 32, parentContextCount = 0, hitCount = 10, missCount = 1, failureCount = 0]
2024-10-30T23:52:15.446+03:00 DEBUG 3048 --- [t1debut_project] [           main] org.springframework.test.context.cache   : Spring test ApplicationContext cache statistics: [DefaultContextCache@34e700f4 size = 1, maxSize = 32, parentContextCount = 0, hitCount = 11, missCount = 1, failureCount = 0]
2024-10-30T23:52:15.448+03:00 DEBUG 3048 --- [t1debut_project] [           main] org.springframework.test.context.cache   : Spring test ApplicationContext cache statistics: [DefaultContextCache@34e700f4 size = 1, maxSize = 32, parentContextCount = 0, hitCount = 12, missCount = 1, failureCount = 0]
2024-10-30T23:52:15.449+03:00 DEBUG 3048 --- [t1debut_project] [           main] .c.s.DirtiesContextTestExecutionListener : After test method: class [T1debutProjectApplicationTests], method [contextLoads], class annotated with @DirtiesContext [false] with mode [null], method annotated with @DirtiesContext [false] with mode [null]
2024-10-30T23:52:15.449+03:00 DEBUG 3048 --- [t1debut_project] [           main] o.s.t.c.w.ServletTestExecutionListener   : Resetting RequestContextHolder for test class ClubCard.backend.t1debut_project.T1debutProjectApplicationTests
]]></system-out>
  </testcase>
</testsuite>