<?xml version="1.0" encoding="UTF-8"?>
<testsuite xmlns:xsi="http://www.w3.org/2001/XMLSchema-instance" xsi:noNamespaceSchemaLocation="https://maven.apache.org/surefire/maven-surefire-plugin/xsd/surefire-test-report-3.0.xsd" version="3.0" name="ClubCard.backend.t1debut_project.T1debutProjectApplicationTests" time="7.414" tests="1" errors="0" skipped="0" failures="0">
  <properties>
[...]
</properties>
  <testcase name="contextLoads" classname="ClubCard.backend.t1debut_project.T1debutProjectApplicationTests" time="0.498">
    <system-out><![CDATA[04:17:57.088 [main] INFO org.springframework.test.context.support.AnnotationConfigContextLoaderUtils -- Could not detect default configuration classes for test class [ClubCard.backend.t1debut_project.T1debutProjectApplicationTests]: T1debutProjectApplicationTests does not declare any static, non-private, non-final, nested classes annotated with @Configuration.
04:17:57.221 [main] INFO org.springframework.boot.test.context.SpringBootTestContextBootstrapper -- Found @SpringBootConfiguration ClubCard.backend.t1debut_project.T1debutProjectApplication for test class ClubCard.backend.t1debut_project.T1debutProjectApplicationTests
04:17:57.431 [main] INFO org.springframework.boot.devtools.restart.RestartApplicationListener -- Restart disabled due to context in which it is running

  .   ____          _            __ _ _
 /\\ / ___'_ __ _ _(_)_ __  __ _ \ \ \ \
( ( )\___ | '_ | '_| | '_ \/ _` | \ \ \ \
 \\/  ___)| |_)| | | | | || (_| |  ) ) ) )
  '  |____| .__|_| |_|_| |_\__, | / / / /
 =========|_|==============|___/=/_/_/_/

 :: Spring Boot ::                (v3.3.5)

2024-10-31T04:17:57.756+03:00  INFO 1912 --- [t1debut_project] [           main] C.b.t.T1debutProjectApplicationTests     : Starting T1debutProjectApplicationTests using Java 17.0.9 with PID 1912 (started by Admin in D:\Новая папка (6)\Новая папка\test2\t1debut_project)
2024-10-31T04:17:57.758+03:00  INFO 1912 --- [t1debut_project] [           main] C.b.t.T1debutProjectApplicationTests     : No active profile set, falling back to 1 default profile: "default"
2024-10-31T04:17:57.759+03:00 DEBUG 1912 --- [t1debut_project] [           main] o.s.boot.SpringApplication               : Loading source class ClubCard.backend.t1debut_project.T1debutProjectApplication
2024-10-31T04:17:57.801+03:00 DEBUG 1912 --- [t1debut_project] [           main] o.s.w.c.s.GenericWebApplicationContext   : Refreshing org.springframework.web.context.support.GenericWebApplicationContext@1bdaa23d
2024-10-31T04:17:57.825+03:00 DEBUG 1912 --- [t1debut_project] [           main] o.s.b.f.s.DefaultListableBeanFactory     : Creating shared instance of singleton bean 'org.springframework.context.annotation.internalConfigurationAnnotationProcessor'
2024-10-31T04:17:57.839+03:00 DEBUG 1912 --- [t1debut_project] [           main] o.s.b.f.s.DefaultListableBeanFactory     : Creating shared instance of singleton bean 'org.springframework.boot.autoconfigure.internalCachingMetadataReaderFactory'
2024-10-31T04:17:57.898+03:00 DEBUG 1912 --- [t1debut_project] [           main] o.s.c.a.ClassPathBeanDefinitionScanner   : Identified candidate component class: file [D:\Новая папка (6)\Новая папка\test2\t1debut_project\target\classes\ClubCard\backend\t1debut_project\controllers\AdminController.class]
2024-10-31T04:17:57.910+03:00 DEBUG 1912 --- [t1debut_project] [           main] o.s.c.a.ClassPathBeanDefinitionScanner   : Identified candidate component class: file [D:\Новая папка (6)\Новая папка\test2\t1debut_project\target\classes\ClubCard\backend\t1debut_project\controllers\AuthenticationController.class]
2024-10-31T04:17:57.921+03:00 DEBUG 1912 --- [t1debut_project] [           main] o.s.c.a.ClassPathBeanDefinitionScanner   : Identified candidate component class: file [D:\Новая папка (6)\Новая папка\test2\t1debut_project\target\classes\ClubCard\backend\t1debut_project\controllers\ProfileController.class]
2024-10-31T04:17:57.933+03:00 DEBUG 1912 --- [t1debut_project] [           main] o.s.c.a.ClassPathBeanDefinitionScanner   : Identified candidate component class: file [D:\Новая папка (6)\Новая папка\test2\t1debut_project\target\classes\ClubCard\backend\t1debut_project\controllers\SetupController.class]
2024-10-31T04:17:57.936+03:00 DEBUG 1912 --- [t1debut_project] [           main] o.s.c.a.ClassPathBeanDefinitionScanner   : Identified candidate component class: file [D:\Новая папка (6)\Новая папка\test2\t1debut_project\target\classes\ClubCard\backend\t1debut_project\controllers\UserController.class]
2024-10-31T04:17:57.939+03:00 DEBUG 1912 --- [t1debut_project] [           main] o.s.c.a.ClassPathBeanDefinitionScanner   : Identified candidate component class: file [D:\Новая папка (6)\Новая папка\test2\t1debut_project\target\classes\ClubCard\backend\t1debut_project\controllers\VirtualCardController.class]
2024-10-31T04:17:57.996+03:00 DEBUG 1912 --- [t1debut_project] [           main] o.s.c.a.ClassPathBeanDefinitionScanner   : Identified candidate component class: file [D:\Новая папка (6)\Новая папка\test2\t1debut_project\target\classes\ClubCard\backend\t1debut_project\security\JwtAuthenticationFilter.class]
2024-10-31T04:17:57.998+03:00 DEBUG 1912 --- [t1debut_project] [           main] o.s.c.a.ClassPathBeanDefinitionScanner   : Identified candidate component class: file [D:\Новая папка (6)\Новая папка\test2\t1debut_project\target\classes\ClubCard\backend\t1debut_project\security\JwtTokenProvider.class]
2024-10-31T04:17:58.016+03:00 DEBUG 1912 --- [t1debut_project] [           main] o.s.c.a.ClassPathBeanDefinitionScanner   : Identified candidate component class: file [D:\Новая папка (6)\Новая папка\test2\t1debut_project\target\classes\ClubCard\backend\t1debut_project\security\SecurityConfig.class]
2024-10-31T04:17:58.024+03:00 DEBUG 1912 --- [t1debut_project] [           main] o.s.c.a.ClassPathBeanDefinitionScanner   : Identified candidate component class: file [D:\Новая папка (6)\Новая папка\test2\t1debut_project\target\classes\ClubCard\backend\t1debut_project\utils\GlobalExceptionHandler.class]
2024-10-31T04:17:58.027+03:00 DEBUG 1912 --- [t1debut_project] [           main] o.s.c.a.ClassPathBeanDefinitionScanner   : Identified candidate component class: file [D:\Новая папка (6)\Новая папка\test2\t1debut_project\target\classes\ClubCard\backend\t1debut_project\utils\UserDetailsServiceImpl.class]
2024-10-31T04:17:58.037+03:00 DEBUG 1912 --- [t1debut_project] [           main] o.s.c.a.ClassPathBeanDefinitionScanner   : Identified candidate component class: file [D:\Новая папка (6)\Новая папка\test2\t1debut_project\target\classes\ClubCard\backend\t1debut_project\utils\UserService.class]
2024-10-31T04:17:58.038+03:00 DEBUG 1912 --- [t1debut_project] [           main] o.s.c.a.ClassPathBeanDefinitionScanner   : Identified candidate component class: file [D:\Новая папка (6)\Новая папка\test2\t1debut_project\target\classes\ClubCard\backend\t1debut_project\utils\VirtualCardService.class]
2024-10-31T04:17:58.895+03:00  INFO 1912 --- [t1debut_project] [           main] .s.d.r.c.RepositoryConfigurationDelegate : Bootstrapping Spring Data JPA repositories in DEFAULT mode.
2024-10-31T04:17:58.903+03:00 DEBUG 1912 --- [t1debut_project] [           main] o.s.b.f.s.DefaultListableBeanFactory     : Creating shared instance of singleton bean 'org.springframework.boot.autoconfigure.AutoConfigurationPackages'
2024-10-31T04:17:58.910+03:00 DEBUG 1912 --- [t1debut_project] [           main] o.s.b.a.AutoConfigurationPackages        : @EnableAutoConfiguration was declared on a class in the package 'ClubCard.backend.t1debut_project'. Automatic @Repository and @Entity scanning is enabled.
2024-10-31T04:17:58.910+03:00 DEBUG 1912 --- [t1debut_project] [           main] .s.d.r.c.RepositoryConfigurationDelegate : Scanning for JPA repositories in packages ClubCard.backend.t1debut_project.
2024-10-31T04:17:58.921+03:00 DEBUG 1912 --- [t1debut_project] [           main] o.s.d.r.c.RepositoryComponentProvider    : Identified candidate component class: file [D:\Новая папка (6)\Новая папка\test2\t1debut_project\target\classes\ClubCard\backend\t1debut_project\utils\BlacklistTokenRepository.class]
2024-10-31T04:17:58.921+03:00 DEBUG 1912 --- [t1debut_project] [           main] o.s.d.r.c.RepositoryComponentProvider    : Identified candidate component class: file [D:\Новая папка (6)\Новая папка\test2\t1debut_project\target\classes\ClubCard\backend\t1debut_project\utils\UserRepository.class]
2024-10-31T04:17:58.943+03:00 DEBUG 1912 --- [t1debut_project] [           main] ssPathScanningCandidateComponentProvider : Identified candidate component class: file [D:\Новая папка (6)\Новая папка\test2\t1debut_project\target\classes\ClubCard\backend\t1debut_project\utils\UserDetailsServiceImpl.class]
2024-10-31T04:17:58.955+03:00  INFO 1912 --- [t1debut_project] [           main] .s.d.r.c.RepositoryConfigurationDelegate : Finished Spring Data repository scanning in 44 ms. Found 2 JPA repository interfaces.
2024-10-31T04:17:59.077+03:00 DEBUG 1912 --- [t1debut_project] [           main] o.s.b.f.s.DefaultListableBeanFactory     : Creating shared instance of singleton bean 'springSecurityHandlerMappingIntrospectorBeanDefinitionRegistryPostProcessor'
2024-10-31T04:17:59.171+03:00 DEBUG 1912 --- [t1debut_project] [           main] o.s.b.f.s.DefaultListableBeanFactory     : Creating shared instance of singleton bean 'propertySourcesPlaceholderConfigurer'
2024-10-31T04:17:59.176+03:00 DEBUG 1912 --- [t1debut_project] [           main] o.s.b.f.s.DefaultListableBeanFactory     : Creating shared instance of singleton bean 'org.springframework.boot.test.mock.mockito.MockitoPostProcessor'
2024-10-31T04:17:59.177+03:00 DEBUG 1912 --- [t1debut_project] [           main] o.s.b.f.s.DefaultListableBeanFactory     : Creating shared instance of singleton bean 'emBeanDefinitionRegistrarPostProcessor'
2024-10-31T04:17:59.178+03:00 DEBUG 1912 --- [t1debut_project] [           main] o.s.b.f.s.DefaultListableBeanFactory     : Creating shared instance of singleton bean 'org.springframework.boot.sql.init.dependency.DatabaseInitializationDependencyConfigurer$DependsOnDatabaseInitializationPostProcessor'
2024-10-31T04:17:59.248+03:00 DEBUG 1912 --- [t1debut_project] [           main] o.s.b.f.s.DefaultListableBeanFactory     : Creating shared instance of singleton bean 'org.springframework.context.event.internalEventListenerProcessor'
2024-10-31T04:17:59.250+03:00 DEBUG 1912 --- [t1debut_project] [           main] o.s.b.f.s.DefaultListableBeanFactory     : Creating shared instance of singleton bean 'conversionServicePostProcessor'
2024-10-31T04:17:59.258+03:00 DEBUG 1912 --- [t1debut_project] [           main] o.s.b.f.s.DefaultListableBeanFactory     : Creating shared instance of singleton bean 'preserveErrorControllerTargetClassPostProcessor'
2024-10-31T04:17:59.259+03:00 DEBUG 1912 --- [t1debut_project] [           main] o.s.b.f.s.DefaultListableBeanFactory     : Creating shared instance of singleton bean 'org.springframework.context.event.internalEventListenerFactory'
2024-10-31T04:17:59.259+03:00 DEBUG 1912 --- [t1debut_project] [           main] o.s.b.f.s.DefaultListableBeanFactory     : Creating shared instance of singleton bean 'org.springframework.transaction.config.internalTransactionalEventListenerFactory'
2024-10-31T04:17:59.263+03:00 DEBUG 1912 --- [t1debut_project] [           main] o.s.b.f.s.DefaultListableBeanFactory     : Creating shared instance of singleton bean 'org.springframework.boot.test.mock.mockito.MockitoPostProcessor$SpyPostProcessor'
2024-10-31T04:17:59.264+03:00 DEBUG 1912 --- [t1debut_project] [           main] o.s.b.f.s.DefaultListableBeanFactory     : Creating shared instance of singleton bean 'org.springframework.context.annotation.internalAutowiredAnnotationProcessor'
2024-10-31T04:17:59.267+03:00 DEBUG 1912 --- [t1debut_project] [           main] o.s.b.f.s.DefaultListableBeanFactory     : Creating shared instance of singleton bean 'org.springframework.context.annotation.internalCommonAnnotationProcessor'
2024-10-31T04:17:59.271+03:00 DEBUG 1912 --- [t1debut_project] [           main] o.s.b.f.s.DefaultListableBeanFactory     : Creating shared instance of singleton bean 'org.springframework.context.annotation.internalPersistenceAnnotationProcessor'
2024-10-31T04:17:59.272+03:00 DEBUG 1912 --- [t1debut_project] [           main] o.s.b.f.s.DefaultListableBeanFactory     : Creating shared instance of singleton bean 'org.springframework.boot.context.properties.ConfigurationPropertiesBindingPostProcessor'
2024-10-31T04:17:59.273+03:00 DEBUG 1912 --- [t1debut_project] [           main] o.s.b.f.s.DefaultListableBeanFactory     : Creating shared instance of singleton bean 'org.springframework.boot.context.internalConfigurationPropertiesBinder'
2024-10-31T04:17:59.275+03:00 DEBUG 1912 --- [t1debut_project] [           main] o.s.b.f.s.DefaultListableBeanFactory     : Creating shared instance of singleton bean 'jdbcConnectionDetailsHikariBeanPostProcessor'
2024-10-31T04:17:59.279+03:00 DEBUG 1912 --- [t1debut_project] [           main] o.s.b.f.s.DefaultListableBeanFactory     : Creating shared instance of singleton bean 'org.springframework.aop.config.internalAutoProxyCreator'
2024-10-31T04:17:59.300+03:00 DEBUG 1912 --- [t1debut_project] [           main] o.s.b.f.s.DefaultListableBeanFactory     : Creating shared instance of singleton bean 'methodValidationPostProcessor'
2024-10-31T04:17:59.317+03:00 DEBUG 1912 --- [t1debut_project] [           main] o.s.b.f.s.DefaultListableBeanFactory     : Autowiring by type from bean name 'methodValidationPostProcessor' via factory method to bean named 'environment'
2024-10-31T04:17:59.318+03:00 DEBUG 1912 --- [t1debut_project] [           main] o.s.b.f.s.DefaultListableBeanFactory     : Creating shared instance of singleton bean 'org.springframework.boot.context.properties.EnableConfigurationPropertiesRegistrar.methodValidationExcludeFilter'
2024-10-31T04:17:59.339+03:00 DEBUG 1912 --- [t1debut_project] [           main] o.s.b.f.s.DefaultListableBeanFactory     : Creating shared instance of singleton bean 'persistenceExceptionTranslationPostProcessor'
2024-10-31T04:17:59.340+03:00 DEBUG 1912 --- [t1debut_project] [           main] o.s.b.f.s.DefaultListableBeanFactory     : Autowiring by type from bean name 'persistenceExceptionTranslationPostProcessor' via factory method to bean named 'environment'
2024-10-31T04:17:59.343+03:00 DEBUG 1912 --- [t1debut_project] [           main] o.s.b.f.s.DefaultListableBeanFactory     : Creating shared instance of singleton bean 'webServerFactoryCustomizerBeanPostProcessor'
2024-10-31T04:17:59.344+03:00 DEBUG 1912 --- [t1debut_project] [           main] o.s.b.f.s.DefaultListableBeanFactory     : Creating shared instance of singleton bean 'errorPageRegistrarBeanPostProcessor'
2024-10-31T04:17:59.345+03:00 DEBUG 1912 --- [t1debut_project] [           main] o.s.b.f.s.DefaultListableBeanFactory     : Creating shared instance of singleton bean 'projectingArgumentResolverBeanPostProcessor'
2024-10-31T04:17:59.347+03:00 DEBUG 1912 --- [t1debut_project] [           main] o.s.b.f.s.DefaultListableBeanFactory     : Creating shared instance of singleton bean 'preFilterAuthorizationAdvisor'
2024-10-31T04:17:59.348+03:00 DEBUG 1912 --- [t1debut_project] [           main] o.s.b.f.s.DefaultListableBeanFactory     : Creating shared instance of singleton bean 'preFilterAuthorizationMethodInterceptor'
2024-10-31T04:17:59.369+03:00 DEBUG 1912 --- [t1debut_project] [           main] o.s.b.f.s.DefaultListableBeanFactory     : Creating shared instance of singleton bean 'preAuthorizeAuthorizationAdvisor'
2024-10-31T04:17:59.369+03:00 DEBUG 1912 --- [t1debut_project] [           main] o.s.b.f.s.DefaultListableBeanFactory     : Creating shared instance of singleton bean 'preAuthorizeAuthorizationMethodInterceptor'
2024-10-31T04:17:59.370+03:00 DEBUG 1912 --- [t1debut_project] [           main] o.s.b.f.s.DefaultListableBeanFactory     : Creating shared instance of singleton bean 'postFilterAuthorizationAdvisor'
2024-10-31T04:17:59.371+03:00 DEBUG 1912 --- [t1debut_project] [           main] o.s.b.f.s.DefaultListableBeanFactory     : Creating shared instance of singleton bean 'postFilterAuthorizationMethodInterceptor'
2024-10-31T04:17:59.372+03:00 DEBUG 1912 --- [t1debut_project] [           main] o.s.b.f.s.DefaultListableBeanFactory     : Creating shared instance of singleton bean 'postAuthorizeAuthorizationAdvisor'
2024-10-31T04:17:59.372+03:00 DEBUG 1912 --- [t1debut_project] [           main] o.s.b.f.s.DefaultListableBeanFactory     : Creating shared instance of singleton bean 'postAuthorizeAuthorizationMethodInterceptor'
2024-10-31T04:17:59.373+03:00 DEBUG 1912 --- [t1debut_project] [           main] o.s.b.f.s.DefaultListableBeanFactory     : Creating shared instance of singleton bean 'authorizeReturnObjectAdvisor'
2024-10-31T04:17:59.373+03:00 DEBUG 1912 --- [t1debut_project] [           main] o.s.b.f.s.DefaultListableBeanFactory     : Creating shared instance of singleton bean 'authorizeReturnObjectMethodInterceptor'
2024-10-31T04:17:59.374+03:00 DEBUG 1912 --- [t1debut_project] [           main] o.s.b.f.s.DefaultListableBeanFactory     : Creating shared instance of singleton bean 'authorizationProxyFactory'
2024-10-31T04:17:59.375+03:00 DEBUG 1912 --- [t1debut_project] [           main] o.s.b.f.s.DefaultListableBeanFactory     : Creating shared instance of singleton bean 'org.springframework.transaction.config.internalTransactionAdvisor'
2024-10-31T04:17:59.375+03:00 DEBUG 1912 --- [t1debut_project] [           main] o.s.b.f.s.DefaultListableBeanFactory     : Creating shared instance of singleton bean 'org.springframework.transaction.annotation.ProxyTransactionManagementConfiguration'
2024-10-31T04:17:59.388+03:00 DEBUG 1912 --- [t1debut_project] [           main] o.s.b.f.s.DefaultListableBeanFactory     : Creating shared instance of singleton bean 'transactionAttributeSource'
2024-10-31T04:17:59.391+03:00 DEBUG 1912 --- [t1debut_project] [           main] o.s.b.f.s.DefaultListableBeanFactory     : Creating shared instance of singleton bean 'transactionInterceptor'
2024-10-31T04:17:59.392+03:00 DEBUG 1912 --- [t1debut_project] [           main] o.s.b.f.s.DefaultListableBeanFactory     : Autowiring by type from bean name 'transactionInterceptor' via factory method to bean named 'transactionAttributeSource'
2024-10-31T04:17:59.397+03:00 DEBUG 1912 --- [t1debut_project] [           main] o.s.b.f.s.DefaultListableBeanFactory     : Autowiring by type from bean name 'org.springframework.transaction.config.internalTransactionAdvisor' via factory method to bean named 'transactionAttributeSource'
2024-10-31T04:17:59.397+03:00 DEBUG 1912 --- [t1debut_project] [           main] o.s.b.f.s.DefaultListableBeanFactory     : Autowiring by type from bean name 'org.springframework.transaction.config.internalTransactionAdvisor' via factory method to bean named 'transactionInterceptor'
2024-10-31T04:17:59.408+03:00 DEBUG 1912 --- [t1debut_project] [           main] o.s.b.f.s.DefaultListableBeanFactory     : Autowiring by type from bean name 'authorizeReturnObjectMethodInterceptor' via factory method to bean named 'authorizationProxyFactory'
2024-10-31T04:17:59.433+03:00 DEBUG 1912 --- [t1debut_project] [           main] o.s.u.c.s.UiApplicationContextUtils      : Unable to locate ThemeSource with name 'themeSource': using default [org.springframework.ui.context.support.ResourceBundleThemeSource@35dece42]
2024-10-31T04:17:59.434+03:00 DEBUG 1912 --- [t1debut_project] [           main] o.s.b.f.s.DefaultListableBeanFactory     : Creating shared instance of singleton bean 'dataSourceScriptDatabaseInitializer'
2024-10-31T04:17:59.434+03:00 DEBUG 1912 --- [t1debut_project] [           main] o.s.b.f.s.DefaultListableBeanFactory     : Creating shared instance of singleton bean 'org.springframework.boot.autoconfigure.sql.init.DataSourceInitializationConfiguration'
2024-10-31T04:17:59.438+03:00 DEBUG 1912 --- [t1debut_project] [           main] o.s.b.f.s.DefaultListableBeanFactory     : Creating shared instance of singleton bean 'dataSource'
2024-10-31T04:17:59.439+03:00 DEBUG 1912 --- [t1debut_project] [           main] o.s.b.f.s.DefaultListableBeanFactory     : Creating shared instance of singleton bean 'org.springframework.boot.autoconfigure.jdbc.DataSourceConfiguration$Hikari'
2024-10-31T04:17:59.441+03:00 DEBUG 1912 --- [t1debut_project] [           main] o.s.b.f.s.DefaultListableBeanFactory     : Creating shared instance of singleton bean 'spring.datasource-org.springframework.boot.autoconfigure.jdbc.DataSourceProperties'
2024-10-31T04:17:59.443+03:00 DEBUG 1912 --- [t1debut_project] [           main] o.s.b.f.s.DefaultListableBeanFactory     : Creating shared instance of singleton bean 'org.springframework.boot.context.properties.BoundConfigurationProperties'
2024-10-31T04:17:59.465+03:00 DEBUG 1912 --- [t1debut_project] [           main] o.s.b.f.s.DefaultListableBeanFactory     : Creating shared instance of singleton bean 'jdbcConnectionDetails'
2024-10-31T04:17:59.466+03:00 DEBUG 1912 --- [t1debut_project] [           main] o.s.b.f.s.DefaultListableBeanFactory     : Creating shared instance of singleton bean 'org.springframework.boot.autoconfigure.jdbc.DataSourceAutoConfiguration$PooledDataSourceConfiguration'
2024-10-31T04:17:59.467+03:00 DEBUG 1912 --- [t1debut_project] [           main] o.s.b.f.s.DefaultListableBeanFactory     : Autowiring by type from bean name 'jdbcConnectionDetails' via factory method to bean named 'spring.datasource-org.springframework.boot.autoconfigure.jdbc.DataSourceProperties'
2024-10-31T04:17:59.469+03:00 DEBUG 1912 --- [t1debut_project] [           main] o.s.b.f.s.DefaultListableBeanFactory     : Autowiring by type from bean name 'dataSource' via factory method to bean named 'spring.datasource-org.springframework.boot.autoconfigure.jdbc.DataSourceProperties'
2024-10-31T04:17:59.469+03:00 DEBUG 1912 --- [t1debut_project] [           main] o.s.b.f.s.DefaultListableBeanFactory     : Autowiring by type from bean name 'dataSource' via factory method to bean named 'jdbcConnectionDetails'
2024-10-31T04:17:59.494+03:00 DEBUG 1912 --- [t1debut_project] [           main] o.s.b.f.s.DefaultListableBeanFactory     : Creating shared instance of singleton bean 'spring.sql.init-org.springframework.boot.autoconfigure.sql.init.SqlInitializationProperties'
2024-10-31T04:17:59.498+03:00 DEBUG 1912 --- [t1debut_project] [           main] o.s.b.f.s.DefaultListableBeanFactory     : Autowiring by type from bean name 'dataSourceScriptDatabaseInitializer' via factory method to bean named 'dataSource'
2024-10-31T04:17:59.498+03:00 DEBUG 1912 --- [t1debut_project] [           main] o.s.b.f.s.DefaultListableBeanFactory     : Autowiring by type from bean name 'dataSourceScriptDatabaseInitializer' via factory method to bean named 'spring.sql.init-org.springframework.boot.autoconfigure.sql.init.SqlInitializationProperties'
2024-10-31T04:17:59.504+03:00 DEBUG 1912 --- [t1debut_project] [           main] o.s.b.f.s.DefaultListableBeanFactory     : Creating shared instance of singleton bean 'entityManagerFactory'
2024-10-31T04:17:59.505+03:00 DEBUG 1912 --- [t1debut_project] [           main] o.s.b.f.s.DefaultListableBeanFactory     : Creating shared instance of singleton bean 'org.springframework.boot.autoconfigure.orm.jpa.HibernateJpaConfiguration'
2024-10-31T04:17:59.506+03:00 DEBUG 1912 --- [t1debut_project] [           main] o.s.b.f.s.DefaultListableBeanFactory     : Creating shared instance of singleton bean 'spring.jpa-org.springframework.boot.autoconfigure.orm.jpa.JpaProperties'
2024-10-31T04:17:59.512+03:00 DEBUG 1912 --- [t1debut_project] [           main] o.s.b.f.s.DefaultListableBeanFactory     : Creating shared instance of singleton bean 'spring.jpa.hibernate-org.springframework.boot.autoconfigure.orm.jpa.HibernateProperties'
2024-10-31T04:17:59.514+03:00 DEBUG 1912 --- [t1debut_project] [           main] o.s.b.f.s.DefaultListableBeanFactory     : Autowiring by type from bean name 'org.springframework.boot.autoconfigure.orm.jpa.HibernateJpaConfiguration' via constructor to bean named 'dataSource'
2024-10-31T04:17:59.515+03:00 DEBUG 1912 --- [t1debut_project] [           main] o.s.b.f.s.DefaultListableBeanFactory     : Autowiring by type from bean name 'org.springframework.boot.autoconfigure.orm.jpa.HibernateJpaConfiguration' via constructor to bean named 'spring.jpa-org.springframework.boot.autoconfigure.orm.jpa.JpaProperties'
2024-10-31T04:17:59.515+03:00 DEBUG 1912 --- [t1debut_project] [           main] o.s.b.f.s.DefaultListableBeanFactory     : Autowiring by type from bean name 'org.springframework.boot.autoconfigure.orm.jpa.HibernateJpaConfiguration' via constructor to bean named 'org.springframework.beans.factory.support.DefaultListableBeanFactory@2f4919b0'
2024-10-31T04:17:59.515+03:00 DEBUG 1912 --- [t1debut_project] [           main] o.s.b.f.s.DefaultListableBeanFactory     : Autowiring by type from bean name 'org.springframework.boot.autoconfigure.orm.jpa.HibernateJpaConfiguration' via constructor to bean named 'spring.jpa.hibernate-org.springframework.boot.autoconfigure.orm.jpa.HibernateProperties'
2024-10-31T04:17:59.517+03:00 DEBUG 1912 --- [t1debut_project] [           main] o.s.b.f.s.DefaultListableBeanFactory     : Creating shared instance of singleton bean 'hikariPoolDataSourceMetadataProvider'
2024-10-31T04:17:59.517+03:00 DEBUG 1912 --- [t1debut_project] [           main] o.s.b.f.s.DefaultListableBeanFactory     : Creating shared instance of singleton bean 'org.springframework.boot.autoconfigure.jdbc.metadata.DataSourcePoolMetadataProvidersConfiguration$HikariPoolDataSourceMetadataProviderConfiguration'
2024-10-31T04:17:59.523+03:00 DEBUG 1912 --- [t1debut_project] [           main] o.s.b.f.s.DefaultListableBeanFactory     : Creating shared instance of singleton bean 'entityManagerFactoryBuilder'
2024-10-31T04:17:59.524+03:00 DEBUG 1912 --- [t1debut_project] [           main] o.s.b.f.s.DefaultListableBeanFactory     : Creating shared instance of singleton bean 'jpaVendorAdapter'
2024-10-31T04:17:59.543+03:00 DEBUG 1912 --- [t1debut_project] [           main] o.s.b.f.s.DefaultListableBeanFactory     : Autowiring by type from bean name 'entityManagerFactoryBuilder' via factory method to bean named 'jpaVendorAdapter'
2024-10-31T04:17:59.546+03:00 DEBUG 1912 --- [t1debut_project] [           main] o.s.b.f.s.DefaultListableBeanFactory     : Creating shared instance of singleton bean 'persistenceManagedTypes'
2024-10-31T04:17:59.547+03:00 DEBUG 1912 --- [t1debut_project] [           main] o.s.b.f.s.DefaultListableBeanFactory     : Autowiring by type from bean name 'persistenceManagedTypes' via factory method to bean named 'org.springframework.beans.factory.support.DefaultListableBeanFactory@2f4919b0'
2024-10-31T04:17:59.547+03:00 DEBUG 1912 --- [t1debut_project] [           main] o.s.b.f.s.DefaultListableBeanFactory     : Autowiring by type from bean name 'persistenceManagedTypes' via factory method to bean named 'org.springframework.web.context.support.GenericWebApplicationContext@1bdaa23d'
2024-10-31T04:17:59.557+03:00 DEBUG 1912 --- [t1debut_project] [           main] o.s.b.f.s.DefaultListableBeanFactory     : Autowiring by type from bean name 'entityManagerFactory' via factory method to bean named 'entityManagerFactoryBuilder'
2024-10-31T04:17:59.558+03:00 DEBUG 1912 --- [t1debut_project] [           main] o.s.b.f.s.DefaultListableBeanFactory     : Autowiring by type from bean name 'entityManagerFactory' via factory method to bean named 'persistenceManagedTypes'
2024-10-31T04:17:59.575+03:00 DEBUG 1912 --- [t1debut_project] [           main] j.LocalContainerEntityManagerFactoryBean : Building JPA container EntityManagerFactory for persistence unit 'default'
2024-10-31T04:18:00.111+03:00  INFO 1912 --- [t1debut_project] [           main] o.s.o.j.p.SpringPersistenceUnitInfo      : No LoadTimeWeaver setup: ignoring JPA class transformer
2024-10-31T04:18:00.156+03:00  INFO 1912 --- [t1debut_project] [           main] com.zaxxer.hikari.HikariDataSource       : HikariPool-1 - Starting...
2024-10-31T04:18:00.372+03:00  INFO 1912 --- [t1debut_project] [           main] com.zaxxer.hikari.pool.HikariPool        : HikariPool-1 - Added connection org.postgresql.jdbc.PgConnection@61ad30f6
2024-10-31T04:18:00.374+03:00  INFO 1912 --- [t1debut_project] [           main] com.zaxxer.hikari.HikariDataSource       : HikariPool-1 - Start completed.
2024-10-31T04:18:01.453+03:00  INFO 1912 --- [t1debut_project] [           main] j.LocalContainerEntityManagerFactoryBean : Initialized JPA EntityManagerFactory for persistence unit 'default'
2024-10-31T04:18:01.463+03:00 DEBUG 1912 --- [t1debut_project] [           main] o.s.b.f.s.DefaultListableBeanFactory     : Creating shared instance of singleton bean 't1debutProjectApplication'
2024-10-31T04:18:01.465+03:00 DEBUG 1912 --- [t1debut_project] [           main] o.s.b.f.s.DefaultListableBeanFactory     : Creating shared instance of singleton bean 'adminController'
2024-10-31T04:18:01.470+03:00 DEBUG 1912 --- [t1debut_project] [           main] o.s.b.f.s.DefaultListableBeanFactory     : Creating shared instance of singleton bean 'userService'
2024-10-31T04:18:01.473+03:00 DEBUG 1912 --- [t1debut_project] [           main] o.s.b.f.s.DefaultListableBeanFactory     : Creating shared instance of singleton bean 'userRepository'
2024-10-31T04:18:01.482+03:00 DEBUG 1912 --- [t1debut_project] [           main] o.s.b.f.s.DefaultListableBeanFactory     : Creating shared instance of singleton bean 'jpa.named-queries#0'
2024-10-31T04:18:01.486+03:00 DEBUG 1912 --- [t1debut_project] [           main] o.s.b.f.s.DefaultListableBeanFactory     : Creating shared instance of singleton bean 'jpa.UserRepository.fragments#0'
2024-10-31T04:18:01.493+03:00 DEBUG 1912 --- [t1debut_project] [           main] o.s.b.f.s.DefaultListableBeanFactory     : Creating shared instance of singleton bean 'jpaSharedEM_entityManagerFactory'
2024-10-31T04:18:01.528+03:00 DEBUG 1912 --- [t1debut_project] [           main] o.s.b.f.s.DefaultListableBeanFactory     : Creating shared instance of singleton bean 'jpaMappingContext'
2024-10-31T04:18:01.529+03:00 DEBUG 1912 --- [t1debut_project] [           main] .c.JpaMetamodelMappingContextFactoryBean : Initializing JpaMetamodelMappingContext…
2024-10-31T04:18:01.543+03:00 DEBUG 1912 --- [t1debut_project] [           main] .c.JpaMetamodelMappingContextFactoryBean : Finished initializing JpaMetamodelMappingContext
2024-10-31T04:18:01.570+03:00 DEBUG 1912 --- [t1debut_project] [           main] tor$SharedEntityManagerInvocationHandler : Creating new EntityManager for shared EntityManager invocation
2024-10-31T04:18:01.613+03:00 DEBUG 1912 --- [t1debut_project] [           main] tor$SharedEntityManagerInvocationHandler : Creating new EntityManager for shared EntityManager invocation
2024-10-31T04:18:01.671+03:00 DEBUG 1912 --- [t1debut_project] [           main] o.s.d.r.c.s.RepositoryFactorySupport     : Initializing repository instance for ClubCard.backend.t1debut_project.utils.UserRepository…
2024-10-31T04:18:01.685+03:00 DEBUG 1912 --- [t1debut_project] [           main] tor$SharedEntityManagerInvocationHandler : Creating new EntityManager for shared EntityManager invocation
2024-10-31T04:18:01.731+03:00 DEBUG 1912 --- [t1debut_project] [           main] o.s.d.jpa.repository.query.NamedQuery    : Looking up named query User.findByEmail
2024-10-31T04:18:01.734+03:00 DEBUG 1912 --- [t1debut_project] [           main] o.s.d.jpa.repository.query.NamedQuery    : Did not find named query User.findByEmail
2024-10-31T04:18:01.737+03:00 DEBUG 1912 --- [t1debut_project] [           main] tor$SharedEntityManagerInvocationHandler : Creating new EntityManager for shared EntityManager invocation
2024-10-31T04:18:01.814+03:00 DEBUG 1912 --- [t1debut_project] [           main] o.s.d.r.c.s.RepositoryFactorySupport     : Finished creation of repository instance for ClubCard.backend.t1debut_project.utils.UserRepository.
2024-10-31T04:18:01.821+03:00 DEBUG 1912 --- [t1debut_project] [           main] o.s.b.f.s.DefaultListableBeanFactory     : Creating shared instance of singleton bean 'jwtTokenProvider'
2024-10-31T04:18:01.825+03:00 DEBUG 1912 --- [t1debut_project] [           main] o.s.c.e.PropertySourcesPropertyResolver  : Found key 'security.jwt.token.secret-key' in PropertySource 'environmentProperties' with value of type String
2024-10-31T04:18:01.826+03:00 DEBUG 1912 --- [t1debut_project] [           main] o.s.c.e.PropertySourcesPropertyResolver  : Found key 'security.jwt.token.expire-length' in PropertySource 'environmentProperties' with value of type String
2024-10-31T04:18:01.832+03:00 DEBUG 1912 --- [t1debut_project] [           main] o.s.b.f.s.DefaultListableBeanFactory     : Autowiring by type from bean name 'userService' via constructor to bean named 'userRepository'
2024-10-31T04:18:01.832+03:00 DEBUG 1912 --- [t1debut_project] [           main] o.s.b.f.s.DefaultListableBeanFactory     : Autowiring by type from bean name 'userService' via constructor to bean named 'jwtTokenProvider'
2024-10-31T04:18:01.855+03:00 DEBUG 1912 --- [t1debut_project] [           main] o.s.b.f.s.DefaultListableBeanFactory     : Creating shared instance of singleton bean 'passwordEncoder'
2024-10-31T04:18:01.855+03:00 DEBUG 1912 --- [t1debut_project] [           main] o.s.b.f.s.DefaultListableBeanFactory     : Creating shared instance of singleton bean 'securityConfig'
2024-10-31T04:18:01.856+03:00 DEBUG 1912 --- [t1debut_project] [           main] o.s.b.f.s.DefaultListableBeanFactory     : Creating shared instance of singleton bean 'jwtAuthenticationFilter'
2024-10-31T04:18:01.857+03:00 DEBUG 1912 --- [t1debut_project] [           main] o.s.b.f.s.DefaultListableBeanFactory     : Creating shared instance of singleton bean 'userDetailsServiceImpl'
2024-10-31T04:18:01.858+03:00 DEBUG 1912 --- [t1debut_project] [           main] o.s.b.f.s.DefaultListableBeanFactory     : Autowiring by type from bean name 'userDetailsServiceImpl' via constructor to bean named 'userRepository'
2024-10-31T04:18:01.860+03:00 DEBUG 1912 --- [t1debut_project] [           main] o.s.b.f.s.DefaultListableBeanFactory     : Creating shared instance of singleton bean 'blacklistTokenRepository'
2024-10-31T04:18:01.861+03:00 DEBUG 1912 --- [t1debut_project] [           main] o.s.b.f.s.DefaultListableBeanFactory     : Creating shared instance of singleton bean 'jpa.named-queries#1'
2024-10-31T04:18:01.863+03:00 DEBUG 1912 --- [t1debut_project] [           main] o.s.b.f.s.DefaultListableBeanFactory     : Creating shared instance of singleton bean 'jpa.BlacklistTokenRepository.fragments#0'
2024-10-31T04:18:01.865+03:00 DEBUG 1912 --- [t1debut_project] [           main] tor$SharedEntityManagerInvocationHandler : Creating new EntityManager for shared EntityManager invocation
2024-10-31T04:18:01.869+03:00 DEBUG 1912 --- [t1debut_project] [           main] o.s.d.r.c.s.RepositoryFactorySupport     : Initializing repository instance for ClubCard.backend.t1debut_project.utils.BlacklistTokenRepository…
2024-10-31T04:18:01.869+03:00 DEBUG 1912 --- [t1debut_project] [           main] tor$SharedEntityManagerInvocationHandler : Creating new EntityManager for shared EntityManager invocation
2024-10-31T04:18:01.872+03:00 DEBUG 1912 --- [t1debut_project] [           main] o.s.d.jpa.repository.query.NamedQuery    : Looking up named query BlacklistToken.findByToken
2024-10-31T04:18:01.872+03:00 DEBUG 1912 --- [t1debut_project] [           main] o.s.d.jpa.repository.query.NamedQuery    : Did not find named query BlacklistToken.findByToken
2024-10-31T04:18:01.872+03:00 DEBUG 1912 --- [t1debut_project] [           main] tor$SharedEntityManagerInvocationHandler : Creating new EntityManager for shared EntityManager invocation
2024-10-31T04:18:01.876+03:00 DEBUG 1912 --- [t1debut_project] [           main] o.s.d.r.c.s.RepositoryFactorySupport     : Finished creation of repository instance for ClubCard.backend.t1debut_project.utils.BlacklistTokenRepository.
2024-10-31T04:18:01.879+03:00 DEBUG 1912 --- [t1debut_project] [           main] o.s.b.f.s.DefaultListableBeanFactory     : Autowiring by type from bean name 'jwtAuthenticationFilter' via constructor to bean named 'jwtTokenProvider'
2024-10-31T04:18:01.879+03:00 DEBUG 1912 --- [t1debut_project] [           main] o.s.b.f.s.DefaultListableBeanFactory     : Autowiring by type from bean name 'jwtAuthenticationFilter' via constructor to bean named 'userDetailsServiceImpl'
2024-10-31T04:18:01.879+03:00 DEBUG 1912 --- [t1debut_project] [           main] o.s.b.f.s.DefaultListableBeanFactory     : Autowiring by type from bean name 'jwtAuthenticationFilter' via constructor to bean named 'blacklistTokenRepository'
2024-10-31T04:18:01.881+03:00 DEBUG 1912 --- [t1debut_project] [           main] o.s.b.f.s.DefaultListableBeanFactory     : Autowiring by type from bean name 'securityConfig' via constructor to bean named 'jwtAuthenticationFilter'
2024-10-31T04:18:01.885+03:00 DEBUG 1912 --- [t1debut_project] [           main] o.s.b.f.s.DefaultListableBeanFactory     : Autowiring by type from bean name 'adminController' via constructor to bean named 'userService'
2024-10-31T04:18:01.885+03:00 DEBUG 1912 --- [t1debut_project] [           main] o.s.b.f.s.DefaultListableBeanFactory     : Autowiring by type from bean name 'adminController' via constructor to bean named 'passwordEncoder'
2024-10-31T04:18:01.898+03:00 DEBUG 1912 --- [t1debut_project] [           main] o.s.b.f.s.DefaultListableBeanFactory     : Creating shared instance of singleton bean 'authenticationController'
2024-10-31T04:18:01.899+03:00 DEBUG 1912 --- [t1debut_project] [           main] o.s.b.f.s.DefaultListableBeanFactory     : Autowiring by type from bean name 'authenticationController' via constructor to bean named 'userService'
2024-10-31T04:18:01.899+03:00 DEBUG 1912 --- [t1debut_project] [           main] o.s.b.f.s.DefaultListableBeanFactory     : Autowiring by type from bean name 'authenticationController' via constructor to bean named 'jwtTokenProvider'
2024-10-31T04:18:01.899+03:00 DEBUG 1912 --- [t1debut_project] [           main] o.s.b.f.s.DefaultListableBeanFactory     : Autowiring by type from bean name 'authenticationController' via constructor to bean named 'blacklistTokenRepository'
2024-10-31T04:18:01.899+03:00 DEBUG 1912 --- [t1debut_project] [           main] o.s.b.f.s.DefaultListableBeanFactory     : Autowiring by type from bean name 'authenticationController' via constructor to bean named 'passwordEncoder'
2024-10-31T04:18:01.900+03:00 DEBUG 1912 --- [t1debut_project] [           main] o.s.b.f.s.DefaultListableBeanFactory     : Creating shared instance of singleton bean 'profileController'
2024-10-31T04:18:01.901+03:00 DEBUG 1912 --- [t1debut_project] [           main] o.s.b.f.s.DefaultListableBeanFactory     : Creating shared instance of singleton bean 'virtualCardService'
2024-10-31T04:18:01.904+03:00 DEBUG 1912 --- [t1debut_project] [           main] o.s.b.f.s.DefaultListableBeanFactory     : Autowiring by type from bean name 'virtualCardService' via constructor to bean named 'userRepository'
2024-10-31T04:18:01.905+03:00 DEBUG 1912 --- [t1debut_project] [           main] o.s.b.f.s.DefaultListableBeanFactory     : Autowiring by type from bean name 'profileController' via constructor to bean named 'virtualCardService'
2024-10-31T04:18:01.905+03:00 DEBUG 1912 --- [t1debut_project] [           main] o.s.b.f.s.DefaultListableBeanFactory     : Autowiring by type from bean name 'profileController' via constructor to bean named 'jwtTokenProvider'
2024-10-31T04:18:01.905+03:00 DEBUG 1912 --- [t1debut_project] [           main] o.s.b.f.s.DefaultListableBeanFactory     : Autowiring by type from bean name 'profileController' via constructor to bean named 'userService'
2024-10-31T04:18:01.906+03:00 DEBUG 1912 --- [t1debut_project] [           main] o.s.b.f.s.DefaultListableBeanFactory     : Creating shared instance of singleton bean 'setupController'
2024-10-31T04:18:01.906+03:00 DEBUG 1912 --- [t1debut_project] [           main] o.s.b.f.s.DefaultListableBeanFactory     : Autowiring by type from bean name 'setupController' via constructor to bean named 'userRepository'
2024-10-31T04:18:01.906+03:00 DEBUG 1912 --- [t1debut_project] [           main] o.s.b.f.s.DefaultListableBeanFactory     : Autowiring by type from bean name 'setupController' via constructor to bean named 'passwordEncoder'
2024-10-31T04:18:01.907+03:00 DEBUG 1912 --- [t1debut_project] [           main] o.s.b.f.s.DefaultListableBeanFactory     : Creating shared instance of singleton bean 'userController'
2024-10-31T04:18:01.908+03:00 DEBUG 1912 --- [t1debut_project] [           main] o.s.b.f.s.DefaultListableBeanFactory     : Autowiring by type from bean name 'userController' via constructor to bean named 'userService'
2024-10-31T04:18:01.908+03:00 DEBUG 1912 --- [t1debut_project] [           main] o.s.b.f.s.DefaultListableBeanFactory     : Creating shared instance of singleton bean 'virtualCardController'
2024-10-31T04:18:01.909+03:00 DEBUG 1912 --- [t1debut_project] [           main] o.s.b.f.s.DefaultListableBeanFactory     : Autowiring by type from bean name 'virtualCardController' via constructor to bean named 'virtualCardService'
2024-10-31T04:18:01.910+03:00 DEBUG 1912 --- [t1debut_project] [           main] o.s.b.f.s.DefaultListableBeanFactory     : Creating shared instance of singleton bean 'globalExceptionHandler'
2024-10-31T04:18:01.912+03:00 DEBUG 1912 --- [t1debut_project] [           main] o.s.b.f.s.DefaultListableBeanFactory     : Creating shared instance of singleton bean 'org.springframework.security.config.annotation.configuration.ObjectPostProcessorConfiguration'
2024-10-31T04:18:01.913+03:00 DEBUG 1912 --- [t1debut_project] [           main] o.s.b.f.s.DefaultListableBeanFactory     : Creating shared instance of singleton bean 'objectPostProcessor'
2024-10-31T04:18:01.913+03:00 DEBUG 1912 --- [t1debut_project] [           main] o.s.b.f.s.DefaultListableBeanFactory     : Autowiring by type from bean name 'objectPostProcessor' via factory method to bean named 'org.springframework.beans.factory.support.DefaultListableBeanFactory@2f4919b0'
2024-10-31T04:18:01.915+03:00 DEBUG 1912 --- [t1debut_project] [           main] o.s.b.f.s.DefaultListableBeanFactory     : Creating shared instance of singleton bean 'org.springframework.security.config.annotation.authentication.configuration.AuthenticationConfiguration'
2024-10-31T04:18:01.917+03:00 DEBUG 1912 --- [t1debut_project] [           main] o.s.b.f.s.DefaultListableBeanFactory     : Creating shared instance of singleton bean 'enableGlobalAuthenticationAutowiredConfigurer'
2024-10-31T04:18:01.918+03:00 DEBUG 1912 --- [t1debut_project] [           main] o.s.b.f.s.DefaultListableBeanFactory     : Autowiring by type from bean name 'enableGlobalAuthenticationAutowiredConfigurer' via factory method to bean named 'org.springframework.web.context.support.GenericWebApplicationContext@1bdaa23d'
2024-10-31T04:18:01.919+03:00 DEBUG 1912 --- [t1debut_project] [           main] o.s.b.f.s.DefaultListableBeanFactory     : Creating shared instance of singleton bean 'initializeUserDetailsBeanManagerConfigurer'
2024-10-31T04:18:01.920+03:00 DEBUG 1912 --- [t1debut_project] [           main] o.s.b.f.s.DefaultListableBeanFactory     : Autowiring by type from bean name 'initializeUserDetailsBeanManagerConfigurer' via factory method to bean named 'org.springframework.web.context.support.GenericWebApplicationContext@1bdaa23d'
2024-10-31T04:18:01.921+03:00 DEBUG 1912 --- [t1debut_project] [           main] o.s.b.f.s.DefaultListableBeanFactory     : Creating shared instance of singleton bean 'initializeAuthenticationProviderBeanManagerConfigurer'
2024-10-31T04:18:01.922+03:00 DEBUG 1912 --- [t1debut_project] [           main] o.s.b.f.s.DefaultListableBeanFactory     : Autowiring by type from bean name 'initializeAuthenticationProviderBeanManagerConfigurer' via factory method to bean named 'org.springframework.web.context.support.GenericWebApplicationContext@1bdaa23d'
2024-10-31T04:18:01.925+03:00 DEBUG 1912 --- [t1debut_project] [           main] o.s.b.f.s.DefaultListableBeanFactory     : Creating shared instance of singleton bean 'authenticationManagerBuilder'
2024-10-31T04:18:01.925+03:00 DEBUG 1912 --- [t1debut_project] [           main] o.s.b.f.s.DefaultListableBeanFactory     : Autowiring by type from bean name 'authenticationManagerBuilder' via factory method to bean named 'objectPostProcessor'
2024-10-31T04:18:01.925+03:00 DEBUG 1912 --- [t1debut_project] [           main] o.s.b.f.s.DefaultListableBeanFactory     : Autowiring by type from bean name 'authenticationManagerBuilder' via factory method to bean named 'org.springframework.web.context.support.GenericWebApplicationContext@1bdaa23d'
2024-10-31T04:18:01.926+03:00 DEBUG 1912 --- [t1debut_project] [           main] o.s.b.f.s.DefaultListableBeanFactory     : Creating shared instance of singleton bean 'authenticationEventPublisher'
2024-10-31T04:18:01.926+03:00 DEBUG 1912 --- [t1debut_project] [           main] o.s.b.f.s.DefaultListableBeanFactory     : Creating shared instance of singleton bean 'org.springframework.boot.autoconfigure.security.servlet.SecurityAutoConfiguration'
2024-10-31T04:18:01.928+03:00 DEBUG 1912 --- [t1debut_project] [           main] o.s.b.f.s.DefaultListableBeanFactory     : Autowiring by type from bean name 'authenticationEventPublisher' via factory method to bean named 'org.springframework.web.context.support.GenericWebApplicationContext@1bdaa23d'
2024-10-31T04:18:01.938+03:00 DEBUG 1912 --- [t1debut_project] [           main] o.s.b.f.s.DefaultListableBeanFactory     : Creating shared instance of singleton bean 'org.springframework.security.config.annotation.web.configuration.WebSecurityConfiguration'
2024-10-31T04:18:01.941+03:00 DEBUG 1912 --- [t1debut_project] [           main] o.s.b.f.s.DefaultListableBeanFactory     : Creating shared instance of singleton bean 'org.springframework.security.config.annotation.web.configuration.HttpSecurityConfiguration'
2024-10-31T04:18:01.945+03:00 DEBUG 1912 --- [t1debut_project] [           main] o.s.b.f.s.DefaultListableBeanFactory     : Creating shared instance of singleton bean 'mvcContentNegotiationManager'
2024-10-31T04:18:01.946+03:00 DEBUG 1912 --- [t1debut_project] [           main] o.s.b.f.s.DefaultListableBeanFactory     : Creating shared instance of singleton bean 'org.springframework.boot.autoconfigure.web.servlet.WebMvcAutoConfiguration$EnableWebMvcConfiguration'
2024-10-31T04:18:01.947+03:00 DEBUG 1912 --- [t1debut_project] [           main] o.s.b.f.s.DefaultListableBeanFactory     : Creating shared instance of singleton bean 'spring.mvc-org.springframework.boot.autoconfigure.web.servlet.WebMvcProperties'
2024-10-31T04:18:01.952+03:00 DEBUG 1912 --- [t1debut_project] [           main] o.s.b.f.s.DefaultListableBeanFactory     : Creating shared instance of singleton bean 'spring.web-org.springframework.boot.autoconfigure.web.WebProperties'
2024-10-31T04:18:01.957+03:00 DEBUG 1912 --- [t1debut_project] [           main] o.s.b.f.s.DefaultListableBeanFactory     : Autowiring by type from bean name 'org.springframework.boot.autoconfigure.web.servlet.WebMvcAutoConfiguration$EnableWebMvcConfiguration' via constructor to bean named 'spring.mvc-org.springframework.boot.autoconfigure.web.servlet.WebMvcProperties'
2024-10-31T04:18:01.957+03:00 DEBUG 1912 --- [t1debut_project] [           main] o.s.b.f.s.DefaultListableBeanFactory     : Autowiring by type from bean name 'org.springframework.boot.autoconfigure.web.servlet.WebMvcAutoConfiguration$EnableWebMvcConfiguration' via constructor to bean named 'spring.web-org.springframework.boot.autoconfigure.web.WebProperties'
2024-10-31T04:18:01.957+03:00 DEBUG 1912 --- [t1debut_project] [           main] o.s.b.f.s.DefaultListableBeanFactory     : Autowiring by type from bean name 'org.springframework.boot.autoconfigure.web.servlet.WebMvcAutoConfiguration$EnableWebMvcConfiguration' via constructor to bean named 'org.springframework.beans.factory.support.DefaultListableBeanFactory@2f4919b0'
2024-10-31T04:18:01.962+03:00 DEBUG 1912 --- [t1debut_project] [           main] o.s.b.f.s.DefaultListableBeanFactory     : Creating shared instance of singleton bean 'org.springframework.security.config.annotation.web.configuration.WebMvcSecurityConfiguration'
2024-10-31T04:18:01.964+03:00 DEBUG 1912 --- [t1debut_project] [           main] o.s.b.f.s.DefaultListableBeanFactory     : Creating shared instance of singleton bean 'org.springframework.boot.autoconfigure.web.servlet.WebMvcAutoConfiguration$WebMvcAutoConfigurationAdapter'
2024-10-31T04:18:01.964+03:00 DEBUG 1912 --- [t1debut_project] [           main] o.s.b.f.s.DefaultListableBeanFactory     : Autowiring by type from bean name 'org.springframework.boot.autoconfigure.web.servlet.WebMvcAutoConfiguration$WebMvcAutoConfigurationAdapter' via constructor to bean named 'spring.web-org.springframework.boot.autoconfigure.web.WebProperties'
2024-10-31T04:18:01.965+03:00 DEBUG 1912 --- [t1debut_project] [           main] o.s.b.f.s.DefaultListableBeanFactory     : Autowiring by type from bean name 'org.springframework.boot.autoconfigure.web.servlet.WebMvcAutoConfiguration$WebMvcAutoConfigurationAdapter' via constructor to bean named 'spring.mvc-org.springframework.boot.autoconfigure.web.servlet.WebMvcProperties'
2024-10-31T04:18:01.965+03:00 DEBUG 1912 --- [t1debut_project] [           main] o.s.b.f.s.DefaultListableBeanFactory     : Autowiring by type from bean name 'org.springframework.boot.autoconfigure.web.servlet.WebMvcAutoConfiguration$WebMvcAutoConfigurationAdapter' via constructor to bean named 'org.springframework.beans.factory.support.DefaultListableBeanFactory@2f4919b0'
2024-10-31T04:18:01.965+03:00 DEBUG 1912 --- [t1debut_project] [           main] o.s.b.f.s.DefaultListableBeanFactory     : Creating shared instance of singleton bean 'resourceHandlerRegistrationCustomizer'
2024-10-31T04:18:01.966+03:00 DEBUG 1912 --- [t1debut_project] [           main] o.s.b.f.s.DefaultListableBeanFactory     : Creating shared instance of singleton bean 'org.springframework.boot.autoconfigure.web.servlet.WebMvcAutoConfiguration$ResourceChainCustomizerConfiguration'
2024-10-31T04:18:01.966+03:00 DEBUG 1912 --- [t1debut_project] [           main] o.s.b.f.s.DefaultListableBeanFactory     : Autowiring by type from bean name 'resourceHandlerRegistrationCustomizer' via factory method to bean named 'spring.web-org.springframework.boot.autoconfigure.web.WebProperties'
2024-10-31T04:18:01.970+03:00 DEBUG 1912 --- [t1debut_project] [           main] o.s.b.f.s.DefaultListableBeanFactory     : Creating shared instance of singleton bean 'swaggerWebMvcConfigurer'
2024-10-31T04:18:01.971+03:00 DEBUG 1912 --- [t1debut_project] [           main] o.s.b.f.s.DefaultListableBeanFactory     : Creating shared instance of singleton bean 'org.springdoc.webmvc.ui.SwaggerConfig'
2024-10-31T04:18:01.973+03:00 DEBUG 1912 --- [t1debut_project] [           main] o.s.b.f.s.DefaultListableBeanFactory     : Creating shared instance of singleton bean 'org.springdoc.core.properties.SwaggerUiConfigParameters'
2024-10-31T04:18:01.975+03:00 DEBUG 1912 --- [t1debut_project] [           main] o.s.b.f.s.DefaultListableBeanFactory     : Creating shared instance of singleton bean 'org.springdoc.core.properties.SwaggerUiConfigProperties'
2024-10-31T04:18:01.982+03:00 DEBUG 1912 --- [t1debut_project] [           main] o.s.b.f.s.DefaultListableBeanFactory     : Autowiring by type from bean name 'org.springdoc.core.properties.SwaggerUiConfigParameters' via constructor to bean named 'org.springdoc.core.properties.SwaggerUiConfigProperties'
2024-10-31T04:18:01.988+03:00 DEBUG 1912 --- [t1debut_project] [           main] o.s.b.f.s.DefaultListableBeanFactory     : Creating shared instance of singleton bean 'indexPageTransformer'
2024-10-31T04:18:01.989+03:00 DEBUG 1912 --- [t1debut_project] [           main] o.s.b.f.s.DefaultListableBeanFactory     : Creating shared instance of singleton bean 'org.springdoc.core.properties.SwaggerUiOAuthProperties'
2024-10-31T04:18:01.993+03:00 DEBUG 1912 --- [t1debut_project] [           main] o.s.b.f.s.DefaultListableBeanFactory     : Creating shared instance of singleton bean 'swaggerWelcome'
2024-10-31T04:18:01.993+03:00 DEBUG 1912 --- [t1debut_project] [           main] o.s.b.f.s.DefaultListableBeanFactory     : Creating shared instance of singleton bean 'org.springdoc.core.properties.SpringDocConfigProperties'
2024-10-31T04:18:02.003+03:00 DEBUG 1912 --- [t1debut_project] [           main] o.s.b.f.s.DefaultListableBeanFactory     : Creating shared instance of singleton bean 'springWebProvider'
2024-10-31T04:18:02.004+03:00 DEBUG 1912 --- [t1debut_project] [           main] o.s.b.f.s.DefaultListableBeanFactory     : Creating shared instance of singleton bean 'org.springdoc.webmvc.core.configuration.SpringDocWebMvcConfiguration'
2024-10-31T04:18:02.012+03:00 DEBUG 1912 --- [t1debut_project] [           main] o.s.b.f.s.DefaultListableBeanFactory     : Autowiring by type from bean name 'swaggerWelcome' via factory method to bean named 'org.springdoc.core.properties.SwaggerUiConfigProperties'
2024-10-31T04:18:02.012+03:00 DEBUG 1912 --- [t1debut_project] [           main] o.s.b.f.s.DefaultListableBeanFactory     : Autowiring by type from bean name 'swaggerWelcome' via factory method to bean named 'org.springdoc.core.properties.SpringDocConfigProperties'
2024-10-31T04:18:02.012+03:00 DEBUG 1912 --- [t1debut_project] [           main] o.s.b.f.s.DefaultListableBeanFactory     : Autowiring by type from bean name 'swaggerWelcome' via factory method to bean named 'org.springdoc.core.properties.SwaggerUiConfigParameters'
2024-10-31T04:18:02.012+03:00 DEBUG 1912 --- [t1debut_project] [           main] o.s.b.f.s.DefaultListableBeanFactory     : Autowiring by type from bean name 'swaggerWelcome' via factory method to bean named 'springWebProvider'
2024-10-31T04:18:02.034+03:00 DEBUG 1912 --- [t1debut_project] [           main] o.s.b.f.s.DefaultListableBeanFactory     : Creating shared instance of singleton bean 'objectMapperProvider'
2024-10-31T04:18:02.035+03:00 DEBUG 1912 --- [t1debut_project] [           main] o.s.b.f.s.DefaultListableBeanFactory     : Creating shared instance of singleton bean 'org.springdoc.core.configuration.SpringDocConfiguration'
2024-10-31T04:18:02.040+03:00 DEBUG 1912 --- [t1debut_project] [           main] o.s.b.f.s.DefaultListableBeanFactory     : Autowiring by type from bean name 'objectMapperProvider' via factory method to bean named 'org.springdoc.core.properties.SpringDocConfigProperties'
2024-10-31T04:18:02.068+03:00 DEBUG 1912 --- [t1debut_project] [           main] o.s.b.f.s.DefaultListableBeanFactory     : Autowiring by type from bean name 'indexPageTransformer' via factory method to bean named 'org.springdoc.core.properties.SwaggerUiConfigProperties'
2024-10-31T04:18:02.069+03:00 DEBUG 1912 --- [t1debut_project] [           main] o.s.b.f.s.DefaultListableBeanFactory     : Autowiring by type from bean name 'indexPageTransformer' via factory method to bean named 'org.springdoc.core.properties.SwaggerUiOAuthProperties'
2024-10-31T04:18:02.069+03:00 DEBUG 1912 --- [t1debut_project] [           main] o.s.b.f.s.DefaultListableBeanFactory     : Autowiring by type from bean name 'indexPageTransformer' via factory method to bean named 'org.springdoc.core.properties.SwaggerUiConfigParameters'
2024-10-31T04:18:02.069+03:00 DEBUG 1912 --- [t1debut_project] [           main] o.s.b.f.s.DefaultListableBeanFactory     : Autowiring by type from bean name 'indexPageTransformer' via factory method to bean named 'swaggerWelcome'
2024-10-31T04:18:02.069+03:00 DEBUG 1912 --- [t1debut_project] [           main] o.s.b.f.s.DefaultListableBeanFactory     : Autowiring by type from bean name 'indexPageTransformer' via factory method to bean named 'objectMapperProvider'
2024-10-31T04:18:02.072+03:00 DEBUG 1912 --- [t1debut_project] [           main] o.s.b.f.s.DefaultListableBeanFactory     : Autowiring by type from bean name 'swaggerWebMvcConfigurer' via factory method to bean named 'org.springdoc.core.properties.SwaggerUiConfigParameters'
2024-10-31T04:18:02.072+03:00 DEBUG 1912 --- [t1debut_project] [           main] o.s.b.f.s.DefaultListableBeanFactory     : Autowiring by type from bean name 'swaggerWebMvcConfigurer' via factory method to bean named 'indexPageTransformer'
2024-10-31T04:18:02.075+03:00 DEBUG 1912 --- [t1debut_project] [           main] o.s.b.f.s.DefaultListableBeanFactory     : Creating shared instance of singleton bean 'openEntityManagerInViewInterceptorConfigurer'
2024-10-31T04:18:02.075+03:00 DEBUG 1912 --- [t1debut_project] [           main] o.s.b.f.s.DefaultListableBeanFactory     : Creating shared instance of singleton bean 'org.springframework.boot.autoconfigure.orm.jpa.JpaBaseConfiguration$JpaWebConfiguration'
2024-10-31T04:18:02.076+03:00 DEBUG 1912 --- [t1debut_project] [           main] o.s.b.f.s.DefaultListableBeanFactory     : Autowiring by type from bean name 'org.springframework.boot.autoconfigure.orm.jpa.JpaBaseConfiguration$JpaWebConfiguration' via constructor to bean named 'spring.jpa-org.springframework.boot.autoconfigure.orm.jpa.JpaProperties'
2024-10-31T04:18:02.077+03:00 DEBUG 1912 --- [t1debut_project] [           main] o.s.b.f.s.DefaultListableBeanFactory     : Creating shared instance of singleton bean 'openEntityManagerInViewInterceptor'
2024-10-31T04:18:02.078+03:00  WARN 1912 --- [t1debut_project] [           main] JpaBaseConfiguration$JpaWebConfiguration : spring.jpa.open-in-view is enabled by default. Therefore, database queries may be performed during view rendering. Explicitly configure spring.jpa.open-in-view to disable this warning
2024-10-31T04:18:02.083+03:00 DEBUG 1912 --- [t1debut_project] [           main] o.s.b.f.s.DefaultListableBeanFactory     : Autowiring by type from bean name 'openEntityManagerInViewInterceptorConfigurer' via factory method to bean named 'openEntityManagerInViewInterceptor'
2024-10-31T04:18:02.085+03:00 DEBUG 1912 --- [t1debut_project] [           main] o.s.b.f.s.DefaultListableBeanFactory     : Creating shared instance of singleton bean 'org.springframework.data.web.config.SpringDataWebConfiguration'
2024-10-31T04:18:02.087+03:00 DEBUG 1912 --- [t1debut_project] [           main] o.s.b.f.s.DefaultListableBeanFactory     : Autowiring by type from bean name 'org.springframework.data.web.config.SpringDataWebConfiguration' via constructor to bean named 'org.springframework.web.context.support.GenericWebApplicationContext@1bdaa23d'
2024-10-31T04:18:02.114+03:00  INFO 1912 --- [t1debut_project] [           main] r$InitializeUserDetailsManagerConfigurer : Global AuthenticationManager configured with UserDetailsService bean with name userDetailsServiceImpl
2024-10-31T04:18:02.172+03:00 DEBUG 1912 --- [t1debut_project] [           main] o.s.b.f.s.DefaultListableBeanFactory     : Creating shared instance of singleton bean 'mvcHandlerMappingIntrospectorRequestTransformer'
2024-10-31T04:18:02.172+03:00 DEBUG 1912 --- [t1debut_project] [           main] o.s.b.f.s.DefaultListableBeanFactory     : Creating shared instance of singleton bean 'mvcHandlerMappingIntrospector'
2024-10-31T04:18:02.177+03:00 DEBUG 1912 --- [t1debut_project] [           main] o.s.b.f.s.DefaultListableBeanFactory     : Creating shared instance of singleton bean 'welcomePageHandlerMapping'
2024-10-31T04:18:02.178+03:00 DEBUG 1912 --- [t1debut_project] [           main] o.s.b.f.s.DefaultListableBeanFactory     : Creating shared instance of singleton bean 'mvcConversionService'
2024-10-31T04:18:02.190+03:00 DEBUG 1912 --- [t1debut_project] [           main] o.s.b.f.s.DefaultListableBeanFactory     : Creating shared instance of singleton bean 'mvcResourceUrlProvider'
2024-10-31T04:18:02.194+03:00 DEBUG 1912 --- [t1debut_project] [           main] o.s.b.f.s.DefaultListableBeanFactory     : Autowiring by type from bean name 'welcomePageHandlerMapping' via factory method to bean named 'org.springframework.web.context.support.GenericWebApplicationContext@1bdaa23d'
2024-10-31T04:18:02.194+03:00 DEBUG 1912 --- [t1debut_project] [           main] o.s.b.f.s.DefaultListableBeanFactory     : Autowiring by type from bean name 'welcomePageHandlerMapping' via factory method to bean named 'mvcConversionService'
2024-10-31T04:18:02.194+03:00 DEBUG 1912 --- [t1debut_project] [           main] o.s.b.f.s.DefaultListableBeanFactory     : Autowiring by type from bean name 'welcomePageHandlerMapping' via factory method to bean named 'mvcResourceUrlProvider'
2024-10-31T04:18:02.199+03:00  INFO 1912 --- [t1debut_project] [           main] o.s.b.a.w.s.WelcomePageHandlerMapping    : Adding welcome page: class path resource [static/index.html]
2024-10-31T04:18:02.213+03:00 DEBUG 1912 --- [t1debut_project] [           main] o.s.b.f.s.DefaultListableBeanFactory     : Creating shared instance of singleton bean 'welcomePageNotAcceptableHandlerMapping'
2024-10-31T04:18:02.214+03:00 DEBUG 1912 --- [t1debut_project] [           main] o.s.b.f.s.DefaultListableBeanFactory     : Autowiring by type from bean name 'welcomePageNotAcceptableHandlerMapping' via factory method to bean named 'org.springframework.web.context.support.GenericWebApplicationContext@1bdaa23d'
2024-10-31T04:18:02.214+03:00 DEBUG 1912 --- [t1debut_project] [           main] o.s.b.f.s.DefaultListableBeanFactory     : Autowiring by type from bean name 'welcomePageNotAcceptableHandlerMapping' via factory method to bean named 'mvcConversionService'
2024-10-31T04:18:02.214+03:00 DEBUG 1912 --- [t1debut_project] [           main] o.s.b.f.s.DefaultListableBeanFactory     : Autowiring by type from bean name 'welcomePageNotAcceptableHandlerMapping' via factory method to bean named 'mvcResourceUrlProvider'
2024-10-31T04:18:02.218+03:00 DEBUG 1912 --- [t1debut_project] [           main] o.s.b.f.s.DefaultListableBeanFactory     : Creating shared instance of singleton bean 'requestMappingHandlerMapping'
2024-10-31T04:18:02.220+03:00 DEBUG 1912 --- [t1debut_project] [           main] o.s.b.f.s.DefaultListableBeanFactory     : Autowiring by type from bean name 'requestMappingHandlerMapping' via factory method to bean named 'mvcContentNegotiationManager'
2024-10-31T04:18:02.220+03:00 DEBUG 1912 --- [t1debut_project] [           main] o.s.b.f.s.DefaultListableBeanFactory     : Autowiring by type from bean name 'requestMappingHandlerMapping' via factory method to bean named 'mvcConversionService'
2024-10-31T04:18:02.220+03:00 DEBUG 1912 --- [t1debut_project] [           main] o.s.b.f.s.DefaultListableBeanFactory     : Autowiring by type from bean name 'requestMappingHandlerMapping' via factory method to bean named 'mvcResourceUrlProvider'
2024-10-31T04:18:02.303+03:00 DEBUG 1912 --- [t1debut_project] [           main] s.w.s.m.m.a.RequestMappingHandlerMapping : 22 mappings in 'requestMappingHandlerMapping'
2024-10-31T04:18:02.312+03:00 DEBUG 1912 --- [t1debut_project] [           main] o.s.b.f.s.DefaultListableBeanFactory     : Creating shared instance of singleton bean 'viewControllerHandlerMapping'
2024-10-31T04:18:02.313+03:00 DEBUG 1912 --- [t1debut_project] [           main] o.s.b.f.s.DefaultListableBeanFactory     : Autowiring by type from bean name 'viewControllerHandlerMapping' via factory method to bean named 'mvcConversionService'
2024-10-31T04:18:02.313+03:00 DEBUG 1912 --- [t1debut_project] [           main] o.s.b.f.s.DefaultListableBeanFactory     : Autowiring by type from bean name 'viewControllerHandlerMapping' via factory method to bean named 'mvcResourceUrlProvider'
2024-10-31T04:18:02.314+03:00 DEBUG 1912 --- [t1debut_project] [           main] o.s.b.f.s.DefaultListableBeanFactory     : Creating shared instance of singleton bean 'beanNameHandlerMapping'
2024-10-31T04:18:02.315+03:00 DEBUG 1912 --- [t1debut_project] [           main] o.s.b.f.s.DefaultListableBeanFactory     : Autowiring by type from bean name 'beanNameHandlerMapping' via factory method to bean named 'mvcConversionService'
2024-10-31T04:18:02.316+03:00 DEBUG 1912 --- [t1debut_project] [           main] o.s.b.f.s.DefaultListableBeanFactory     : Autowiring by type from bean name 'beanNameHandlerMapping' via factory method to bean named 'mvcResourceUrlProvider'
2024-10-31T04:18:02.323+03:00 DEBUG 1912 --- [t1debut_project] [           main] o.s.b.f.s.DefaultListableBeanFactory     : Creating shared instance of singleton bean 'routerFunctionMapping'
2024-10-31T04:18:02.323+03:00 DEBUG 1912 --- [t1debut_project] [           main] o.s.b.f.s.DefaultListableBeanFactory     : Autowiring by type from bean name 'routerFunctionMapping' via factory method to bean named 'mvcConversionService'
2024-10-31T04:18:02.323+03:00 DEBUG 1912 --- [t1debut_project] [           main] o.s.b.f.s.DefaultListableBeanFactory     : Autowiring by type from bean name 'routerFunctionMapping' via factory method to bean named 'mvcResourceUrlProvider'
2024-10-31T04:18:02.325+03:00 DEBUG 1912 --- [t1debut_project] [           main] o.s.b.f.s.DefaultListableBeanFactory     : Creating shared instance of singleton bean 'messageConverters'
2024-10-31T04:18:02.325+03:00 DEBUG 1912 --- [t1debut_project] [           main] o.s.b.f.s.DefaultListableBeanFactory     : Creating shared instance of singleton bean 'org.springframework.boot.autoconfigure.http.HttpMessageConvertersAutoConfiguration'
2024-10-31T04:18:02.329+03:00 DEBUG 1912 --- [t1debut_project] [           main] o.s.b.f.s.DefaultListableBeanFactory     : Creating shared instance of singleton bean 'stringHttpMessageConverter'
2024-10-31T04:18:02.329+03:00 DEBUG 1912 --- [t1debut_project] [           main] o.s.b.f.s.DefaultListableBeanFactory     : Creating shared instance of singleton bean 'org.springframework.boot.autoconfigure.http.HttpMessageConvertersAutoConfiguration$StringHttpMessageConverterConfiguration'
2024-10-31T04:18:02.330+03:00 DEBUG 1912 --- [t1debut_project] [           main] o.s.b.f.s.DefaultListableBeanFactory     : Autowiring by type from bean name 'stringHttpMessageConverter' via factory method to bean named 'environment'
2024-10-31T04:18:02.336+03:00 DEBUG 1912 --- [t1debut_project] [           main] o.s.b.f.s.DefaultListableBeanFactory     : Creating shared instance of singleton bean 'mappingJackson2HttpMessageConverter'
2024-10-31T04:18:02.336+03:00 DEBUG 1912 --- [t1debut_project] [           main] o.s.b.f.s.DefaultListableBeanFactory     : Creating shared instance of singleton bean 'org.springframework.boot.autoconfigure.http.JacksonHttpMessageConvertersConfiguration$MappingJackson2HttpMessageConverterConfiguration'
2024-10-31T04:18:02.337+03:00 DEBUG 1912 --- [t1debut_project] [           main] o.s.b.f.s.DefaultListableBeanFactory     : Creating shared instance of singleton bean 'jacksonObjectMapper'
2024-10-31T04:18:02.337+03:00 DEBUG 1912 --- [t1debut_project] [           main] o.s.b.f.s.DefaultListableBeanFactory     : Creating shared instance of singleton bean 'org.springframework.boot.autoconfigure.jackson.JacksonAutoConfiguration$JacksonObjectMapperConfiguration'
2024-10-31T04:18:02.338+03:00 DEBUG 1912 --- [t1debut_project] [           main] o.s.b.f.s.DefaultListableBeanFactory     : Creating shared instance of singleton bean 'org.springframework.boot.autoconfigure.jackson.JacksonAutoConfiguration$JacksonObjectMapperBuilderConfiguration'
2024-10-31T04:18:02.339+03:00 DEBUG 1912 --- [t1debut_project] [           main] o.s.b.f.s.DefaultListableBeanFactory     : Creating shared instance of singleton bean 'standardJacksonObjectMapperBuilderCustomizer'
2024-10-31T04:18:02.340+03:00 DEBUG 1912 --- [t1debut_project] [           main] o.s.b.f.s.DefaultListableBeanFactory     : Creating shared instance of singleton bean 'org.springframework.boot.autoconfigure.jackson.JacksonAutoConfiguration$Jackson2ObjectMapperBuilderCustomizerConfiguration'
2024-10-31T04:18:02.341+03:00 DEBUG 1912 --- [t1debut_project] [           main] o.s.b.f.s.DefaultListableBeanFactory     : Creating shared instance of singleton bean 'spring.jackson-org.springframework.boot.autoconfigure.jackson.JacksonProperties'
2024-10-31T04:18:02.344+03:00 DEBUG 1912 --- [t1debut_project] [           main] o.s.b.f.s.DefaultListableBeanFactory     : Autowiring by type from bean name 'standardJacksonObjectMapperBuilderCustomizer' via factory method to bean named 'spring.jackson-org.springframework.boot.autoconfigure.jackson.JacksonProperties'
2024-10-31T04:18:02.345+03:00 DEBUG 1912 --- [t1debut_project] [           main] o.s.b.f.s.DefaultListableBeanFactory     : Creating shared instance of singleton bean 'parameterNamesModule'
2024-10-31T04:18:02.345+03:00 DEBUG 1912 --- [t1debut_project] [           main] o.s.b.f.s.DefaultListableBeanFactory     : Creating shared instance of singleton bean 'org.springframework.boot.autoconfigure.jackson.JacksonAutoConfiguration$ParameterNamesModuleConfiguration'
2024-10-31T04:18:02.350+03:00 DEBUG 1912 --- [t1debut_project] [           main] o.s.b.f.s.DefaultListableBeanFactory     : Creating shared instance of singleton bean 'jsonMixinModule'
2024-10-31T04:18:02.350+03:00 DEBUG 1912 --- [t1debut_project] [           main] o.s.b.f.s.DefaultListableBeanFactory     : Creating shared instance of singleton bean 'org.springframework.boot.autoconfigure.jackson.JacksonAutoConfiguration$JacksonMixinConfiguration'
2024-10-31T04:18:02.351+03:00 DEBUG 1912 --- [t1debut_project] [           main] o.s.b.f.s.DefaultListableBeanFactory     : Creating shared instance of singleton bean 'jsonMixinModuleEntries'
2024-10-31T04:18:02.352+03:00 DEBUG 1912 --- [t1debut_project] [           main] o.s.b.f.s.DefaultListableBeanFactory     : Autowiring by type from bean name 'jsonMixinModuleEntries' via factory method to bean named 'org.springframework.web.context.support.GenericWebApplicationContext@1bdaa23d'
2024-10-31T04:18:02.361+03:00 DEBUG 1912 --- [t1debut_project] [           main] o.s.b.f.s.DefaultListableBeanFactory     : Autowiring by type from bean name 'jsonMixinModule' via factory method to bean named 'org.springframework.web.context.support.GenericWebApplicationContext@1bdaa23d'
2024-10-31T04:18:02.361+03:00 DEBUG 1912 --- [t1debut_project] [           main] o.s.b.f.s.DefaultListableBeanFactory     : Autowiring by type from bean name 'jsonMixinModule' via factory method to bean named 'jsonMixinModuleEntries'
2024-10-31T04:18:02.363+03:00 DEBUG 1912 --- [t1debut_project] [           main] o.s.b.f.s.DefaultListableBeanFactory     : Creating shared instance of singleton bean 'jsonComponentModule'
2024-10-31T04:18:02.363+03:00 DEBUG 1912 --- [t1debut_project] [           main] o.s.b.f.s.DefaultListableBeanFactory     : Creating shared instance of singleton bean 'org.springframework.boot.autoconfigure.jackson.JacksonAutoConfiguration'
2024-10-31T04:18:02.369+03:00 DEBUG 1912 --- [t1debut_project] [           main] o.s.b.f.s.DefaultListableBeanFactory     : Creating shared instance of singleton bean 'jacksonGeoModule'
2024-10-31T04:18:02.369+03:00 DEBUG 1912 --- [t1debut_project] [           main] o.s.b.f.s.DefaultListableBeanFactory     : Creating shared instance of singleton bean 'org.springframework.data.web.config.SpringDataJacksonConfiguration'
2024-10-31T04:18:02.375+03:00 DEBUG 1912 --- [t1debut_project] [           main] o.s.b.f.s.DefaultListableBeanFactory     : Creating shared instance of singleton bean 'pageModule'
2024-10-31T04:18:02.379+03:00 DEBUG 1912 --- [t1debut_project] [           main] o.s.b.f.s.DefaultListableBeanFactory     : Autowiring by type from bean name 'jacksonObjectMapperBuilder' via factory method to bean named 'org.springframework.web.context.support.GenericWebApplicationContext@1bdaa23d'
2024-10-31T04:18:02.379+03:00 DEBUG 1912 --- [t1debut_project] [           main] o.s.b.f.s.DefaultListableBeanFactory     : Autowiring by type from bean name 'jacksonObjectMapperBuilder' via factory method to bean named 'standardJacksonObjectMapperBuilderCustomizer'
2024-10-31T04:18:02.382+03:00 DEBUG 1912 --- [t1debut_project] [           main] o.s.b.f.s.DefaultListableBeanFactory     : Autowiring by type from bean name 'jacksonObjectMapper' via factory method to bean named 'jacksonObjectMapperBuilder'
2024-10-31T04:18:02.404+03:00 DEBUG 1912 --- [t1debut_project] [           main] o.s.b.f.s.DefaultListableBeanFactory     : Autowiring by type from bean name 'mappingJackson2HttpMessageConverter' via factory method to bean named 'jacksonObjectMapper'
2024-10-31T04:18:02.462+03:00 DEBUG 1912 --- [t1debut_project] [           main] o.s.b.f.s.DefaultListableBeanFactory     : Creating shared instance of singleton bean 'resourceHandlerMapping'
2024-10-31T04:18:02.463+03:00 DEBUG 1912 --- [t1debut_project] [           main] o.s.b.f.s.DefaultListableBeanFactory     : Autowiring by type from bean name 'resourceHandlerMapping' via factory method to bean named 'mvcContentNegotiationManager'
2024-10-31T04:18:02.463+03:00 DEBUG 1912 --- [t1debut_project] [           main] o.s.b.f.s.DefaultListableBeanFactory     : Autowiring by type from bean name 'resourceHandlerMapping' via factory method to bean named 'mvcConversionService'
2024-10-31T04:18:02.463+03:00 DEBUG 1912 --- [t1debut_project] [           main] o.s.b.f.s.DefaultListableBeanFactory     : Autowiring by type from bean name 'resourceHandlerMapping' via factory method to bean named 'mvcResourceUrlProvider'
2024-10-31T04:18:03.112+03:00 DEBUG 1912 --- [t1debut_project] [           main] o.s.w.s.handler.SimpleUrlHandlerMapping  : Patterns [/webjars/**, /**, /swagger-ui*/*swagger-initializer.js, /swagger-ui*/**] in 'resourceHandlerMapping'
2024-10-31T04:18:03.115+03:00 DEBUG 1912 --- [t1debut_project] [           main] o.s.b.f.s.DefaultListableBeanFactory     : Creating shared instance of singleton bean 'defaultServletHandlerMapping'
2024-10-31T04:18:03.124+03:00 DEBUG 1912 --- [t1debut_project] [           main] o.s.b.f.s.DefaultListableBeanFactory     : Creating shared instance of singleton bean 'filterChain'
2024-10-31T04:18:03.125+03:00 DEBUG 1912 --- [t1debut_project] [           main] o.s.b.f.s.DefaultListableBeanFactory     : Autowiring by type from bean name 'filterChain' via factory method to bean named 'org.springframework.security.config.annotation.web.configuration.HttpSecurityConfiguration.httpSecurity'
2024-10-31T04:18:03.167+03:00 DEBUG 1912 --- [t1debut_project] [           main] o.s.s.web.DefaultSecurityFilterChain     : Will secure any request with filters: DisableEncodeUrlFilter, WebAsyncManagerIntegrationFilter, SecurityContextHolderFilter, HeaderWriterFilter, LogoutFilter, JwtAuthenticationFilter, RequestCacheAwareFilter, SecurityContextHolderAwareRequestFilter, AnonymousAuthenticationFilter, SessionManagementFilter, ExceptionTranslationFilter, AuthorizationFilter
2024-10-31T04:18:03.168+03:00 DEBUG 1912 --- [t1debut_project] [           main] o.s.b.f.s.DefaultListableBeanFactory     : Creating shared instance of singleton bean 'webSecurityCustomizer'
2024-10-31T04:18:03.170+03:00 DEBUG 1912 --- [t1debut_project] [           main] o.s.b.f.s.DefaultListableBeanFactory     : Creating shared instance of singleton bean 'delegatingApplicationListener'
2024-10-31T04:18:03.171+03:00 DEBUG 1912 --- [t1debut_project] [           main] o.s.b.f.s.DefaultListableBeanFactory     : Creating shared instance of singleton bean 'springSecurityFilterChain'
2024-10-31T04:18:03.175+03:00  WARN 1912 --- [t1debut_project] [           main] o.s.s.c.a.web.builders.WebSecurity       : You are asking Spring Security to ignore Deferred [Mvc [pattern='/swagger-ui/**'], Ant [pattern='/swagger-ui/**']]. This is not recommended -- please use permitAll via HttpSecurity#authorizeHttpRequests instead.
2024-10-31T04:18:03.175+03:00 DEBUG 1912 --- [t1debut_project] [           main] o.s.s.web.DefaultSecurityFilterChain     : Will not secure Deferred [Mvc [pattern='/swagger-ui/**'], Ant [pattern='/swagger-ui/**']]
2024-10-31T04:18:03.175+03:00  WARN 1912 --- [t1debut_project] [           main] o.s.s.c.a.web.builders.WebSecurity       : You are asking Spring Security to ignore Deferred [Mvc [pattern='/v3/api-docs/**'], Ant [pattern='/v3/api-docs/**']]. This is not recommended -- please use permitAll via HttpSecurity#authorizeHttpRequests instead.
2024-10-31T04:18:03.176+03:00 DEBUG 1912 --- [t1debut_project] [           main] o.s.s.web.DefaultSecurityFilterChain     : Will not secure Deferred [Mvc [pattern='/v3/api-docs/**'], Ant [pattern='/v3/api-docs/**']]
2024-10-31T04:18:03.185+03:00 DEBUG 1912 --- [t1debut_project] [           main] o.s.b.f.s.DefaultListableBeanFactory     : Creating shared instance of singleton bean 'webSecurityExpressionHandler'
2024-10-31T04:18:03.186+03:00 DEBUG 1912 --- [t1debut_project] [           main] o.s.b.f.s.DefaultListableBeanFactory     : Creating shared instance of singleton bean 'privilegeEvaluator'
2024-10-31T04:18:03.187+03:00 DEBUG 1912 --- [t1debut_project] [           main] o.s.b.f.s.DefaultListableBeanFactory     : Creating shared instance of singleton bean 'requestDataValueProcessor'
2024-10-31T04:18:03.189+03:00 DEBUG 1912 --- [t1debut_project] [           main] o.s.b.f.s.DefaultListableBeanFactory     : Creating shared instance of singleton bean '_prePostMethodSecurityConfiguration'
2024-10-31T04:18:03.192+03:00 DEBUG 1912 --- [t1debut_project] [           main] o.s.b.f.s.DefaultListableBeanFactory     : Creating shared instance of singleton bean 'org.springframework.security.config.annotation.method.configuration.AuthorizationProxyConfiguration'
2024-10-31T04:18:03.193+03:00 DEBUG 1912 --- [t1debut_project] [           main] o.s.b.f.s.DefaultListableBeanFactory     : Creating shared instance of singleton bean 'authenticationManager'
2024-10-31T04:18:03.193+03:00 DEBUG 1912 --- [t1debut_project] [           main] o.s.b.f.s.DefaultListableBeanFactory     : Autowiring by type from bean name 'authenticationManager' via factory method to bean named 'org.springframework.security.config.annotation.authentication.configuration.AuthenticationConfiguration'
2024-10-31T04:18:03.194+03:00 DEBUG 1912 --- [t1debut_project] [           main] o.s.b.f.s.DefaultListableBeanFactory     : Creating shared instance of singleton bean 'org.springframework.boot.autoconfigure.context.PropertyPlaceholderAutoConfiguration'
2024-10-31T04:18:03.195+03:00 DEBUG 1912 --- [t1debut_project] [           main] o.s.b.f.s.DefaultListableBeanFactory     : Creating shared instance of singleton bean 'org.springframework.boot.autoconfigure.ssl.SslAutoConfiguration'
2024-10-31T04:18:03.196+03:00 DEBUG 1912 --- [t1debut_project] [           main] o.s.b.f.s.DefaultListableBeanFactory     : Creating shared instance of singleton bean 'spring.ssl-org.springframework.boot.autoconfigure.ssl.SslProperties'
2024-10-31T04:18:03.198+03:00 DEBUG 1912 --- [t1debut_project] [           main] o.s.b.f.s.DefaultListableBeanFactory     : Autowiring by type from bean name 'org.springframework.boot.autoconfigure.ssl.SslAutoConfiguration' via constructor to bean named 'org.springframework.web.context.support.GenericWebApplicationContext@1bdaa23d'
2024-10-31T04:18:03.199+03:00 DEBUG 1912 --- [t1debut_project] [           main] o.s.b.f.s.DefaultListableBeanFactory     : Autowiring by type from bean name 'org.springframework.boot.autoconfigure.ssl.SslAutoConfiguration' via constructor to bean named 'spring.ssl-org.springframework.boot.autoconfigure.ssl.SslProperties'
[...]
      Matched:
         - @ConditionalOnClass found required class 'org.springframework.boot.context.properties.bind.BindResult' (OnClassCondition)

   SpringDocConfiguration#springdocBeanFactoryPostProcessor2:
      Did not match:
         - @ConditionalOnMissingClass found unwanted class 'org.springframework.boot.context.properties.bind.BindResult' (OnClassCondition)

   SpringDocConfiguration.SpringDocActuatorConfiguration:
      Did not match:
         - @ConditionalOnClass did not find required class 'org.springframework.boot.actuate.autoconfigure.endpoint.web.WebEndpointProperties' (OnClassCondition)

   SpringDocConfiguration.SpringDocRepositoryRestConfiguration:
      Did not match:
         - @ConditionalOnClass did not find required class 'org.springframework.data.rest.core.config.RepositoryRestConfiguration' (OnClassCondition)

   SpringDocConfiguration.SpringDocWebFluxSupportConfiguration:
      Did not match:
         - @ConditionalOnClass did not find required class 'reactor.core.publisher.Flux' (OnClassCondition)

   SpringDocDataRestConfiguration:
      Did not match:
         - @ConditionalOnClass did not find required class 'org.springframework.data.rest.core.config.RepositoryRestConfiguration' (OnClassCondition)

   SpringDocFunctionCatalogConfiguration:
      Did not match:
         - @ConditionalOnClass did not find required class 'org.springframework.cloud.function.web.function.FunctionEndpointInitializer' (OnClassCondition)

   SpringDocGroovyConfiguration:
      Did not match:
         - @ConditionalOnClass did not find required class 'groovy.lang.MetaClass' (OnClassCondition)

   SpringDocHateoasConfiguration:
      Did not match:
         - @ConditionalOnClass did not find required class 'org.springframework.hateoas.server.LinkRelationProvider' (OnClassCondition)

   SpringDocJacksonKotlinModuleConfiguration:
      Did not match:
         - @ConditionalOnClass did not find required class 'com.fasterxml.jackson.module.kotlin.KotlinModule' (OnClassCondition)

   SpringDocJavadocConfiguration:
      Did not match:
         - @ConditionalOnClass did not find required class 'com.github.therapi.runtimejavadoc.CommentFormatter' (OnClassCondition)

   SpringDocKotlinConfiguration:
      Did not match:
         - @ConditionalOnClass did not find required class 'kotlin.coroutines.Continuation' (OnClassCondition)

   SpringDocKotlinxConfiguration:
      Did not match:
         - @ConditionalOnClass did not find required class 'kotlinx.coroutines.flow.Flow' (OnClassCondition)

   SpringDocNativeConfiguration:
      Did not match:
         - @ConditionalOnExpression (#{${springdoc.api-docs.enabled:true} and ${springdoc.enable-native-support:false}}) resulted in false (OnExpressionCondition)
      Matched:
         - @ConditionalOnWebApplication (required) found 'session' scope (OnWebApplicationCondition)

   SpringDocSecurityConfiguration.SpringDocSecurityOAuth2Configuration:
      Did not match:
         - @ConditionalOnClass did not find required class 'org.springframework.security.oauth2.server.authorization.OAuth2AuthorizationService' (OnClassCondition)

   SpringDocSecurityConfiguration.SpringSecurityLoginEndpointConfiguration#springSecurityLoginEndpointCustomiser:
      Did not match:
         - @ConditionalOnProperty (springdoc.show-login-endpoint) did not find property 'springdoc.show-login-endpoint' (OnPropertyCondition)

   SpringDocSortConfiguration#delegatingMethodParameterCustomizer:
      Did not match:
         - @ConditionalOnMissingBean (types: org.springdoc.core.customizers.DelegatingMethodParameterCustomizer; SearchStrategy: all) found beans of type 'org.springdoc.core.customizers.DelegatingMethodParameterCustomizer' delegatingMethodParameterCustomizer (OnBeanCondition)

   SpringDocWebMvcConfiguration.SpringDocWebMvcActuatorConfiguration:
      Did not match:
         - @ConditionalOnClass did not find required class 'org.springframework.boot.actuate.endpoint.web.servlet.WebMvcEndpointHandlerMapping' (OnClassCondition)

   SwaggerConfig#springWebProvider:
      Did not match:
         - @ConditionalOnMissingBean (types: org.springdoc.core.providers.SpringWebProvider; SearchStrategy: all) found beans of type 'org.springdoc.core.providers.SpringWebProvider' springWebProvider (OnBeanCondition)

   SwaggerConfig#swaggerUiConfigParameters:
      Did not match:
         - @ConditionalOnMissingBean (types: org.springdoc.core.properties.SwaggerUiConfigParameters; SearchStrategy: all) found beans of type 'org.springdoc.core.properties.SwaggerUiConfigParameters' org.springdoc.core.properties.SwaggerUiConfigParameters (OnBeanCondition)

   SwaggerConfig#swaggerUiHome:
      Did not match:
         - @ConditionalOnProperty (springdoc.swagger-ui.use-root-path=true) did not find property 'springdoc.swagger-ui.use-root-path' (OnPropertyCondition)

   SwaggerConfig.SwaggerActuatorWelcomeConfiguration:
      Did not match:
         - @ConditionalOnClass did not find required class 'org.springframework.boot.actuate.endpoint.web.servlet.WebMvcEndpointHandlerMapping' (OnClassCondition)

   TaskExecutorConfigurations.SimpleAsyncTaskExecutorBuilderConfiguration#simpleAsyncTaskExecutorBuilderVirtualThreads:
      Did not match:
         - @ConditionalOnMissingBean (types: org.springframework.boot.task.SimpleAsyncTaskExecutorBuilder; SearchStrategy: all) found beans of type 'org.springframework.boot.task.SimpleAsyncTaskExecutorBuilder' simpleAsyncTaskExecutorBuilder (OnBeanCondition)

   TaskExecutorConfigurations.TaskExecutorConfiguration#applicationTaskExecutorVirtualThreads:
      Did not match:
         - @ConditionalOnThreading did not find VIRTUAL (OnThreadingCondition)

   TaskSchedulingAutoConfiguration#scheduledBeanLazyInitializationExcludeFilter:
      Did not match:
         - @ConditionalOnBean (names: org.springframework.context.annotation.internalScheduledAnnotationProcessor; SearchStrategy: all) did not find any beans named org.springframework.context.annotation.internalScheduledAnnotationProcessor (OnBeanCondition)

   TaskSchedulingConfigurations.SimpleAsyncTaskSchedulerBuilderConfiguration#simpleAsyncTaskSchedulerBuilderVirtualThreads:
      Did not match:
         - @ConditionalOnMissingBean (types: org.springframework.boot.task.SimpleAsyncTaskSchedulerBuilder; SearchStrategy: all) found beans of type 'org.springframework.boot.task.SimpleAsyncTaskSchedulerBuilder' simpleAsyncTaskSchedulerBuilder (OnBeanCondition)

   TaskSchedulingConfigurations.TaskSchedulerConfiguration:
      Did not match:
         - @ConditionalOnBean (names: org.springframework.context.annotation.internalScheduledAnnotationProcessor; SearchStrategy: all) did not find any beans named org.springframework.context.annotation.internalScheduledAnnotationProcessor (OnBeanCondition)

   ThymeleafAutoConfiguration:
      Did not match:
         - @ConditionalOnClass did not find required class 'org.thymeleaf.spring6.SpringTemplateEngine' (OnClassCondition)

   TransactionAutoConfiguration#transactionalOperator:
      Did not match:
         - @ConditionalOnSingleCandidate (types: org.springframework.transaction.ReactiveTransactionManager; SearchStrategy: all) did not find any beans (OnBeanCondition)

   TransactionAutoConfiguration.AspectJTransactionManagementConfiguration:
      Did not match:
         - @ConditionalOnBean (types: org.springframework.transaction.aspectj.AbstractTransactionAspect; SearchStrategy: all) did not find any beans of type org.springframework.transaction.aspectj.AbstractTransactionAspect (OnBeanCondition)

   TransactionAutoConfiguration.EnableTransactionManagementConfiguration.JdkDynamicAutoProxyConfiguration:
      Did not match:
         - @ConditionalOnProperty (spring.aop.proxy-target-class=false) did not find property 'proxy-target-class' (OnPropertyCondition)

   UserDetailsServiceAutoConfiguration:
      Did not match:
         - @ConditionalOnMissingBean (types: org.springframework.security.authentication.AuthenticationManager,org.springframework.security.authentication.AuthenticationProvider,org.springframework.security.core.userdetails.UserDetailsService,org.springframework.security.authentication.AuthenticationManagerResolver,org.springframework.security.oauth2.jwt.JwtDecoder; SearchStrategy: all) found beans of type 'org.springframework.security.authentication.AuthenticationManager' authenticationManager and found beans of type 'org.springframework.security.core.userdetails.UserDetailsService' userDetailsServiceImpl (OnBeanCondition)
      Matched:
         - @ConditionalOnClass found required class 'org.springframework.security.authentication.AuthenticationManager' (OnClassCondition)
         - AnyNestedCondition 1 matched 2 did not; NestedCondition on UserDetailsServiceAutoConfiguration.MissingAlternativeOrUserPropertiesConfigured.PasswordConfigured @ConditionalOnProperty (spring.security.user.password) did not find property 'password'; NestedCondition on UserDetailsServiceAutoConfiguration.MissingAlternativeOrUserPropertiesConfigured.NameConfigured @ConditionalOnProperty (spring.security.user.name) did not find property 'name'; NestedCondition on UserDetailsServiceAutoConfiguration.MissingAlternativeOrUserPropertiesConfigured.MissingAlternative @ConditionalOnMissingClass did not find unwanted classes 'org.springframework.security.oauth2.client.registration.ClientRegistrationRepository', 'org.springframework.security.oauth2.server.resource.introspection.OpaqueTokenIntrospector', 'org.springframework.security.saml2.provider.service.registration.RelyingPartyRegistrationRepository' (UserDetailsServiceAutoConfiguration.MissingAlternativeOrUserPropertiesConfigured)

   WebClientAutoConfiguration:
      Did not match:
         - @ConditionalOnClass did not find required class 'org.springframework.web.reactive.function.client.WebClient' (OnClassCondition)

   WebFluxAutoConfiguration:
      Did not match:
         - @ConditionalOnClass did not find required class 'org.springframework.web.reactive.config.WebFluxConfigurer' (OnClassCondition)

   WebMvcAutoConfiguration#hiddenHttpMethodFilter:
      Did not match:
         - @ConditionalOnProperty (spring.mvc.hiddenmethod.filter.enabled) did not find property 'enabled' (OnPropertyCondition)

   WebMvcAutoConfiguration.ProblemDetailsErrorHandlingConfiguration:
      Did not match:
         - @ConditionalOnProperty (spring.mvc.problemdetails.enabled=true) did not find property 'enabled' (OnPropertyCondition)

   WebMvcAutoConfiguration.WebMvcAutoConfigurationAdapter#beanNameViewResolver:
      Did not match:
         - @ConditionalOnMissingBean (types: org.springframework.web.servlet.view.BeanNameViewResolver; SearchStrategy: all) found beans of type 'org.springframework.web.servlet.view.BeanNameViewResolver' beanNameViewResolver (OnBeanCondition)

   WebServiceTemplateAutoConfiguration:
      Did not match:
         - @ConditionalOnClass did not find required class 'org.springframework.oxm.Marshaller' (OnClassCondition)

   WebServicesAutoConfiguration:
      Did not match:
         - @ConditionalOnClass did not find required class 'org.springframework.ws.transport.http.MessageDispatcherServlet' (OnClassCondition)

   WebSessionIdResolverAutoConfiguration:
      Did not match:
         - @ConditionalOnClass did not find required class 'reactor.core.publisher.Mono' (OnClassCondition)

   WebSocketMessagingAutoConfiguration:
      Did not match:
         - @ConditionalOnClass did not find required class 'org.springframework.web.socket.config.annotation.WebSocketMessageBrokerConfigurer' (OnClassCondition)

   WebSocketReactiveAutoConfiguration:
      Did not match:
         - @ConditionalOnWebApplication did not find reactive web application classes (OnWebApplicationCondition)

   WebSocketServletAutoConfiguration.JettyWebSocketConfiguration:
      Did not match:
         - @ConditionalOnClass did not find required class 'org.eclipse.jetty.ee10.websocket.jakarta.server.config.JakartaWebSocketServletContainerInitializer' (OnClassCondition)

   WebSocketServletAutoConfiguration.UndertowWebSocketConfiguration:
      Did not match:
         - @ConditionalOnClass did not find required class 'io.undertow.websockets.jsr.Bootstrap' (OnClassCondition)

   XADataSourceAutoConfiguration:
      Did not match:
         - @ConditionalOnBean (types: org.springframework.boot.jdbc.XADataSourceWrapper; SearchStrategy: all) did not find any beans of type org.springframework.boot.jdbc.XADataSourceWrapper (OnBeanCondition)
      Matched:
         - @ConditionalOnClass found required classes 'javax.sql.DataSource', 'jakarta.transaction.TransactionManager', 'org.springframework.jdbc.datasource.embedded.EmbeddedDatabaseType' (OnClassCondition)


Exclusions:
-----------

    None


Unconditional classes:
----------------------

    org.springframework.boot.autoconfigure.context.ConfigurationPropertiesAutoConfiguration

    org.springframework.boot.autoconfigure.ssl.SslAutoConfiguration

    org.springframework.boot.autoconfigure.context.PropertyPlaceholderAutoConfiguration

    org.springframework.boot.autoconfigure.context.LifecycleAutoConfiguration

    org.springframework.boot.autoconfigure.availability.ApplicationAvailabilityAutoConfiguration

    org.springframework.boot.autoconfigure.info.ProjectInfoAutoConfiguration



2024-10-31T04:18:03.806+03:00  INFO 1912 --- [t1debut_project] [           main] C.b.t.T1debutProjectApplicationTests     : Started T1debutProjectApplicationTests in 6.387 seconds (process running for 7.448)
2024-10-31T04:18:03.807+03:00 DEBUG 1912 --- [t1debut_project] [           main] o.s.b.a.ApplicationAvailabilityBean      : Application availability state LivenessState changed to CORRECT
2024-10-31T04:18:03.810+03:00 DEBUG 1912 --- [t1debut_project] [           main] o.s.boot.devtools.restart.Restarter      : Creating new Restarter for thread Thread[main,5,main]
2024-10-31T04:18:03.810+03:00 DEBUG 1912 --- [t1debut_project] [           main] o.s.b.a.ApplicationAvailabilityBean      : Application availability state ReadinessState changed to ACCEPTING_TRAFFIC
2024-10-31T04:18:03.812+03:00 DEBUG 1912 --- [t1debut_project] [           main] org.springframework.test.context.cache   : Spring test ApplicationContext cache statistics: [DefaultContextCache@dcf64d2 size = 1, maxSize = 32, parentContextCount = 0, hitCount = 0, missCount = 1, failureCount = 0]
2024-10-31T04:18:03.813+03:00 DEBUG 1912 --- [t1debut_project] [           main] o.s.t.c.w.ServletTestExecutionListener   : Setting up MockHttpServletRequest, MockHttpServletResponse, ServletWebRequest, and RequestContextHolder for test class ClubCard.backend.t1debut_project.T1debutProjectApplicationTests
2024-10-31T04:18:03.830+03:00 DEBUG 1912 --- [t1debut_project] [           main] DependencyInjectionTestExecutionListener : Performing dependency injection for test class ClubCard.backend.t1debut_project.T1debutProjectApplicationTests
2024-10-31T04:18:03.831+03:00 DEBUG 1912 --- [t1debut_project] [           main] org.springframework.test.context.cache   : Spring test ApplicationContext cache statistics: [DefaultContextCache@dcf64d2 size = 1, maxSize = 32, parentContextCount = 0, hitCount = 1, missCount = 1, failureCount = 0]
2024-10-31T04:18:03.832+03:00 DEBUG 1912 --- [t1debut_project] [           main] org.springframework.test.context.cache   : Spring test ApplicationContext cache statistics: [DefaultContextCache@dcf64d2 size = 1, maxSize = 32, parentContextCount = 0, hitCount = 2, missCount = 1, failureCount = 0]
2024-10-31T04:18:03.839+03:00 DEBUG 1912 --- [t1debut_project] [           main] sContextBeforeModesTestExecutionListener : Before test method: class [T1debutProjectApplicationTests], method [contextLoads], class annotated with @DirtiesContext [false] with mode [null], method annotated with @DirtiesContext [false] with mode [null]
2024-10-31T04:18:03.841+03:00 DEBUG 1912 --- [t1debut_project] [           main] org.springframework.test.context.cache   : Spring test ApplicationContext cache statistics: [DefaultContextCache@dcf64d2 size = 1, maxSize = 32, parentContextCount = 0, hitCount = 3, missCount = 1, failureCount = 0]
2024-10-31T04:18:03.842+03:00 DEBUG 1912 --- [t1debut_project] [           main] org.springframework.test.context.cache   : Spring test ApplicationContext cache statistics: [DefaultContextCache@dcf64d2 size = 1, maxSize = 32, parentContextCount = 0, hitCount = 4, missCount = 1, failureCount = 0]
2024-10-31T04:18:04.308+03:00 DEBUG 1912 --- [t1debut_project] [           main] org.springframework.test.context.cache   : Spring test ApplicationContext cache statistics: [DefaultContextCache@dcf64d2 size = 1, maxSize = 32, parentContextCount = 0, hitCount = 5, missCount = 1, failureCount = 0]
2024-10-31T04:18:04.315+03:00 DEBUG 1912 --- [t1debut_project] [           main] org.springframework.test.context.cache   : Spring test ApplicationContext cache statistics: [DefaultContextCache@dcf64d2 size = 1, maxSize = 32, parentContextCount = 0, hitCount = 6, missCount = 1, failureCount = 0]
2024-10-31T04:18:04.316+03:00 DEBUG 1912 --- [t1debut_project] [           main] org.springframework.test.context.cache   : Spring test ApplicationContext cache statistics: [DefaultContextCache@dcf64d2 size = 1, maxSize = 32, parentContextCount = 0, hitCount = 7, missCount = 1, failureCount = 0]
2024-10-31T04:18:04.316+03:00 DEBUG 1912 --- [t1debut_project] [           main] org.springframework.test.context.cache   : Spring test ApplicationContext cache statistics: [DefaultContextCache@dcf64d2 size = 1, maxSize = 32, parentContextCount = 0, hitCount = 8, missCount = 1, failureCount = 0]
2024-10-31T04:18:04.317+03:00 DEBUG 1912 --- [t1debut_project] [           main] org.springframework.test.context.cache   : Spring test ApplicationContext cache statistics: [DefaultContextCache@dcf64d2 size = 1, maxSize = 32, parentContextCount = 0, hitCount = 9, missCount = 1, failureCount = 0]
2024-10-31T04:18:04.318+03:00 DEBUG 1912 --- [t1debut_project] [           main] org.springframework.test.context.cache   : Spring test ApplicationContext cache statistics: [DefaultContextCache@dcf64d2 size = 1, maxSize = 32, parentContextCount = 0, hitCount = 10, missCount = 1, failureCount = 0]
2024-10-31T04:18:04.319+03:00 DEBUG 1912 --- [t1debut_project] [           main] org.springframework.test.context.cache   : Spring test ApplicationContext cache statistics: [DefaultContextCache@dcf64d2 size = 1, maxSize = 32, parentContextCount = 0, hitCount = 11, missCount = 1, failureCount = 0]
2024-10-31T04:18:04.321+03:00 DEBUG 1912 --- [t1debut_project] [           main] org.springframework.test.context.cache   : Spring test ApplicationContext cache statistics: [DefaultContextCache@dcf64d2 size = 1, maxSize = 32, parentContextCount = 0, hitCount = 12, missCount = 1, failureCount = 0]
2024-10-31T04:18:04.321+03:00 DEBUG 1912 --- [t1debut_project] [           main] .c.s.DirtiesContextTestExecutionListener : After test method: class [T1debutProjectApplicationTests], method [contextLoads], class annotated with @DirtiesContext [false] with mode [null], method annotated with @DirtiesContext [false] with mode [null]
2024-10-31T04:18:04.322+03:00 DEBUG 1912 --- [t1debut_project] [           main] o.s.t.c.w.ServletTestExecutionListener   : Resetting RequestContextHolder for test class ClubCard.backend.t1debut_project.T1debutProjectApplicationTests
]]></system-out>
  </testcase>
</testsuite>